ERROR - 2023-03-07 06:06:58 --> mysqli_sql_exception: Unknown column 'umt_anakpetak.kode_anakpetak_petak' in 'on clause' in D:\xampp\htdocs\KHDTK-APP\vendor\codeigniter4\framework\system\Database\MySQLi\Connection.php:292
Stack trace:
#0 D:\xampp\htdocs\KHDTK-APP\vendor\codeigniter4\framework\system\Database\MySQLi\Connection.php(292): mysqli->query('SELECT `umt_ana...', 0)
#1 D:\xampp\htdocs\KHDTK-APP\vendor\codeigniter4\framework\system\Database\BaseConnection.php(666): CodeIgniter\Database\MySQLi\Connection->execute('SELECT `umt_ana...')
#2 D:\xampp\htdocs\KHDTK-APP\vendor\codeigniter4\framework\system\Database\BaseConnection.php(593): CodeIgniter\Database\BaseConnection->simpleQuery('SELECT `umt_ana...')
#3 D:\xampp\htdocs\KHDTK-APP\vendor\codeigniter4\framework\system\Database\BaseBuilder.php(1585): CodeIgniter\Database\BaseConnection->query('SELECT `umt_ana...', Array, false)
#4 D:\xampp\htdocs\KHDTK-APP\app\Controllers\DetailMaps.php(42): CodeIgniter\Database\BaseBuilder->get()
#5 D:\xampp\htdocs\KHDTK-APP\vendor\codeigniter4\framework\system\CodeIgniter.php(927): App\Controllers\DetailMaps->index('407')
#6 D:\xampp\htdocs\KHDTK-APP\vendor\codeigniter4\framework\system\CodeIgniter.php(482): CodeIgniter\CodeIgniter->runController(Object(App\Controllers\DetailMaps))
#7 D:\xampp\htdocs\KHDTK-APP\vendor\codeigniter4\framework\system\CodeIgniter.php(351): CodeIgniter\CodeIgniter->handleRequest(NULL, Object(Config\Cache), false)
#8 D:\xampp\htdocs\KHDTK-APP\public\index.php(67): CodeIgniter\CodeIgniter->run()
#9 D:\xampp\htdocs\KHDTK-APP\vendor\codeigniter4\framework\system\Commands\Server\rewrite.php(46): require_once('D:\\xampp\\htdocs...')
#10 {main}
CRITICAL - 2023-03-07 06:06:58 --> Unknown column 'umt_anakpetak.kode_anakpetak_petak' in 'on clause'
in SYSTEMPATH\Database\MySQLi\Connection.php on line 292.
 1 SYSTEMPATH\Database\MySQLi\Connection.php(292): mysqli->query('SELECT `umt_anakpetak`.`kode_anak_petak` as `anakpetak`, `anak_petak`, `umt_anakpetak`.`luas` as `luasanakpetak`, `luas_ht`, `umt_anakpetak_tnm`.`kode_anakpetak_tnm` as `anakpetaktnm`, `jenis_lokal`, `inventarisasi_umt`.`kode_inven_umt` as `invenumt`, `inventarisasi_pu`.`kode_inven_pu` as `kodeinvenpu`, `ndvi`, `msavi`, `dbh`, `tinggi`, `lbds`, `volume`, `c`, `d`, `n`
FROM `umt_anakpetak`
JOIN `umt_anakpetak_tnm` ON `umt_anakpetak_tnm`.`kode_anak_petak` = `umt_anakpetak`.`kode_anakpetak_petak`
JOIN `inventarisasi_umt` ON `inventarisasi_umt`.`kode_cupet_tnm`  = `umt_cupet_tnm`.`kode_cupet_tnm`
JOIN `inventarisasi_pu` ON `inventarisasi_pu`.`kode_inven_umt`  = `inventarisasi_umt`.`kode_inven_umt`
JOIN `inventarisasi_umt_ukurkayu` ON `inventarisasi_umt_ukurkayu`.`kode_inven_pu`  = `inventarisasi_pu`.`kode_inven_pu`
WHERE `umt_anakpetak`.`id` = \'407\'', 0)
 2 SYSTEMPATH\Database\BaseConnection.php(666): CodeIgniter\Database\MySQLi\Connection->execute('SELECT `umt_anakpetak`.`kode_anak_petak` as `anakpetak`, `anak_petak`, `umt_anakpetak`.`luas` as `luasanakpetak`, `luas_ht`, `umt_anakpetak_tnm`.`kode_anakpetak_tnm` as `anakpetaktnm`, `jenis_lokal`, `inventarisasi_umt`.`kode_inven_umt` as `invenumt`, `inventarisasi_pu`.`kode_inven_pu` as `kodeinvenpu`, `ndvi`, `msavi`, `dbh`, `tinggi`, `lbds`, `volume`, `c`, `d`, `n`
FROM `umt_anakpetak`
JOIN `umt_anakpetak_tnm` ON `umt_anakpetak_tnm`.`kode_anak_petak` = `umt_anakpetak`.`kode_anakpetak_petak`
JOIN `inventarisasi_umt` ON `inventarisasi_umt`.`kode_cupet_tnm`  = `umt_cupet_tnm`.`kode_cupet_tnm`
JOIN `inventarisasi_pu` ON `inventarisasi_pu`.`kode_inven_umt`  = `inventarisasi_umt`.`kode_inven_umt`
JOIN `inventarisasi_umt_ukurkayu` ON `inventarisasi_umt_ukurkayu`.`kode_inven_pu`  = `inventarisasi_pu`.`kode_inven_pu`
WHERE `umt_anakpetak`.`id` = \'407\'')
 3 SYSTEMPATH\Database\BaseConnection.php(593): CodeIgniter\Database\BaseConnection->simpleQuery('SELECT `umt_anakpetak`.`kode_anak_petak` as `anakpetak`, `anak_petak`, `umt_anakpetak`.`luas` as `luasanakpetak`, `luas_ht`, `umt_anakpetak_tnm`.`kode_anakpetak_tnm` as `anakpetaktnm`, `jenis_lokal`, `inventarisasi_umt`.`kode_inven_umt` as `invenumt`, `inventarisasi_pu`.`kode_inven_pu` as `kodeinvenpu`, `ndvi`, `msavi`, `dbh`, `tinggi`, `lbds`, `volume`, `c`, `d`, `n`
FROM `umt_anakpetak`
JOIN `umt_anakpetak_tnm` ON `umt_anakpetak_tnm`.`kode_anak_petak` = `umt_anakpetak`.`kode_anakpetak_petak`
JOIN `inventarisasi_umt` ON `inventarisasi_umt`.`kode_cupet_tnm`  = `umt_cupet_tnm`.`kode_cupet_tnm`
JOIN `inventarisasi_pu` ON `inventarisasi_pu`.`kode_inven_umt`  = `inventarisasi_umt`.`kode_inven_umt`
JOIN `inventarisasi_umt_ukurkayu` ON `inventarisasi_umt_ukurkayu`.`kode_inven_pu`  = `inventarisasi_pu`.`kode_inven_pu`
WHERE `umt_anakpetak`.`id` = \'407\'')
 4 SYSTEMPATH\Database\BaseBuilder.php(1585): CodeIgniter\Database\BaseConnection->query('SELECT `umt_anakpetak`.`kode_anak_petak` as `anakpetak`, `anak_petak`, `umt_anakpetak`.`luas` as `luasanakpetak`, `luas_ht`, `umt_anakpetak_tnm`.`kode_anakpetak_tnm` as `anakpetaktnm`, `jenis_lokal`, `inventarisasi_umt`.`kode_inven_umt` as `invenumt`, `inventarisasi_pu`.`kode_inven_pu` as `kodeinvenpu`, `ndvi`, `msavi`, `dbh`, `tinggi`, `lbds`, `volume`, `c`, `d`, `n`
FROM `umt_anakpetak`
JOIN `umt_anakpetak_tnm` ON `umt_anakpetak_tnm`.`kode_anak_petak` = `umt_anakpetak`.`kode_anakpetak_petak`
JOIN `inventarisasi_umt` ON `inventarisasi_umt`.`kode_cupet_tnm`  = `umt_cupet_tnm`.`kode_cupet_tnm`
JOIN `inventarisasi_pu` ON `inventarisasi_pu`.`kode_inven_umt`  = `inventarisasi_umt`.`kode_inven_umt`
JOIN `inventarisasi_umt_ukurkayu` ON `inventarisasi_umt_ukurkayu`.`kode_inven_pu`  = `inventarisasi_pu`.`kode_inven_pu`
WHERE `umt_anakpetak`.`id` = :umt_anakpetak.id:', [...], false)
 5 APPPATH\Controllers\DetailMaps.php(42): CodeIgniter\Database\BaseBuilder->get()
 6 SYSTEMPATH\CodeIgniter.php(927): App\Controllers\DetailMaps->index('407')
 7 SYSTEMPATH\CodeIgniter.php(482): CodeIgniter\CodeIgniter->runController(Object(App\Controllers\DetailMaps))
 8 SYSTEMPATH\CodeIgniter.php(351): CodeIgniter\CodeIgniter->handleRequest(null, Object(Config\Cache), false)
 9 FCPATH\index.php(67): CodeIgniter\CodeIgniter->run()
10 SYSTEMPATH\Commands\Server\rewrite.php(46): require_once('FCPATH\\index.php')
CRITICAL - 2023-03-07 06:10:50 --> Undefined property: stdClass::$KodeAnakPe
in APPPATH\Controllers\DetailMaps.php on line 18.
 1 APPPATH\Controllers\DetailMaps.php(18): CodeIgniter\Debug\Exceptions->errorHandler(8, 'Undefined property: stdClass::$KodeAnakPe', 'APPPATH\\Controllers\\DetailMaps.php', 18, [...])
 2 SYSTEMPATH\CodeIgniter.php(927): App\Controllers\DetailMaps->index('131')
 3 SYSTEMPATH\CodeIgniter.php(482): CodeIgniter\CodeIgniter->runController(Object(App\Controllers\DetailMaps))
 4 SYSTEMPATH\CodeIgniter.php(351): CodeIgniter\CodeIgniter->handleRequest(null, Object(Config\Cache), false)
 5 FCPATH\index.php(67): CodeIgniter\CodeIgniter->run()
 6 SYSTEMPATH\Commands\Server\rewrite.php(46): require_once('FCPATH\\index.php')
ERROR - 2023-03-07 06:11:11 --> mysqli_sql_exception: Unknown column 'umt_anakpetak.kode_anakpetak_petak' in 'on clause' in D:\xampp\htdocs\KHDTK-APP\vendor\codeigniter4\framework\system\Database\MySQLi\Connection.php:292
Stack trace:
#0 D:\xampp\htdocs\KHDTK-APP\vendor\codeigniter4\framework\system\Database\MySQLi\Connection.php(292): mysqli->query('SELECT `umt_ana...', 0)
#1 D:\xampp\htdocs\KHDTK-APP\vendor\codeigniter4\framework\system\Database\BaseConnection.php(666): CodeIgniter\Database\MySQLi\Connection->execute('SELECT `umt_ana...')
#2 D:\xampp\htdocs\KHDTK-APP\vendor\codeigniter4\framework\system\Database\BaseConnection.php(593): CodeIgniter\Database\BaseConnection->simpleQuery('SELECT `umt_ana...')
#3 D:\xampp\htdocs\KHDTK-APP\vendor\codeigniter4\framework\system\Database\BaseBuilder.php(1585): CodeIgniter\Database\BaseConnection->query('SELECT `umt_ana...', Array, false)
#4 D:\xampp\htdocs\KHDTK-APP\app\Controllers\DetailMaps.php(42): CodeIgniter\Database\BaseBuilder->get()
#5 D:\xampp\htdocs\KHDTK-APP\vendor\codeigniter4\framework\system\CodeIgniter.php(927): App\Controllers\DetailMaps->index('131')
#6 D:\xampp\htdocs\KHDTK-APP\vendor\codeigniter4\framework\system\CodeIgniter.php(482): CodeIgniter\CodeIgniter->runController(Object(App\Controllers\DetailMaps))
#7 D:\xampp\htdocs\KHDTK-APP\vendor\codeigniter4\framework\system\CodeIgniter.php(351): CodeIgniter\CodeIgniter->handleRequest(NULL, Object(Config\Cache), false)
#8 D:\xampp\htdocs\KHDTK-APP\public\index.php(67): CodeIgniter\CodeIgniter->run()
#9 D:\xampp\htdocs\KHDTK-APP\vendor\codeigniter4\framework\system\Commands\Server\rewrite.php(46): require_once('D:\\xampp\\htdocs...')
#10 {main}
CRITICAL - 2023-03-07 06:11:11 --> Unknown column 'umt_anakpetak.kode_anakpetak_petak' in 'on clause'
in SYSTEMPATH\Database\MySQLi\Connection.php on line 292.
 1 SYSTEMPATH\Database\MySQLi\Connection.php(292): mysqli->query('SELECT `umt_anakpetak`.`kode_anak_petak` as `anakpetak`, `anak_petak`, `umt_anakpetak`.`luas` as `luasanakpetak`, `luas_ht`, `umt_anakpetak_tnm`.`kode_anakpetak_tnm` as `anakpetaktnm`, `jenis_lokal`, `inventarisasi_umt`.`kode_inven_umt` as `invenumt`, `inventarisasi_pu`.`kode_inven_pu` as `kodeinvenpu`, `ndvi`, `msavi`, `dbh`, `tinggi`, `lbds`, `volume`, `c`, `d`, `n`
FROM `umt_anakpetak`
JOIN `umt_anakpetak_tnm` ON `umt_anakpetak_tnm`.`kode_anak_petak` = `umt_anakpetak`.`kode_anakpetak_petak`
JOIN `inventarisasi_umt` ON `inventarisasi_umt`.`kode_cupet_tnm`  = `umt_cupet_tnm`.`kode_cupet_tnm`
JOIN `inventarisasi_pu` ON `inventarisasi_pu`.`kode_inven_umt`  = `inventarisasi_umt`.`kode_inven_umt`
JOIN `inventarisasi_umt_ukurkayu` ON `inventarisasi_umt_ukurkayu`.`kode_inven_pu`  = `inventarisasi_pu`.`kode_inven_pu`
WHERE `umt_anakpetak`.`id` = \'131\'', 0)
 2 SYSTEMPATH\Database\BaseConnection.php(666): CodeIgniter\Database\MySQLi\Connection->execute('SELECT `umt_anakpetak`.`kode_anak_petak` as `anakpetak`, `anak_petak`, `umt_anakpetak`.`luas` as `luasanakpetak`, `luas_ht`, `umt_anakpetak_tnm`.`kode_anakpetak_tnm` as `anakpetaktnm`, `jenis_lokal`, `inventarisasi_umt`.`kode_inven_umt` as `invenumt`, `inventarisasi_pu`.`kode_inven_pu` as `kodeinvenpu`, `ndvi`, `msavi`, `dbh`, `tinggi`, `lbds`, `volume`, `c`, `d`, `n`
FROM `umt_anakpetak`
JOIN `umt_anakpetak_tnm` ON `umt_anakpetak_tnm`.`kode_anak_petak` = `umt_anakpetak`.`kode_anakpetak_petak`
JOIN `inventarisasi_umt` ON `inventarisasi_umt`.`kode_cupet_tnm`  = `umt_cupet_tnm`.`kode_cupet_tnm`
JOIN `inventarisasi_pu` ON `inventarisasi_pu`.`kode_inven_umt`  = `inventarisasi_umt`.`kode_inven_umt`
JOIN `inventarisasi_umt_ukurkayu` ON `inventarisasi_umt_ukurkayu`.`kode_inven_pu`  = `inventarisasi_pu`.`kode_inven_pu`
WHERE `umt_anakpetak`.`id` = \'131\'')
 3 SYSTEMPATH\Database\BaseConnection.php(593): CodeIgniter\Database\BaseConnection->simpleQuery('SELECT `umt_anakpetak`.`kode_anak_petak` as `anakpetak`, `anak_petak`, `umt_anakpetak`.`luas` as `luasanakpetak`, `luas_ht`, `umt_anakpetak_tnm`.`kode_anakpetak_tnm` as `anakpetaktnm`, `jenis_lokal`, `inventarisasi_umt`.`kode_inven_umt` as `invenumt`, `inventarisasi_pu`.`kode_inven_pu` as `kodeinvenpu`, `ndvi`, `msavi`, `dbh`, `tinggi`, `lbds`, `volume`, `c`, `d`, `n`
FROM `umt_anakpetak`
JOIN `umt_anakpetak_tnm` ON `umt_anakpetak_tnm`.`kode_anak_petak` = `umt_anakpetak`.`kode_anakpetak_petak`
JOIN `inventarisasi_umt` ON `inventarisasi_umt`.`kode_cupet_tnm`  = `umt_cupet_tnm`.`kode_cupet_tnm`
JOIN `inventarisasi_pu` ON `inventarisasi_pu`.`kode_inven_umt`  = `inventarisasi_umt`.`kode_inven_umt`
JOIN `inventarisasi_umt_ukurkayu` ON `inventarisasi_umt_ukurkayu`.`kode_inven_pu`  = `inventarisasi_pu`.`kode_inven_pu`
WHERE `umt_anakpetak`.`id` = \'131\'')
 4 SYSTEMPATH\Database\BaseBuilder.php(1585): CodeIgniter\Database\BaseConnection->query('SELECT `umt_anakpetak`.`kode_anak_petak` as `anakpetak`, `anak_petak`, `umt_anakpetak`.`luas` as `luasanakpetak`, `luas_ht`, `umt_anakpetak_tnm`.`kode_anakpetak_tnm` as `anakpetaktnm`, `jenis_lokal`, `inventarisasi_umt`.`kode_inven_umt` as `invenumt`, `inventarisasi_pu`.`kode_inven_pu` as `kodeinvenpu`, `ndvi`, `msavi`, `dbh`, `tinggi`, `lbds`, `volume`, `c`, `d`, `n`
FROM `umt_anakpetak`
JOIN `umt_anakpetak_tnm` ON `umt_anakpetak_tnm`.`kode_anak_petak` = `umt_anakpetak`.`kode_anakpetak_petak`
JOIN `inventarisasi_umt` ON `inventarisasi_umt`.`kode_cupet_tnm`  = `umt_cupet_tnm`.`kode_cupet_tnm`
JOIN `inventarisasi_pu` ON `inventarisasi_pu`.`kode_inven_umt`  = `inventarisasi_umt`.`kode_inven_umt`
JOIN `inventarisasi_umt_ukurkayu` ON `inventarisasi_umt_ukurkayu`.`kode_inven_pu`  = `inventarisasi_pu`.`kode_inven_pu`
WHERE `umt_anakpetak`.`id` = :umt_anakpetak.id:', [...], false)
 5 APPPATH\Controllers\DetailMaps.php(42): CodeIgniter\Database\BaseBuilder->get()
 6 SYSTEMPATH\CodeIgniter.php(927): App\Controllers\DetailMaps->index('131')
 7 SYSTEMPATH\CodeIgniter.php(482): CodeIgniter\CodeIgniter->runController(Object(App\Controllers\DetailMaps))
 8 SYSTEMPATH\CodeIgniter.php(351): CodeIgniter\CodeIgniter->handleRequest(null, Object(Config\Cache), false)
 9 FCPATH\index.php(67): CodeIgniter\CodeIgniter->run()
10 SYSTEMPATH\Commands\Server\rewrite.php(46): require_once('FCPATH\\index.php')
ERROR - 2023-03-07 06:12:03 --> mysqli_sql_exception: Unknown column 'umt_anakpetak.petak_petak' in 'on clause' in D:\xampp\htdocs\KHDTK-APP\vendor\codeigniter4\framework\system\Database\MySQLi\Connection.php:292
Stack trace:
#0 D:\xampp\htdocs\KHDTK-APP\vendor\codeigniter4\framework\system\Database\MySQLi\Connection.php(292): mysqli->query('SELECT `umt_ana...', 0)
#1 D:\xampp\htdocs\KHDTK-APP\vendor\codeigniter4\framework\system\Database\BaseConnection.php(666): CodeIgniter\Database\MySQLi\Connection->execute('SELECT `umt_ana...')
#2 D:\xampp\htdocs\KHDTK-APP\vendor\codeigniter4\framework\system\Database\BaseConnection.php(593): CodeIgniter\Database\BaseConnection->simpleQuery('SELECT `umt_ana...')
#3 D:\xampp\htdocs\KHDTK-APP\vendor\codeigniter4\framework\system\Database\BaseBuilder.php(1585): CodeIgniter\Database\BaseConnection->query('SELECT `umt_ana...', Array, false)
#4 D:\xampp\htdocs\KHDTK-APP\app\Controllers\DetailMaps.php(42): CodeIgniter\Database\BaseBuilder->get()
#5 D:\xampp\htdocs\KHDTK-APP\vendor\codeigniter4\framework\system\CodeIgniter.php(927): App\Controllers\DetailMaps->index('131')
#6 D:\xampp\htdocs\KHDTK-APP\vendor\codeigniter4\framework\system\CodeIgniter.php(482): CodeIgniter\CodeIgniter->runController(Object(App\Controllers\DetailMaps))
#7 D:\xampp\htdocs\KHDTK-APP\vendor\codeigniter4\framework\system\CodeIgniter.php(351): CodeIgniter\CodeIgniter->handleRequest(NULL, Object(Config\Cache), false)
#8 D:\xampp\htdocs\KHDTK-APP\public\index.php(67): CodeIgniter\CodeIgniter->run()
#9 D:\xampp\htdocs\KHDTK-APP\vendor\codeigniter4\framework\system\Commands\Server\rewrite.php(46): require_once('D:\\xampp\\htdocs...')
#10 {main}
CRITICAL - 2023-03-07 06:12:03 --> Unknown column 'umt_anakpetak.petak_petak' in 'on clause'
in SYSTEMPATH\Database\MySQLi\Connection.php on line 292.
 1 SYSTEMPATH\Database\MySQLi\Connection.php(292): mysqli->query('SELECT `umt_anakpetak`.`kode_anak_petak` as `anakpetak`, `anak_petak`, `umt_anakpetak`.`luas` as `luasanakpetak`, `luas_ht`, `umt_anakpetak_tnm`.`kode_anakpetak_tnm` as `anakpetaktnm`, `jenis_lokal`, `inventarisasi_umt`.`kode_inven_umt` as `invenumt`, `inventarisasi_pu`.`kode_inven_pu` as `kodeinvenpu`, `ndvi`, `msavi`, `dbh`, `tinggi`, `lbds`, `volume`, `c`, `d`, `n`
FROM `umt_anakpetak`
JOIN `umt_anakpetak_tnm` ON `umt_anakpetak_tnm`.`kode_anak_petak` = `umt_anakpetak`.`petak_petak`
JOIN `inventarisasi_umt` ON `inventarisasi_umt`.`kode_cupet_tnm`  = `umt_cupet_tnm`.`kode_cupet_tnm`
JOIN `inventarisasi_pu` ON `inventarisasi_pu`.`kode_inven_umt`  = `inventarisasi_umt`.`kode_inven_umt`
JOIN `inventarisasi_umt_ukurkayu` ON `inventarisasi_umt_ukurkayu`.`kode_inven_pu`  = `inventarisasi_pu`.`kode_inven_pu`
WHERE `umt_anakpetak`.`id` = \'131\'', 0)
 2 SYSTEMPATH\Database\BaseConnection.php(666): CodeIgniter\Database\MySQLi\Connection->execute('SELECT `umt_anakpetak`.`kode_anak_petak` as `anakpetak`, `anak_petak`, `umt_anakpetak`.`luas` as `luasanakpetak`, `luas_ht`, `umt_anakpetak_tnm`.`kode_anakpetak_tnm` as `anakpetaktnm`, `jenis_lokal`, `inventarisasi_umt`.`kode_inven_umt` as `invenumt`, `inventarisasi_pu`.`kode_inven_pu` as `kodeinvenpu`, `ndvi`, `msavi`, `dbh`, `tinggi`, `lbds`, `volume`, `c`, `d`, `n`
FROM `umt_anakpetak`
JOIN `umt_anakpetak_tnm` ON `umt_anakpetak_tnm`.`kode_anak_petak` = `umt_anakpetak`.`petak_petak`
JOIN `inventarisasi_umt` ON `inventarisasi_umt`.`kode_cupet_tnm`  = `umt_cupet_tnm`.`kode_cupet_tnm`
JOIN `inventarisasi_pu` ON `inventarisasi_pu`.`kode_inven_umt`  = `inventarisasi_umt`.`kode_inven_umt`
JOIN `inventarisasi_umt_ukurkayu` ON `inventarisasi_umt_ukurkayu`.`kode_inven_pu`  = `inventarisasi_pu`.`kode_inven_pu`
WHERE `umt_anakpetak`.`id` = \'131\'')
 3 SYSTEMPATH\Database\BaseConnection.php(593): CodeIgniter\Database\BaseConnection->simpleQuery('SELECT `umt_anakpetak`.`kode_anak_petak` as `anakpetak`, `anak_petak`, `umt_anakpetak`.`luas` as `luasanakpetak`, `luas_ht`, `umt_anakpetak_tnm`.`kode_anakpetak_tnm` as `anakpetaktnm`, `jenis_lokal`, `inventarisasi_umt`.`kode_inven_umt` as `invenumt`, `inventarisasi_pu`.`kode_inven_pu` as `kodeinvenpu`, `ndvi`, `msavi`, `dbh`, `tinggi`, `lbds`, `volume`, `c`, `d`, `n`
FROM `umt_anakpetak`
JOIN `umt_anakpetak_tnm` ON `umt_anakpetak_tnm`.`kode_anak_petak` = `umt_anakpetak`.`petak_petak`
JOIN `inventarisasi_umt` ON `inventarisasi_umt`.`kode_cupet_tnm`  = `umt_cupet_tnm`.`kode_cupet_tnm`
JOIN `inventarisasi_pu` ON `inventarisasi_pu`.`kode_inven_umt`  = `inventarisasi_umt`.`kode_inven_umt`
JOIN `inventarisasi_umt_ukurkayu` ON `inventarisasi_umt_ukurkayu`.`kode_inven_pu`  = `inventarisasi_pu`.`kode_inven_pu`
WHERE `umt_anakpetak`.`id` = \'131\'')
 4 SYSTEMPATH\Database\BaseBuilder.php(1585): CodeIgniter\Database\BaseConnection->query('SELECT `umt_anakpetak`.`kode_anak_petak` as `anakpetak`, `anak_petak`, `umt_anakpetak`.`luas` as `luasanakpetak`, `luas_ht`, `umt_anakpetak_tnm`.`kode_anakpetak_tnm` as `anakpetaktnm`, `jenis_lokal`, `inventarisasi_umt`.`kode_inven_umt` as `invenumt`, `inventarisasi_pu`.`kode_inven_pu` as `kodeinvenpu`, `ndvi`, `msavi`, `dbh`, `tinggi`, `lbds`, `volume`, `c`, `d`, `n`
FROM `umt_anakpetak`
JOIN `umt_anakpetak_tnm` ON `umt_anakpetak_tnm`.`kode_anak_petak` = `umt_anakpetak`.`petak_petak`
JOIN `inventarisasi_umt` ON `inventarisasi_umt`.`kode_cupet_tnm`  = `umt_cupet_tnm`.`kode_cupet_tnm`
JOIN `inventarisasi_pu` ON `inventarisasi_pu`.`kode_inven_umt`  = `inventarisasi_umt`.`kode_inven_umt`
JOIN `inventarisasi_umt_ukurkayu` ON `inventarisasi_umt_ukurkayu`.`kode_inven_pu`  = `inventarisasi_pu`.`kode_inven_pu`
WHERE `umt_anakpetak`.`id` = :umt_anakpetak.id:', [...], false)
 5 APPPATH\Controllers\DetailMaps.php(42): CodeIgniter\Database\BaseBuilder->get()
 6 SYSTEMPATH\CodeIgniter.php(927): App\Controllers\DetailMaps->index('131')
 7 SYSTEMPATH\CodeIgniter.php(482): CodeIgniter\CodeIgniter->runController(Object(App\Controllers\DetailMaps))
 8 SYSTEMPATH\CodeIgniter.php(351): CodeIgniter\CodeIgniter->handleRequest(null, Object(Config\Cache), false)
 9 FCPATH\index.php(67): CodeIgniter\CodeIgniter->run()
10 SYSTEMPATH\Commands\Server\rewrite.php(46): require_once('FCPATH\\index.php')
ERROR - 2023-03-07 06:12:38 --> mysqli_sql_exception: Unknown column 'inventarisasi_umt.kode_cupet_tnm' in 'on clause' in D:\xampp\htdocs\KHDTK-APP\vendor\codeigniter4\framework\system\Database\MySQLi\Connection.php:292
Stack trace:
#0 D:\xampp\htdocs\KHDTK-APP\vendor\codeigniter4\framework\system\Database\MySQLi\Connection.php(292): mysqli->query('SELECT `umt_ana...', 0)
#1 D:\xampp\htdocs\KHDTK-APP\vendor\codeigniter4\framework\system\Database\BaseConnection.php(666): CodeIgniter\Database\MySQLi\Connection->execute('SELECT `umt_ana...')
#2 D:\xampp\htdocs\KHDTK-APP\vendor\codeigniter4\framework\system\Database\BaseConnection.php(593): CodeIgniter\Database\BaseConnection->simpleQuery('SELECT `umt_ana...')
#3 D:\xampp\htdocs\KHDTK-APP\vendor\codeigniter4\framework\system\Database\BaseBuilder.php(1585): CodeIgniter\Database\BaseConnection->query('SELECT `umt_ana...', Array, false)
#4 D:\xampp\htdocs\KHDTK-APP\app\Controllers\DetailMaps.php(42): CodeIgniter\Database\BaseBuilder->get()
#5 D:\xampp\htdocs\KHDTK-APP\vendor\codeigniter4\framework\system\CodeIgniter.php(927): App\Controllers\DetailMaps->index('131')
#6 D:\xampp\htdocs\KHDTK-APP\vendor\codeigniter4\framework\system\CodeIgniter.php(482): CodeIgniter\CodeIgniter->runController(Object(App\Controllers\DetailMaps))
#7 D:\xampp\htdocs\KHDTK-APP\vendor\codeigniter4\framework\system\CodeIgniter.php(351): CodeIgniter\CodeIgniter->handleRequest(NULL, Object(Config\Cache), false)
#8 D:\xampp\htdocs\KHDTK-APP\public\index.php(67): CodeIgniter\CodeIgniter->run()
#9 D:\xampp\htdocs\KHDTK-APP\vendor\codeigniter4\framework\system\Commands\Server\rewrite.php(46): require_once('D:\\xampp\\htdocs...')
#10 {main}
CRITICAL - 2023-03-07 06:12:38 --> Unknown column 'inventarisasi_umt.kode_cupet_tnm' in 'on clause'
in SYSTEMPATH\Database\MySQLi\Connection.php on line 292.
 1 SYSTEMPATH\Database\MySQLi\Connection.php(292): mysqli->query('SELECT `umt_anakpetak`.`kode_anak_petak` as `anakpetak`, `anak_petak`, `umt_anakpetak`.`luas` as `luasanakpetak`, `luas_ht`, `umt_anakpetak_tnm`.`kode_anakpetak_tnm` as `anakpetaktnm`, `jenis_lokal`, `inventarisasi_umt`.`kode_inven_umt` as `invenumt`, `inventarisasi_pu`.`kode_inven_pu` as `kodeinvenpu`, `ndvi`, `msavi`, `dbh`, `tinggi`, `lbds`, `volume`, `c`, `d`, `n`
FROM `umt_anakpetak`
JOIN `umt_anakpetak_tnm` ON `umt_anakpetak_tnm`.`kode_anak_petak` = `umt_anakpetak`.`kode_anak_petak`
JOIN `inventarisasi_umt` ON `inventarisasi_umt`.`kode_cupet_tnm`  = `umt_cupet_tnm`.`kode_cupet_tnm`
JOIN `inventarisasi_pu` ON `inventarisasi_pu`.`kode_inven_umt`  = `inventarisasi_umt`.`kode_inven_umt`
JOIN `inventarisasi_umt_ukurkayu` ON `inventarisasi_umt_ukurkayu`.`kode_inven_pu`  = `inventarisasi_pu`.`kode_inven_pu`
WHERE `umt_anakpetak`.`id` = \'131\'', 0)
 2 SYSTEMPATH\Database\BaseConnection.php(666): CodeIgniter\Database\MySQLi\Connection->execute('SELECT `umt_anakpetak`.`kode_anak_petak` as `anakpetak`, `anak_petak`, `umt_anakpetak`.`luas` as `luasanakpetak`, `luas_ht`, `umt_anakpetak_tnm`.`kode_anakpetak_tnm` as `anakpetaktnm`, `jenis_lokal`, `inventarisasi_umt`.`kode_inven_umt` as `invenumt`, `inventarisasi_pu`.`kode_inven_pu` as `kodeinvenpu`, `ndvi`, `msavi`, `dbh`, `tinggi`, `lbds`, `volume`, `c`, `d`, `n`
FROM `umt_anakpetak`
JOIN `umt_anakpetak_tnm` ON `umt_anakpetak_tnm`.`kode_anak_petak` = `umt_anakpetak`.`kode_anak_petak`
JOIN `inventarisasi_umt` ON `inventarisasi_umt`.`kode_cupet_tnm`  = `umt_cupet_tnm`.`kode_cupet_tnm`
JOIN `inventarisasi_pu` ON `inventarisasi_pu`.`kode_inven_umt`  = `inventarisasi_umt`.`kode_inven_umt`
JOIN `inventarisasi_umt_ukurkayu` ON `inventarisasi_umt_ukurkayu`.`kode_inven_pu`  = `inventarisasi_pu`.`kode_inven_pu`
WHERE `umt_anakpetak`.`id` = \'131\'')
 3 SYSTEMPATH\Database\BaseConnection.php(593): CodeIgniter\Database\BaseConnection->simpleQuery('SELECT `umt_anakpetak`.`kode_anak_petak` as `anakpetak`, `anak_petak`, `umt_anakpetak`.`luas` as `luasanakpetak`, `luas_ht`, `umt_anakpetak_tnm`.`kode_anakpetak_tnm` as `anakpetaktnm`, `jenis_lokal`, `inventarisasi_umt`.`kode_inven_umt` as `invenumt`, `inventarisasi_pu`.`kode_inven_pu` as `kodeinvenpu`, `ndvi`, `msavi`, `dbh`, `tinggi`, `lbds`, `volume`, `c`, `d`, `n`
FROM `umt_anakpetak`
JOIN `umt_anakpetak_tnm` ON `umt_anakpetak_tnm`.`kode_anak_petak` = `umt_anakpetak`.`kode_anak_petak`
JOIN `inventarisasi_umt` ON `inventarisasi_umt`.`kode_cupet_tnm`  = `umt_cupet_tnm`.`kode_cupet_tnm`
JOIN `inventarisasi_pu` ON `inventarisasi_pu`.`kode_inven_umt`  = `inventarisasi_umt`.`kode_inven_umt`
JOIN `inventarisasi_umt_ukurkayu` ON `inventarisasi_umt_ukurkayu`.`kode_inven_pu`  = `inventarisasi_pu`.`kode_inven_pu`
WHERE `umt_anakpetak`.`id` = \'131\'')
 4 SYSTEMPATH\Database\BaseBuilder.php(1585): CodeIgniter\Database\BaseConnection->query('SELECT `umt_anakpetak`.`kode_anak_petak` as `anakpetak`, `anak_petak`, `umt_anakpetak`.`luas` as `luasanakpetak`, `luas_ht`, `umt_anakpetak_tnm`.`kode_anakpetak_tnm` as `anakpetaktnm`, `jenis_lokal`, `inventarisasi_umt`.`kode_inven_umt` as `invenumt`, `inventarisasi_pu`.`kode_inven_pu` as `kodeinvenpu`, `ndvi`, `msavi`, `dbh`, `tinggi`, `lbds`, `volume`, `c`, `d`, `n`
FROM `umt_anakpetak`
JOIN `umt_anakpetak_tnm` ON `umt_anakpetak_tnm`.`kode_anak_petak` = `umt_anakpetak`.`kode_anak_petak`
JOIN `inventarisasi_umt` ON `inventarisasi_umt`.`kode_cupet_tnm`  = `umt_cupet_tnm`.`kode_cupet_tnm`
JOIN `inventarisasi_pu` ON `inventarisasi_pu`.`kode_inven_umt`  = `inventarisasi_umt`.`kode_inven_umt`
JOIN `inventarisasi_umt_ukurkayu` ON `inventarisasi_umt_ukurkayu`.`kode_inven_pu`  = `inventarisasi_pu`.`kode_inven_pu`
WHERE `umt_anakpetak`.`id` = :umt_anakpetak.id:', [...], false)
 5 APPPATH\Controllers\DetailMaps.php(42): CodeIgniter\Database\BaseBuilder->get()
 6 SYSTEMPATH\CodeIgniter.php(927): App\Controllers\DetailMaps->index('131')
 7 SYSTEMPATH\CodeIgniter.php(482): CodeIgniter\CodeIgniter->runController(Object(App\Controllers\DetailMaps))
 8 SYSTEMPATH\CodeIgniter.php(351): CodeIgniter\CodeIgniter->handleRequest(null, Object(Config\Cache), false)
 9 FCPATH\index.php(67): CodeIgniter\CodeIgniter->run()
10 SYSTEMPATH\Commands\Server\rewrite.php(46): require_once('FCPATH\\index.php')
ERROR - 2023-03-07 06:13:44 --> mysqli_sql_exception: Unknown column 'inventarisasi_umt.kode_cupet_tnm' in 'on clause' in D:\xampp\htdocs\KHDTK-APP\vendor\codeigniter4\framework\system\Database\MySQLi\Connection.php:292
Stack trace:
#0 D:\xampp\htdocs\KHDTK-APP\vendor\codeigniter4\framework\system\Database\MySQLi\Connection.php(292): mysqli->query('SELECT `umt_ana...', 0)
#1 D:\xampp\htdocs\KHDTK-APP\vendor\codeigniter4\framework\system\Database\BaseConnection.php(666): CodeIgniter\Database\MySQLi\Connection->execute('SELECT `umt_ana...')
#2 D:\xampp\htdocs\KHDTK-APP\vendor\codeigniter4\framework\system\Database\BaseConnection.php(593): CodeIgniter\Database\BaseConnection->simpleQuery('SELECT `umt_ana...')
#3 D:\xampp\htdocs\KHDTK-APP\vendor\codeigniter4\framework\system\Database\BaseBuilder.php(1585): CodeIgniter\Database\BaseConnection->query('SELECT `umt_ana...', Array, false)
#4 D:\xampp\htdocs\KHDTK-APP\app\Controllers\DetailMaps.php(42): CodeIgniter\Database\BaseBuilder->get()
#5 D:\xampp\htdocs\KHDTK-APP\vendor\codeigniter4\framework\system\CodeIgniter.php(927): App\Controllers\DetailMaps->index('627')
#6 D:\xampp\htdocs\KHDTK-APP\vendor\codeigniter4\framework\system\CodeIgniter.php(482): CodeIgniter\CodeIgniter->runController(Object(App\Controllers\DetailMaps))
#7 D:\xampp\htdocs\KHDTK-APP\vendor\codeigniter4\framework\system\CodeIgniter.php(351): CodeIgniter\CodeIgniter->handleRequest(NULL, Object(Config\Cache), false)
#8 D:\xampp\htdocs\KHDTK-APP\public\index.php(67): CodeIgniter\CodeIgniter->run()
#9 D:\xampp\htdocs\KHDTK-APP\vendor\codeigniter4\framework\system\Commands\Server\rewrite.php(46): require_once('D:\\xampp\\htdocs...')
#10 {main}
CRITICAL - 2023-03-07 06:13:44 --> Unknown column 'inventarisasi_umt.kode_cupet_tnm' in 'on clause'
in SYSTEMPATH\Database\MySQLi\Connection.php on line 292.
 1 SYSTEMPATH\Database\MySQLi\Connection.php(292): mysqli->query('SELECT `umt_anakpetak`.`kode_anak_petak` as `anakpetak`, `anak_petak`, `umt_anakpetak`.`luas` as `luasanakpetak`, `luas_ht`, `umt_anakpetak_tnm`.`kode_anakpetak_tnm` as `anakpetaktnm`, `jenis_lokal`, `inventarisasi_umt`.`kode_inven_umt` as `invenumt`, `inventarisasi_pu`.`kode_inven_pu` as `kodeinvenpu`, `ndvi`, `msavi`, `dbh`, `tinggi`, `lbds`, `volume`, `c`, `d`, `n`
FROM `umt_anakpetak`
JOIN `umt_anakpetak_tnm` ON `umt_anakpetak_tnm`.`kode_anak_petak` = `umt_anakpetak`.`kode_anak_petak`
JOIN `inventarisasi_umt` ON `inventarisasi_umt`.`kode_cupet_tnm`  = `umt_cupet_tnm`.`kode_cupet_tnm`
JOIN `inventarisasi_pu` ON `inventarisasi_pu`.`kode_inven_umt`  = `inventarisasi_umt`.`kode_inven_umt`
JOIN `inventarisasi_umt_ukurkayu` ON `inventarisasi_umt_ukurkayu`.`kode_inven_pu`  = `inventarisasi_pu`.`kode_inven_pu`
WHERE `umt_anakpetak`.`id` = \'627\'', 0)
 2 SYSTEMPATH\Database\BaseConnection.php(666): CodeIgniter\Database\MySQLi\Connection->execute('SELECT `umt_anakpetak`.`kode_anak_petak` as `anakpetak`, `anak_petak`, `umt_anakpetak`.`luas` as `luasanakpetak`, `luas_ht`, `umt_anakpetak_tnm`.`kode_anakpetak_tnm` as `anakpetaktnm`, `jenis_lokal`, `inventarisasi_umt`.`kode_inven_umt` as `invenumt`, `inventarisasi_pu`.`kode_inven_pu` as `kodeinvenpu`, `ndvi`, `msavi`, `dbh`, `tinggi`, `lbds`, `volume`, `c`, `d`, `n`
FROM `umt_anakpetak`
JOIN `umt_anakpetak_tnm` ON `umt_anakpetak_tnm`.`kode_anak_petak` = `umt_anakpetak`.`kode_anak_petak`
JOIN `inventarisasi_umt` ON `inventarisasi_umt`.`kode_cupet_tnm`  = `umt_cupet_tnm`.`kode_cupet_tnm`
JOIN `inventarisasi_pu` ON `inventarisasi_pu`.`kode_inven_umt`  = `inventarisasi_umt`.`kode_inven_umt`
JOIN `inventarisasi_umt_ukurkayu` ON `inventarisasi_umt_ukurkayu`.`kode_inven_pu`  = `inventarisasi_pu`.`kode_inven_pu`
WHERE `umt_anakpetak`.`id` = \'627\'')
 3 SYSTEMPATH\Database\BaseConnection.php(593): CodeIgniter\Database\BaseConnection->simpleQuery('SELECT `umt_anakpetak`.`kode_anak_petak` as `anakpetak`, `anak_petak`, `umt_anakpetak`.`luas` as `luasanakpetak`, `luas_ht`, `umt_anakpetak_tnm`.`kode_anakpetak_tnm` as `anakpetaktnm`, `jenis_lokal`, `inventarisasi_umt`.`kode_inven_umt` as `invenumt`, `inventarisasi_pu`.`kode_inven_pu` as `kodeinvenpu`, `ndvi`, `msavi`, `dbh`, `tinggi`, `lbds`, `volume`, `c`, `d`, `n`
FROM `umt_anakpetak`
JOIN `umt_anakpetak_tnm` ON `umt_anakpetak_tnm`.`kode_anak_petak` = `umt_anakpetak`.`kode_anak_petak`
JOIN `inventarisasi_umt` ON `inventarisasi_umt`.`kode_cupet_tnm`  = `umt_cupet_tnm`.`kode_cupet_tnm`
JOIN `inventarisasi_pu` ON `inventarisasi_pu`.`kode_inven_umt`  = `inventarisasi_umt`.`kode_inven_umt`
JOIN `inventarisasi_umt_ukurkayu` ON `inventarisasi_umt_ukurkayu`.`kode_inven_pu`  = `inventarisasi_pu`.`kode_inven_pu`
WHERE `umt_anakpetak`.`id` = \'627\'')
 4 SYSTEMPATH\Database\BaseBuilder.php(1585): CodeIgniter\Database\BaseConnection->query('SELECT `umt_anakpetak`.`kode_anak_petak` as `anakpetak`, `anak_petak`, `umt_anakpetak`.`luas` as `luasanakpetak`, `luas_ht`, `umt_anakpetak_tnm`.`kode_anakpetak_tnm` as `anakpetaktnm`, `jenis_lokal`, `inventarisasi_umt`.`kode_inven_umt` as `invenumt`, `inventarisasi_pu`.`kode_inven_pu` as `kodeinvenpu`, `ndvi`, `msavi`, `dbh`, `tinggi`, `lbds`, `volume`, `c`, `d`, `n`
FROM `umt_anakpetak`
JOIN `umt_anakpetak_tnm` ON `umt_anakpetak_tnm`.`kode_anak_petak` = `umt_anakpetak`.`kode_anak_petak`
JOIN `inventarisasi_umt` ON `inventarisasi_umt`.`kode_cupet_tnm`  = `umt_cupet_tnm`.`kode_cupet_tnm`
JOIN `inventarisasi_pu` ON `inventarisasi_pu`.`kode_inven_umt`  = `inventarisasi_umt`.`kode_inven_umt`
JOIN `inventarisasi_umt_ukurkayu` ON `inventarisasi_umt_ukurkayu`.`kode_inven_pu`  = `inventarisasi_pu`.`kode_inven_pu`
WHERE `umt_anakpetak`.`id` = :umt_anakpetak.id:', [...], false)
 5 APPPATH\Controllers\DetailMaps.php(42): CodeIgniter\Database\BaseBuilder->get()
 6 SYSTEMPATH\CodeIgniter.php(927): App\Controllers\DetailMaps->index('627')
 7 SYSTEMPATH\CodeIgniter.php(482): CodeIgniter\CodeIgniter->runController(Object(App\Controllers\DetailMaps))
 8 SYSTEMPATH\CodeIgniter.php(351): CodeIgniter\CodeIgniter->handleRequest(null, Object(Config\Cache), false)
 9 FCPATH\index.php(67): CodeIgniter\CodeIgniter->run()
10 SYSTEMPATH\Commands\Server\rewrite.php(46): require_once('FCPATH\\index.php')
ERROR - 2023-03-07 06:16:15 --> mysqli_sql_exception: Unknown column 'inventarisasi_umt.kode_cupet_tnm' in 'on clause' in D:\xampp\htdocs\KHDTK-APP\vendor\codeigniter4\framework\system\Database\MySQLi\Connection.php:292
Stack trace:
#0 D:\xampp\htdocs\KHDTK-APP\vendor\codeigniter4\framework\system\Database\MySQLi\Connection.php(292): mysqli->query('SELECT `umt_ana...', 0)
#1 D:\xampp\htdocs\KHDTK-APP\vendor\codeigniter4\framework\system\Database\BaseConnection.php(666): CodeIgniter\Database\MySQLi\Connection->execute('SELECT `umt_ana...')
#2 D:\xampp\htdocs\KHDTK-APP\vendor\codeigniter4\framework\system\Database\BaseConnection.php(593): CodeIgniter\Database\BaseConnection->simpleQuery('SELECT `umt_ana...')
#3 D:\xampp\htdocs\KHDTK-APP\vendor\codeigniter4\framework\system\Database\BaseBuilder.php(1585): CodeIgniter\Database\BaseConnection->query('SELECT `umt_ana...', Array, false)
#4 D:\xampp\htdocs\KHDTK-APP\app\Controllers\DetailMaps.php(42): CodeIgniter\Database\BaseBuilder->get()
#5 D:\xampp\htdocs\KHDTK-APP\vendor\codeigniter4\framework\system\CodeIgniter.php(927): App\Controllers\DetailMaps->index('627')
#6 D:\xampp\htdocs\KHDTK-APP\vendor\codeigniter4\framework\system\CodeIgniter.php(482): CodeIgniter\CodeIgniter->runController(Object(App\Controllers\DetailMaps))
#7 D:\xampp\htdocs\KHDTK-APP\vendor\codeigniter4\framework\system\CodeIgniter.php(351): CodeIgniter\CodeIgniter->handleRequest(NULL, Object(Config\Cache), false)
#8 D:\xampp\htdocs\KHDTK-APP\public\index.php(67): CodeIgniter\CodeIgniter->run()
#9 D:\xampp\htdocs\KHDTK-APP\vendor\codeigniter4\framework\system\Commands\Server\rewrite.php(46): require_once('D:\\xampp\\htdocs...')
#10 {main}
CRITICAL - 2023-03-07 06:16:15 --> Unknown column 'inventarisasi_umt.kode_cupet_tnm' in 'on clause'
in SYSTEMPATH\Database\MySQLi\Connection.php on line 292.
 1 SYSTEMPATH\Database\MySQLi\Connection.php(292): mysqli->query('SELECT `umt_anakpetak`.`kode_anak_petak` as `anakpetak`, `anak_petak`, `umt_anakpetak`.`luas` as `luasanakpetak`, `luas_ht`, `umt_anakpetak_tnm`.`kode_anakpetak_tnm` as `anakpetaktnm`, `jenis_lokal`, `inventarisasi_umt`.`kode_inven_umt` as `invenumt`, `inventarisasi_pu`.`kode_inven_pu` as `kodeinvenpu`, `ndvi`, `msavi`, `dbh`, `tinggi`, `lbds`, `volume`, `c`, `d`, `n`
FROM `umt_anakpetak`
JOIN `umt_anakpetak_tnm` ON `umt_anakpetak_tnm`.`kode_anak_petak` = `umt_anakpetak`.`kode_anak_petak`
JOIN `inventarisasi_umt` ON `inventarisasi_umt`.`kode_cupet_tnm`  = `umt_cupet_tnm`.`kode_cupet_tnm`
JOIN `inventarisasi_pu` ON `inventarisasi_pu`.`kode_inven_umt`  = `inventarisasi_umt`.`kode_inventarisasi`
JOIN `inventarisasi_umt_ukurkayu` ON `inventarisasi_umt_ukurkayu`.`kode_inven_pu`  = `inventarisasi_pu`.`kode_inven_pu`
WHERE `umt_anakpetak`.`id` = \'627\'', 0)
 2 SYSTEMPATH\Database\BaseConnection.php(666): CodeIgniter\Database\MySQLi\Connection->execute('SELECT `umt_anakpetak`.`kode_anak_petak` as `anakpetak`, `anak_petak`, `umt_anakpetak`.`luas` as `luasanakpetak`, `luas_ht`, `umt_anakpetak_tnm`.`kode_anakpetak_tnm` as `anakpetaktnm`, `jenis_lokal`, `inventarisasi_umt`.`kode_inven_umt` as `invenumt`, `inventarisasi_pu`.`kode_inven_pu` as `kodeinvenpu`, `ndvi`, `msavi`, `dbh`, `tinggi`, `lbds`, `volume`, `c`, `d`, `n`
FROM `umt_anakpetak`
JOIN `umt_anakpetak_tnm` ON `umt_anakpetak_tnm`.`kode_anak_petak` = `umt_anakpetak`.`kode_anak_petak`
JOIN `inventarisasi_umt` ON `inventarisasi_umt`.`kode_cupet_tnm`  = `umt_cupet_tnm`.`kode_cupet_tnm`
JOIN `inventarisasi_pu` ON `inventarisasi_pu`.`kode_inven_umt`  = `inventarisasi_umt`.`kode_inventarisasi`
JOIN `inventarisasi_umt_ukurkayu` ON `inventarisasi_umt_ukurkayu`.`kode_inven_pu`  = `inventarisasi_pu`.`kode_inven_pu`
WHERE `umt_anakpetak`.`id` = \'627\'')
 3 SYSTEMPATH\Database\BaseConnection.php(593): CodeIgniter\Database\BaseConnection->simpleQuery('SELECT `umt_anakpetak`.`kode_anak_petak` as `anakpetak`, `anak_petak`, `umt_anakpetak`.`luas` as `luasanakpetak`, `luas_ht`, `umt_anakpetak_tnm`.`kode_anakpetak_tnm` as `anakpetaktnm`, `jenis_lokal`, `inventarisasi_umt`.`kode_inven_umt` as `invenumt`, `inventarisasi_pu`.`kode_inven_pu` as `kodeinvenpu`, `ndvi`, `msavi`, `dbh`, `tinggi`, `lbds`, `volume`, `c`, `d`, `n`
FROM `umt_anakpetak`
JOIN `umt_anakpetak_tnm` ON `umt_anakpetak_tnm`.`kode_anak_petak` = `umt_anakpetak`.`kode_anak_petak`
JOIN `inventarisasi_umt` ON `inventarisasi_umt`.`kode_cupet_tnm`  = `umt_cupet_tnm`.`kode_cupet_tnm`
JOIN `inventarisasi_pu` ON `inventarisasi_pu`.`kode_inven_umt`  = `inventarisasi_umt`.`kode_inventarisasi`
JOIN `inventarisasi_umt_ukurkayu` ON `inventarisasi_umt_ukurkayu`.`kode_inven_pu`  = `inventarisasi_pu`.`kode_inven_pu`
WHERE `umt_anakpetak`.`id` = \'627\'')
 4 SYSTEMPATH\Database\BaseBuilder.php(1585): CodeIgniter\Database\BaseConnection->query('SELECT `umt_anakpetak`.`kode_anak_petak` as `anakpetak`, `anak_petak`, `umt_anakpetak`.`luas` as `luasanakpetak`, `luas_ht`, `umt_anakpetak_tnm`.`kode_anakpetak_tnm` as `anakpetaktnm`, `jenis_lokal`, `inventarisasi_umt`.`kode_inven_umt` as `invenumt`, `inventarisasi_pu`.`kode_inven_pu` as `kodeinvenpu`, `ndvi`, `msavi`, `dbh`, `tinggi`, `lbds`, `volume`, `c`, `d`, `n`
FROM `umt_anakpetak`
JOIN `umt_anakpetak_tnm` ON `umt_anakpetak_tnm`.`kode_anak_petak` = `umt_anakpetak`.`kode_anak_petak`
JOIN `inventarisasi_umt` ON `inventarisasi_umt`.`kode_cupet_tnm`  = `umt_cupet_tnm`.`kode_cupet_tnm`
JOIN `inventarisasi_pu` ON `inventarisasi_pu`.`kode_inven_umt`  = `inventarisasi_umt`.`kode_inventarisasi`
JOIN `inventarisasi_umt_ukurkayu` ON `inventarisasi_umt_ukurkayu`.`kode_inven_pu`  = `inventarisasi_pu`.`kode_inven_pu`
WHERE `umt_anakpetak`.`id` = :umt_anakpetak.id:', [...], false)
 5 APPPATH\Controllers\DetailMaps.php(42): CodeIgniter\Database\BaseBuilder->get()
 6 SYSTEMPATH\CodeIgniter.php(927): App\Controllers\DetailMaps->index('627')
 7 SYSTEMPATH\CodeIgniter.php(482): CodeIgniter\CodeIgniter->runController(Object(App\Controllers\DetailMaps))
 8 SYSTEMPATH\CodeIgniter.php(351): CodeIgniter\CodeIgniter->handleRequest(null, Object(Config\Cache), false)
 9 FCPATH\index.php(67): CodeIgniter\CodeIgniter->run()
10 SYSTEMPATH\Commands\Server\rewrite.php(46): require_once('FCPATH\\index.php')
CRITICAL - 2023-03-07 06:17:02 --> Trying to access array offset on value of type null
in APPPATH\Views\apps\maps_detail.php on line 683.
 1 APPPATH\Views\apps\maps_detail.php(683): CodeIgniter\Debug\Exceptions->errorHandler(8, 'Trying to access array offset on value of type null', 'APPPATH\\Views\\apps\\maps_detail.php', 683, [...])
 2 SYSTEMPATH\View\View.php(213): include('APPPATH\\Views\\apps\\maps_detail.php')
 3 SYSTEMPATH\View\View.php(216): CodeIgniter\View\View->CodeIgniter\View\{closure}()
 4 SYSTEMPATH\Common.php(1134): CodeIgniter\View\View->render('apps/maps_detail', [], true)
 5 APPPATH\Controllers\DetailMaps.php(89): view('apps/maps_detail', [...])
 6 SYSTEMPATH\CodeIgniter.php(927): App\Controllers\DetailMaps->index('627')
 7 SYSTEMPATH\CodeIgniter.php(482): CodeIgniter\CodeIgniter->runController(Object(App\Controllers\DetailMaps))
 8 SYSTEMPATH\CodeIgniter.php(351): CodeIgniter\CodeIgniter->handleRequest(null, Object(Config\Cache), false)
 9 FCPATH\index.php(67): CodeIgniter\CodeIgniter->run()
10 SYSTEMPATH\Commands\Server\rewrite.php(46): require_once('FCPATH\\index.php')
ERROR - 2023-03-07 06:21:51 --> mysqli_sql_exception: Column 'kode_anak_petak' in field list is ambiguous in D:\xampp\htdocs\KHDTK-APP\vendor\codeigniter4\framework\system\Database\MySQLi\Connection.php:292
Stack trace:
#0 D:\xampp\htdocs\KHDTK-APP\vendor\codeigniter4\framework\system\Database\MySQLi\Connection.php(292): mysqli->query('SELECT `kode_an...', 0)
#1 D:\xampp\htdocs\KHDTK-APP\vendor\codeigniter4\framework\system\Database\BaseConnection.php(666): CodeIgniter\Database\MySQLi\Connection->execute('SELECT `kode_an...')
#2 D:\xampp\htdocs\KHDTK-APP\vendor\codeigniter4\framework\system\Database\BaseConnection.php(593): CodeIgniter\Database\BaseConnection->simpleQuery('SELECT `kode_an...')
#3 D:\xampp\htdocs\KHDTK-APP\vendor\codeigniter4\framework\system\Database\BaseBuilder.php(1585): CodeIgniter\Database\BaseConnection->query('SELECT `kode_an...', Array, false)
#4 D:\xampp\htdocs\KHDTK-APP\app\Controllers\DetailMaps.php(42): CodeIgniter\Database\BaseBuilder->get()
#5 D:\xampp\htdocs\KHDTK-APP\vendor\codeigniter4\framework\system\CodeIgniter.php(927): App\Controllers\DetailMaps->index('627')
#6 D:\xampp\htdocs\KHDTK-APP\vendor\codeigniter4\framework\system\CodeIgniter.php(482): CodeIgniter\CodeIgniter->runController(Object(App\Controllers\DetailMaps))
#7 D:\xampp\htdocs\KHDTK-APP\vendor\codeigniter4\framework\system\CodeIgniter.php(351): CodeIgniter\CodeIgniter->handleRequest(NULL, Object(Config\Cache), false)
#8 D:\xampp\htdocs\KHDTK-APP\public\index.php(67): CodeIgniter\CodeIgniter->run()
#9 D:\xampp\htdocs\KHDTK-APP\vendor\codeigniter4\framework\system\Commands\Server\rewrite.php(46): require_once('D:\\xampp\\htdocs...')
#10 {main}
CRITICAL - 2023-03-07 06:21:51 --> Column 'kode_anak_petak' in field list is ambiguous
in SYSTEMPATH\Database\MySQLi\Connection.php on line 292.
 1 SYSTEMPATH\Database\MySQLi\Connection.php(292): mysqli->query('SELECT `kode_anak_petak`, `anak_petak`, `umt_anakpetak`.`luas` as `luasanakpetak`, `luas_ht`, `umt_anakpetak_tnm`.`kode_anakpetak_tnm` as `anakpetaktnm`, `jenis_lokal`, `inventarisasi_umt`.`kode_inven_umt` as `invenumt`, `inventarisasi_pu`.`kode_inven_pu` as `kodeinvenpu`, `ndvi`, `msavi`, `dbh`, `tinggi`, `lbds`, `volume`, `c`, `d`, `n`
FROM `umt_anakpetak`
JOIN `umt_anakpetak_tnm` ON `umt_anakpetak_tnm`.`kode_anak_petak` = `umt_anakpetak`.`kode_anak_petak`
JOIN `inventarisasi_umt` ON `inventarisasi_umt`.`kode_anakpetak_tnm`  = `umt_anakpetak_tnm`.`kode_anakpetak_tnm`
JOIN `inventarisasi_pu` ON `inventarisasi_pu`.`kode_inven_umt`  = `inventarisasi_umt`.`kode_inventarisasi`
JOIN `inventarisasi_umt_ukurkayu` ON `inventarisasi_umt_ukurkayu`.`kode_inven_pu`  = `inventarisasi_pu`.`kode_inven_pu`
WHERE `umt_anakpetak`.`id` = \'627\'', 0)
 2 SYSTEMPATH\Database\BaseConnection.php(666): CodeIgniter\Database\MySQLi\Connection->execute('SELECT `kode_anak_petak`, `anak_petak`, `umt_anakpetak`.`luas` as `luasanakpetak`, `luas_ht`, `umt_anakpetak_tnm`.`kode_anakpetak_tnm` as `anakpetaktnm`, `jenis_lokal`, `inventarisasi_umt`.`kode_inven_umt` as `invenumt`, `inventarisasi_pu`.`kode_inven_pu` as `kodeinvenpu`, `ndvi`, `msavi`, `dbh`, `tinggi`, `lbds`, `volume`, `c`, `d`, `n`
FROM `umt_anakpetak`
JOIN `umt_anakpetak_tnm` ON `umt_anakpetak_tnm`.`kode_anak_petak` = `umt_anakpetak`.`kode_anak_petak`
JOIN `inventarisasi_umt` ON `inventarisasi_umt`.`kode_anakpetak_tnm`  = `umt_anakpetak_tnm`.`kode_anakpetak_tnm`
JOIN `inventarisasi_pu` ON `inventarisasi_pu`.`kode_inven_umt`  = `inventarisasi_umt`.`kode_inventarisasi`
JOIN `inventarisasi_umt_ukurkayu` ON `inventarisasi_umt_ukurkayu`.`kode_inven_pu`  = `inventarisasi_pu`.`kode_inven_pu`
WHERE `umt_anakpetak`.`id` = \'627\'')
 3 SYSTEMPATH\Database\BaseConnection.php(593): CodeIgniter\Database\BaseConnection->simpleQuery('SELECT `kode_anak_petak`, `anak_petak`, `umt_anakpetak`.`luas` as `luasanakpetak`, `luas_ht`, `umt_anakpetak_tnm`.`kode_anakpetak_tnm` as `anakpetaktnm`, `jenis_lokal`, `inventarisasi_umt`.`kode_inven_umt` as `invenumt`, `inventarisasi_pu`.`kode_inven_pu` as `kodeinvenpu`, `ndvi`, `msavi`, `dbh`, `tinggi`, `lbds`, `volume`, `c`, `d`, `n`
FROM `umt_anakpetak`
JOIN `umt_anakpetak_tnm` ON `umt_anakpetak_tnm`.`kode_anak_petak` = `umt_anakpetak`.`kode_anak_petak`
JOIN `inventarisasi_umt` ON `inventarisasi_umt`.`kode_anakpetak_tnm`  = `umt_anakpetak_tnm`.`kode_anakpetak_tnm`
JOIN `inventarisasi_pu` ON `inventarisasi_pu`.`kode_inven_umt`  = `inventarisasi_umt`.`kode_inventarisasi`
JOIN `inventarisasi_umt_ukurkayu` ON `inventarisasi_umt_ukurkayu`.`kode_inven_pu`  = `inventarisasi_pu`.`kode_inven_pu`
WHERE `umt_anakpetak`.`id` = \'627\'')
 4 SYSTEMPATH\Database\BaseBuilder.php(1585): CodeIgniter\Database\BaseConnection->query('SELECT `kode_anak_petak`, `anak_petak`, `umt_anakpetak`.`luas` as `luasanakpetak`, `luas_ht`, `umt_anakpetak_tnm`.`kode_anakpetak_tnm` as `anakpetaktnm`, `jenis_lokal`, `inventarisasi_umt`.`kode_inven_umt` as `invenumt`, `inventarisasi_pu`.`kode_inven_pu` as `kodeinvenpu`, `ndvi`, `msavi`, `dbh`, `tinggi`, `lbds`, `volume`, `c`, `d`, `n`
FROM `umt_anakpetak`
JOIN `umt_anakpetak_tnm` ON `umt_anakpetak_tnm`.`kode_anak_petak` = `umt_anakpetak`.`kode_anak_petak`
JOIN `inventarisasi_umt` ON `inventarisasi_umt`.`kode_anakpetak_tnm`  = `umt_anakpetak_tnm`.`kode_anakpetak_tnm`
JOIN `inventarisasi_pu` ON `inventarisasi_pu`.`kode_inven_umt`  = `inventarisasi_umt`.`kode_inventarisasi`
JOIN `inventarisasi_umt_ukurkayu` ON `inventarisasi_umt_ukurkayu`.`kode_inven_pu`  = `inventarisasi_pu`.`kode_inven_pu`
WHERE `umt_anakpetak`.`id` = :umt_anakpetak.id:', [...], false)
 5 APPPATH\Controllers\DetailMaps.php(42): CodeIgniter\Database\BaseBuilder->get()
 6 SYSTEMPATH\CodeIgniter.php(927): App\Controllers\DetailMaps->index('627')
 7 SYSTEMPATH\CodeIgniter.php(482): CodeIgniter\CodeIgniter->runController(Object(App\Controllers\DetailMaps))
 8 SYSTEMPATH\CodeIgniter.php(351): CodeIgniter\CodeIgniter->handleRequest(null, Object(Config\Cache), false)
 9 FCPATH\index.php(67): CodeIgniter\CodeIgniter->run()
10 SYSTEMPATH\Commands\Server\rewrite.php(46): require_once('FCPATH\\index.php')
CRITICAL - 2023-03-07 06:22:07 --> Trying to access array offset on value of type null
in APPPATH\Views\apps\maps_detail.php on line 683.
 1 APPPATH\Views\apps\maps_detail.php(683): CodeIgniter\Debug\Exceptions->errorHandler(8, 'Trying to access array offset on value of type null', 'APPPATH\\Views\\apps\\maps_detail.php', 683, [...])
 2 SYSTEMPATH\View\View.php(213): include('APPPATH\\Views\\apps\\maps_detail.php')
 3 SYSTEMPATH\View\View.php(216): CodeIgniter\View\View->CodeIgniter\View\{closure}()
 4 SYSTEMPATH\Common.php(1134): CodeIgniter\View\View->render('apps/maps_detail', [], true)
 5 APPPATH\Controllers\DetailMaps.php(89): view('apps/maps_detail', [...])
 6 SYSTEMPATH\CodeIgniter.php(927): App\Controllers\DetailMaps->index('627')
 7 SYSTEMPATH\CodeIgniter.php(482): CodeIgniter\CodeIgniter->runController(Object(App\Controllers\DetailMaps))
 8 SYSTEMPATH\CodeIgniter.php(351): CodeIgniter\CodeIgniter->handleRequest(null, Object(Config\Cache), false)
 9 FCPATH\index.php(67): CodeIgniter\CodeIgniter->run()
10 SYSTEMPATH\Commands\Server\rewrite.php(46): require_once('FCPATH\\index.php')
CRITICAL - 2023-03-07 06:36:35 --> Trying to access array offset on value of type null
in APPPATH\Views\apps\maps_detail.php on line 751.
 1 APPPATH\Views\apps\maps_detail.php(751): CodeIgniter\Debug\Exceptions->errorHandler(8, 'Trying to access array offset on value of type null', 'APPPATH\\Views\\apps\\maps_detail.php', 751, [...])
 2 SYSTEMPATH\View\View.php(213): include('APPPATH\\Views\\apps\\maps_detail.php')
 3 SYSTEMPATH\View\View.php(216): CodeIgniter\View\View->CodeIgniter\View\{closure}()
 4 SYSTEMPATH\Common.php(1134): CodeIgniter\View\View->render('apps/maps_detail', [], true)
 5 APPPATH\Controllers\DetailMaps.php(90): view('apps/maps_detail', [...])
 6 SYSTEMPATH\CodeIgniter.php(927): App\Controllers\DetailMaps->index('627')
 7 SYSTEMPATH\CodeIgniter.php(482): CodeIgniter\CodeIgniter->runController(Object(App\Controllers\DetailMaps))
 8 SYSTEMPATH\CodeIgniter.php(351): CodeIgniter\CodeIgniter->handleRequest(null, Object(Config\Cache), false)
 9 FCPATH\index.php(67): CodeIgniter\CodeIgniter->run()
10 SYSTEMPATH\Commands\Server\rewrite.php(46): require_once('FCPATH\\index.php')
ERROR - 2023-03-07 07:14:54 --> mysqli_sql_exception: Unknown column 'jalan' in 'field list' in D:\xampp\htdocs\KHDTK-APP\vendor\codeigniter4\framework\system\Database\MySQLi\Connection.php:292
Stack trace:
#0 D:\xampp\htdocs\KHDTK-APP\vendor\codeigniter4\framework\system\Database\MySQLi\Connection.php(292): mysqli->query('SELECT `umt_ana...', 0)
#1 D:\xampp\htdocs\KHDTK-APP\vendor\codeigniter4\framework\system\Database\BaseConnection.php(666): CodeIgniter\Database\MySQLi\Connection->execute('SELECT `umt_ana...')
#2 D:\xampp\htdocs\KHDTK-APP\vendor\codeigniter4\framework\system\Database\BaseConnection.php(593): CodeIgniter\Database\BaseConnection->simpleQuery('SELECT `umt_ana...')
#3 D:\xampp\htdocs\KHDTK-APP\vendor\codeigniter4\framework\system\Database\BaseBuilder.php(1585): CodeIgniter\Database\BaseConnection->query('SELECT `umt_ana...', Array, false)
#4 D:\xampp\htdocs\KHDTK-APP\app\Controllers\DetailMaps.php(65): CodeIgniter\Database\BaseBuilder->get()
#5 D:\xampp\htdocs\KHDTK-APP\vendor\codeigniter4\framework\system\CodeIgniter.php(927): App\Controllers\DetailMaps->index('627')
#6 D:\xampp\htdocs\KHDTK-APP\vendor\codeigniter4\framework\system\CodeIgniter.php(482): CodeIgniter\CodeIgniter->runController(Object(App\Controllers\DetailMaps))
#7 D:\xampp\htdocs\KHDTK-APP\vendor\codeigniter4\framework\system\CodeIgniter.php(351): CodeIgniter\CodeIgniter->handleRequest(NULL, Object(Config\Cache), false)
#8 D:\xampp\htdocs\KHDTK-APP\public\index.php(67): CodeIgniter\CodeIgniter->run()
#9 D:\xampp\htdocs\KHDTK-APP\vendor\codeigniter4\framework\system\Commands\Server\rewrite.php(46): require_once('D:\\xampp\\htdocs...')
#10 {main}
CRITICAL - 2023-03-07 07:14:54 --> Unknown column 'jalan' in 'field list'
in SYSTEMPATH\Database\MySQLi\Connection.php on line 292.
 1 SYSTEMPATH\Database\MySQLi\Connection.php(292): mysqli->query('SELECT `umt_anakpetak`.`kode_anak_petak` as `anakpetak`, `apl`, `persen_apl`, `ht`, `persen_ht`, `jalan`, `persen_jln`, `permukiman`, `persen_pmk`, `pertanian_lk`, `persen_plk`, `sawah`, `persen_sawah`, `semak`, `persen_semak`, `sungai`, `persen_sungai`
FROM `umt_anakpetak`
JOIN `pl` ON `pl`.`kode_anak_petak` = `umt_anakpetak`.`kode_anak_petak`
WHERE `umt_anakpetak`.`id` = \'627\'', 0)
 2 SYSTEMPATH\Database\BaseConnection.php(666): CodeIgniter\Database\MySQLi\Connection->execute('SELECT `umt_anakpetak`.`kode_anak_petak` as `anakpetak`, `apl`, `persen_apl`, `ht`, `persen_ht`, `jalan`, `persen_jln`, `permukiman`, `persen_pmk`, `pertanian_lk`, `persen_plk`, `sawah`, `persen_sawah`, `semak`, `persen_semak`, `sungai`, `persen_sungai`
FROM `umt_anakpetak`
JOIN `pl` ON `pl`.`kode_anak_petak` = `umt_anakpetak`.`kode_anak_petak`
WHERE `umt_anakpetak`.`id` = \'627\'')
 3 SYSTEMPATH\Database\BaseConnection.php(593): CodeIgniter\Database\BaseConnection->simpleQuery('SELECT `umt_anakpetak`.`kode_anak_petak` as `anakpetak`, `apl`, `persen_apl`, `ht`, `persen_ht`, `jalan`, `persen_jln`, `permukiman`, `persen_pmk`, `pertanian_lk`, `persen_plk`, `sawah`, `persen_sawah`, `semak`, `persen_semak`, `sungai`, `persen_sungai`
FROM `umt_anakpetak`
JOIN `pl` ON `pl`.`kode_anak_petak` = `umt_anakpetak`.`kode_anak_petak`
WHERE `umt_anakpetak`.`id` = \'627\'')
 4 SYSTEMPATH\Database\BaseBuilder.php(1585): CodeIgniter\Database\BaseConnection->query('SELECT `umt_anakpetak`.`kode_anak_petak` as `anakpetak`, `apl`, `persen_apl`, `ht`, `persen_ht`, `jalan`, `persen_jln`, `permukiman`, `persen_pmk`, `pertanian_lk`, `persen_plk`, `sawah`, `persen_sawah`, `semak`, `persen_semak`, `sungai`, `persen_sungai`
FROM `umt_anakpetak`
JOIN `pl` ON `pl`.`kode_anak_petak` = `umt_anakpetak`.`kode_anak_petak`
WHERE `umt_anakpetak`.`id` = :umt_anakpetak.id:', [...], false)
 5 APPPATH\Controllers\DetailMaps.php(65): CodeIgniter\Database\BaseBuilder->get()
 6 SYSTEMPATH\CodeIgniter.php(927): App\Controllers\DetailMaps->index('627')
 7 SYSTEMPATH\CodeIgniter.php(482): CodeIgniter\CodeIgniter->runController(Object(App\Controllers\DetailMaps))
 8 SYSTEMPATH\CodeIgniter.php(351): CodeIgniter\CodeIgniter->handleRequest(null, Object(Config\Cache), false)
 9 FCPATH\index.php(67): CodeIgniter\CodeIgniter->run()
10 SYSTEMPATH\Commands\Server\rewrite.php(46): require_once('FCPATH\\index.php')
CRITICAL - 2023-03-07 07:15:35 --> Undefined index: jalan
in APPPATH\Views\apps\maps_detail.php on line 830.
 1 APPPATH\Views\apps\maps_detail.php(830): CodeIgniter\Debug\Exceptions->errorHandler(8, 'Undefined index: jalan', 'APPPATH\\Views\\apps\\maps_detail.php', 830, [...])
 2 SYSTEMPATH\View\View.php(213): include('APPPATH\\Views\\apps\\maps_detail.php')
 3 SYSTEMPATH\View\View.php(216): CodeIgniter\View\View->CodeIgniter\View\{closure}()
 4 SYSTEMPATH\Common.php(1134): CodeIgniter\View\View->render('apps/maps_detail', [], true)
 5 APPPATH\Controllers\DetailMaps.php(90): view('apps/maps_detail', [...])
 6 SYSTEMPATH\CodeIgniter.php(927): App\Controllers\DetailMaps->index('627')
 7 SYSTEMPATH\CodeIgniter.php(482): CodeIgniter\CodeIgniter->runController(Object(App\Controllers\DetailMaps))
 8 SYSTEMPATH\CodeIgniter.php(351): CodeIgniter\CodeIgniter->handleRequest(null, Object(Config\Cache), false)
 9 FCPATH\index.php(67): CodeIgniter\CodeIgniter->run()
10 SYSTEMPATH\Commands\Server\rewrite.php(46): require_once('FCPATH\\index.php')
CRITICAL - 2023-03-07 07:17:48 --> Undefined index: cupet
in APPPATH\Views\apps\maps_detail.php on line 1130.
 1 APPPATH\Views\apps\maps_detail.php(1130): CodeIgniter\Debug\Exceptions->errorHandler(8, 'Undefined index: cupet', 'APPPATH\\Views\\apps\\maps_detail.php', 1130, [...])
 2 SYSTEMPATH\View\View.php(213): include('APPPATH\\Views\\apps\\maps_detail.php')
 3 SYSTEMPATH\View\View.php(216): CodeIgniter\View\View->CodeIgniter\View\{closure}()
 4 SYSTEMPATH\Common.php(1134): CodeIgniter\View\View->render('apps/maps_detail', [], true)
 5 APPPATH\Controllers\DetailMaps.php(90): view('apps/maps_detail', [...])
 6 SYSTEMPATH\CodeIgniter.php(927): App\Controllers\DetailMaps->index('627')
 7 SYSTEMPATH\CodeIgniter.php(482): CodeIgniter\CodeIgniter->runController(Object(App\Controllers\DetailMaps))
 8 SYSTEMPATH\CodeIgniter.php(351): CodeIgniter\CodeIgniter->handleRequest(null, Object(Config\Cache), false)
 9 FCPATH\index.php(67): CodeIgniter\CodeIgniter->run()
10 SYSTEMPATH\Commands\Server\rewrite.php(46): require_once('FCPATH\\index.php')
CRITICAL - 2023-03-07 07:18:23 --> Undefined index: anakpetak_tnm
in APPPATH\Views\apps\maps_detail.php on line 1130.
 1 APPPATH\Views\apps\maps_detail.php(1130): CodeIgniter\Debug\Exceptions->errorHandler(8, 'Undefined index: anakpetak_tnm', 'APPPATH\\Views\\apps\\maps_detail.php', 1130, [...])
 2 SYSTEMPATH\View\View.php(213): include('APPPATH\\Views\\apps\\maps_detail.php')
 3 SYSTEMPATH\View\View.php(216): CodeIgniter\View\View->CodeIgniter\View\{closure}()
 4 SYSTEMPATH\Common.php(1134): CodeIgniter\View\View->render('apps/maps_detail', [], true)
 5 APPPATH\Controllers\DetailMaps.php(90): view('apps/maps_detail', [...])
 6 SYSTEMPATH\CodeIgniter.php(927): App\Controllers\DetailMaps->index('627')
 7 SYSTEMPATH\CodeIgniter.php(482): CodeIgniter\CodeIgniter->runController(Object(App\Controllers\DetailMaps))
 8 SYSTEMPATH\CodeIgniter.php(351): CodeIgniter\CodeIgniter->handleRequest(null, Object(Config\Cache), false)
 9 FCPATH\index.php(67): CodeIgniter\CodeIgniter->run()
10 SYSTEMPATH\Commands\Server\rewrite.php(46): require_once('FCPATH\\index.php')
CRITICAL - 2023-03-07 07:19:06 --> Undefined index: jumlah_pohon
in APPPATH\Views\apps\maps_detail.php on line 1134.
 1 APPPATH\Views\apps\maps_detail.php(1134): CodeIgniter\Debug\Exceptions->errorHandler(8, 'Undefined index: jumlah_pohon', 'APPPATH\\Views\\apps\\maps_detail.php', 1134, [...])
 2 SYSTEMPATH\View\View.php(213): include('APPPATH\\Views\\apps\\maps_detail.php')
 3 SYSTEMPATH\View\View.php(216): CodeIgniter\View\View->CodeIgniter\View\{closure}()
 4 SYSTEMPATH\Common.php(1134): CodeIgniter\View\View->render('apps/maps_detail', [], true)
 5 APPPATH\Controllers\DetailMaps.php(90): view('apps/maps_detail', [...])
 6 SYSTEMPATH\CodeIgniter.php(927): App\Controllers\DetailMaps->index('627')
 7 SYSTEMPATH\CodeIgniter.php(482): CodeIgniter\CodeIgniter->runController(Object(App\Controllers\DetailMaps))
 8 SYSTEMPATH\CodeIgniter.php(351): CodeIgniter\CodeIgniter->handleRequest(null, Object(Config\Cache), false)
 9 FCPATH\index.php(67): CodeIgniter\CodeIgniter->run()
10 SYSTEMPATH\Commands\Server\rewrite.php(46): require_once('FCPATH\\index.php')
ERROR - 2023-03-07 08:08:01 --> mysqli_sql_exception: Unknown column 'jalan' in 'field list' in D:\xampp\htdocs\KHDTK-APP\vendor\codeigniter4\framework\system\Database\MySQLi\Connection.php:292
Stack trace:
#0 D:\xampp\htdocs\KHDTK-APP\vendor\codeigniter4\framework\system\Database\MySQLi\Connection.php(292): mysqli->query('SELECT `jagung`...', 0)
#1 D:\xampp\htdocs\KHDTK-APP\vendor\codeigniter4\framework\system\Database\BaseConnection.php(666): CodeIgniter\Database\MySQLi\Connection->execute('SELECT `jagung`...')
#2 D:\xampp\htdocs\KHDTK-APP\vendor\codeigniter4\framework\system\Database\BaseConnection.php(593): CodeIgniter\Database\BaseConnection->simpleQuery('SELECT `jagung`...')
#3 D:\xampp\htdocs\KHDTK-APP\vendor\codeigniter4\framework\system\Database\BaseBuilder.php(1585): CodeIgniter\Database\BaseConnection->query('SELECT `jagung`...', Array, false)
#4 D:\xampp\htdocs\KHDTK-APP\app\Controllers\Dashboard.php(13): CodeIgniter\Database\BaseBuilder->get()
#5 D:\xampp\htdocs\KHDTK-APP\vendor\codeigniter4\framework\system\CodeIgniter.php(927): App\Controllers\Dashboard->index()
#6 D:\xampp\htdocs\KHDTK-APP\vendor\codeigniter4\framework\system\CodeIgniter.php(482): CodeIgniter\CodeIgniter->runController(Object(App\Controllers\Dashboard))
#7 D:\xampp\htdocs\KHDTK-APP\vendor\codeigniter4\framework\system\CodeIgniter.php(351): CodeIgniter\CodeIgniter->handleRequest(NULL, Object(Config\Cache), false)
#8 D:\xampp\htdocs\KHDTK-APP\public\index.php(67): CodeIgniter\CodeIgniter->run()
#9 D:\xampp\htdocs\KHDTK-APP\vendor\codeigniter4\framework\system\Commands\Server\rewrite.php(46): require_once('D:\\xampp\\htdocs...')
#10 {main}
CRITICAL - 2023-03-07 08:08:01 --> Unknown column 'jalan' in 'field list'
in SYSTEMPATH\Database\MySQLi\Connection.php on line 292.
 1 SYSTEMPATH\Database\MySQLi\Connection.php(292): mysqli->query('SELECT `jagung`, `jalan`, `jati`, `jati_campur_semak`, `jpp`, `mahoni`, `makam`, `permukiman`, `sawah`, `semak`, `sungai`, `tebu`
FROM `pl_detail`', 0)
 2 SYSTEMPATH\Database\BaseConnection.php(666): CodeIgniter\Database\MySQLi\Connection->execute('SELECT `jagung`, `jalan`, `jati`, `jati_campur_semak`, `jpp`, `mahoni`, `makam`, `permukiman`, `sawah`, `semak`, `sungai`, `tebu`
FROM `pl_detail`')
 3 SYSTEMPATH\Database\BaseConnection.php(593): CodeIgniter\Database\BaseConnection->simpleQuery('SELECT `jagung`, `jalan`, `jati`, `jati_campur_semak`, `jpp`, `mahoni`, `makam`, `permukiman`, `sawah`, `semak`, `sungai`, `tebu`
FROM `pl_detail`')
 4 SYSTEMPATH\Database\BaseBuilder.php(1585): CodeIgniter\Database\BaseConnection->query('SELECT `jagung`, `jalan`, `jati`, `jati_campur_semak`, `jpp`, `mahoni`, `makam`, `permukiman`, `sawah`, `semak`, `sungai`, `tebu`
FROM `pl_detail`', [], false)
 5 APPPATH\Controllers\Dashboard.php(13): CodeIgniter\Database\BaseBuilder->get()
 6 SYSTEMPATH\CodeIgniter.php(927): App\Controllers\Dashboard->index()
 7 SYSTEMPATH\CodeIgniter.php(482): CodeIgniter\CodeIgniter->runController(Object(App\Controllers\Dashboard))
 8 SYSTEMPATH\CodeIgniter.php(351): CodeIgniter\CodeIgniter->handleRequest(null, Object(Config\Cache), false)
 9 FCPATH\index.php(67): CodeIgniter\CodeIgniter->run()
10 SYSTEMPATH\Commands\Server\rewrite.php(46): require_once('FCPATH\\index.php')
CRITICAL - 2023-03-07 08:20:09 --> Undefined variable: lsungai
in APPPATH\Views\apps\dashboard.php on line 950.
 1 APPPATH\Views\apps\dashboard.php(950): CodeIgniter\Debug\Exceptions->errorHandler(8, 'Undefined variable: lsungai', 'APPPATH\\Views\\apps\\dashboard.php', 950, [...])
 2 SYSTEMPATH\View\View.php(213): include('APPPATH\\Views\\apps\\dashboard.php')
 3 SYSTEMPATH\View\View.php(216): CodeIgniter\View\View->CodeIgniter\View\{closure}()
 4 SYSTEMPATH\Common.php(1134): CodeIgniter\View\View->render('apps/dashboard', [], true)
 5 APPPATH\Controllers\Dashboard.php(145): view('apps/dashboard', [...])
 6 SYSTEMPATH\CodeIgniter.php(927): App\Controllers\Dashboard->index()
 7 SYSTEMPATH\CodeIgniter.php(482): CodeIgniter\CodeIgniter->runController(Object(App\Controllers\Dashboard))
 8 SYSTEMPATH\CodeIgniter.php(351): CodeIgniter\CodeIgniter->handleRequest(null, Object(Config\Cache), false)
 9 FCPATH\index.php(67): CodeIgniter\CodeIgniter->run()
10 SYSTEMPATH\Commands\Server\rewrite.php(46): require_once('FCPATH\\index.php')
CRITICAL - 2023-03-07 08:40:02 --> Trying to access array offset on value of type null
in APPPATH\Views\apps\maps_detail.php on line 692.
 1 APPPATH\Views\apps\maps_detail.php(692): CodeIgniter\Debug\Exceptions->errorHandler(8, 'Trying to access array offset on value of type null', 'APPPATH\\Views\\apps\\maps_detail.php', 692, [...])
 2 SYSTEMPATH\View\View.php(213): include('APPPATH\\Views\\apps\\maps_detail.php')
 3 SYSTEMPATH\View\View.php(216): CodeIgniter\View\View->CodeIgniter\View\{closure}()
 4 SYSTEMPATH\Common.php(1134): CodeIgniter\View\View->render('apps/maps_detail', [], true)
 5 APPPATH\Controllers\DetailMaps.php(95): view('apps/maps_detail', [...])
 6 SYSTEMPATH\CodeIgniter.php(927): App\Controllers\DetailMaps->index('1141')
 7 SYSTEMPATH\CodeIgniter.php(482): CodeIgniter\CodeIgniter->runController(Object(App\Controllers\DetailMaps))
 8 SYSTEMPATH\CodeIgniter.php(351): CodeIgniter\CodeIgniter->handleRequest(null, Object(Config\Cache), false)
 9 FCPATH\index.php(67): CodeIgniter\CodeIgniter->run()
10 SYSTEMPATH\Commands\Server\rewrite.php(46): require_once('FCPATH\\index.php')
