CRITICAL - 2023-01-06 04:01:50 --> Undefined variable: config
in APPPATH\Views\auth\login.php on line 16.
 1 APPPATH\Views\auth\login.php(16): CodeIgniter\Debug\Exceptions->errorHandler(8, 'Undefined variable: config', 'APPPATH\\Views\\auth\\login.php', 16, [...])
 2 SYSTEMPATH\View\View.php(213): include('APPPATH\\Views\\auth\\login.php')
 3 SYSTEMPATH\View\View.php(216): CodeIgniter\View\View->CodeIgniter\View\{closure}()
 4 SYSTEMPATH\Common.php(1134): CodeIgniter\View\View->render('auth/login', [], true)
 5 APPPATH\Controllers\Auth.php(20): view('auth/login', [...])
 6 SYSTEMPATH\CodeIgniter.php(927): App\Controllers\Auth->login()
 7 SYSTEMPATH\CodeIgniter.php(482): CodeIgniter\CodeIgniter->runController(Object(App\Controllers\Auth))
 8 SYSTEMPATH\CodeIgniter.php(351): CodeIgniter\CodeIgniter->handleRequest(null, Object(Config\Cache), false)
 9 FCPATH\index.php(67): CodeIgniter\CodeIgniter->run()
10 SYSTEMPATH\Commands\Server\rewrite.php(46): require_once('FCPATH\\index.php')
ERROR - 2023-01-06 04:35:19 --> mysqli_sql_exception: Incorrect column name 'user_image  ' in D:\XAMPP\htdocs\KHDTK - experimental\vendor\codeigniter4\framework\system\Database\MySQLi\Connection.php:292
Stack trace:
#0 D:\XAMPP\htdocs\KHDTK - experimental\vendor\codeigniter4\framework\system\Database\MySQLi\Connection.php(292): mysqli->query('CREATE TABLE `u...', 0)
#1 D:\XAMPP\htdocs\KHDTK - experimental\vendor\codeigniter4\framework\system\Database\BaseConnection.php(666): CodeIgniter\Database\MySQLi\Connection->execute('CREATE TABLE `u...')
#2 D:\XAMPP\htdocs\KHDTK - experimental\vendor\codeigniter4\framework\system\Database\BaseConnection.php(593): CodeIgniter\Database\BaseConnection->simpleQuery('CREATE TABLE `u...')
#3 D:\XAMPP\htdocs\KHDTK - experimental\vendor\codeigniter4\framework\system\Database\Forge.php(509): CodeIgniter\Database\BaseConnection->query('CREATE TABLE `u...')
#4 D:\XAMPP\htdocs\KHDTK - experimental\vendor\myth\auth\src\Database\Migrations\2017-11-20-223112_create_auth_tables.php(36): CodeIgniter\Database\Forge->createTable('users', true)
#5 D:\XAMPP\htdocs\KHDTK - experimental\vendor\codeigniter4\framework\system\Database\MigrationRunner.php(868): Myth\Auth\Database\Migrations\CreateAuthTables->up()
#6 D:\XAMPP\htdocs\KHDTK - experimental\vendor\codeigniter4\framework\system\Database\MigrationRunner.php(187): CodeIgniter\Database\MigrationRunner->migrate('up', Object(stdClass))
#7 D:\XAMPP\htdocs\KHDTK - experimental\vendor\codeigniter4\framework\system\Commands\Database\Migrate.php(84): CodeIgniter\Database\MigrationRunner->latest(NULL)
#8 D:\XAMPP\htdocs\KHDTK - experimental\vendor\codeigniter4\framework\system\CLI\Commands.php(63): CodeIgniter\Commands\Database\Migrate->run(Array)
#9 D:\XAMPP\htdocs\KHDTK - experimental\vendor\codeigniter4\framework\system\CLI\CommandRunner.php(65): CodeIgniter\CLI\Commands->run('migrate', Array)
#10 D:\XAMPP\htdocs\KHDTK - experimental\vendor\codeigniter4\framework\system\CLI\CommandRunner.php(51): CodeIgniter\CLI\CommandRunner->index(Array)
#11 D:\XAMPP\htdocs\KHDTK - experimental\vendor\codeigniter4\framework\system\CodeIgniter.php(920): CodeIgniter\CLI\CommandRunner->_remap('index', Array)
#12 D:\XAMPP\htdocs\KHDTK - experimental\vendor\codeigniter4\framework\system\CodeIgniter.php(482): CodeIgniter\CodeIgniter->runController(Object(CodeIgniter\CLI\CommandRunner))
#13 D:\XAMPP\htdocs\KHDTK - experimental\vendor\codeigniter4\framework\system\CodeIgniter.php(347): CodeIgniter\CodeIgniter->handleRequest(NULL, Object(Config\Cache), false)
#14 D:\XAMPP\htdocs\KHDTK - experimental\vendor\codeigniter4\framework\system\CLI\Console.php(48): CodeIgniter\CodeIgniter->run()
#15 D:\XAMPP\htdocs\KHDTK - experimental\spark(98): CodeIgniter\CLI\Console->run()
#16 {main}
