CRITICAL - 2023-01-13 03:46:39 --> Undefined index: anakpetak
in APPPATH\Views\apps\maps_detail.php on line 1038.
 1 APPPATH\Views\apps\maps_detail.php(1038): CodeIgniter\Debug\Exceptions->errorHandler(8, 'Undefined index: anakpetak', 'APPPATH\\Views\\apps\\maps_detail.php', 1038, [...])
 2 SYSTEMPATH\View\View.php(213): include('APPPATH\\Views\\apps\\maps_detail.php')
 3 SYSTEMPATH\View\View.php(216): CodeIgniter\View\View->CodeIgniter\View\{closure}()
 4 SYSTEMPATH\Common.php(1134): CodeIgniter\View\View->render('apps/maps_detail', [], true)
 5 APPPATH\Controllers\DetailMaps.php(48): view('apps/maps_detail', [...])
 6 SYSTEMPATH\CodeIgniter.php(927): App\Controllers\DetailMaps->index('2113')
 7 SYSTEMPATH\CodeIgniter.php(482): CodeIgniter\CodeIgniter->runController(Object(App\Controllers\DetailMaps))
 8 SYSTEMPATH\CodeIgniter.php(351): CodeIgniter\CodeIgniter->handleRequest(null, Object(Config\Cache), false)
 9 FCPATH\index.php(67): CodeIgniter\CodeIgniter->run()
10 SYSTEMPATH\Commands\Server\rewrite.php(46): require_once('FCPATH\\index.php')
CRITICAL - 2023-01-13 03:47:55 --> Undefined index: anakpetak
in APPPATH\Views\apps\maps_detail.php on line 1039.
 1 APPPATH\Views\apps\maps_detail.php(1039): CodeIgniter\Debug\Exceptions->errorHandler(8, 'Undefined index: anakpetak', 'APPPATH\\Views\\apps\\maps_detail.php', 1039, [...])
 2 SYSTEMPATH\View\View.php(213): include('APPPATH\\Views\\apps\\maps_detail.php')
 3 SYSTEMPATH\View\View.php(216): CodeIgniter\View\View->CodeIgniter\View\{closure}()
 4 SYSTEMPATH\Common.php(1134): CodeIgniter\View\View->render('apps/maps_detail', [], true)
 5 APPPATH\Controllers\DetailMaps.php(48): view('apps/maps_detail', [...])
 6 SYSTEMPATH\CodeIgniter.php(927): App\Controllers\DetailMaps->index('2113')
 7 SYSTEMPATH\CodeIgniter.php(482): CodeIgniter\CodeIgniter->runController(Object(App\Controllers\DetailMaps))
 8 SYSTEMPATH\CodeIgniter.php(351): CodeIgniter\CodeIgniter->handleRequest(null, Object(Config\Cache), false)
 9 FCPATH\index.php(67): CodeIgniter\CodeIgniter->run()
10 SYSTEMPATH\Commands\Server\rewrite.php(46): require_once('FCPATH\\index.php')
CRITICAL - 2023-01-13 03:52:57 --> Undefined variable: var
in APPPATH\Views\apps\maps_detail.php on line 1038.
 1 APPPATH\Views\apps\maps_detail.php(1038): CodeIgniter\Debug\Exceptions->errorHandler(8, 'Undefined variable: var', 'APPPATH\\Views\\apps\\maps_detail.php', 1038, [...])
 2 SYSTEMPATH\View\View.php(213): include('APPPATH\\Views\\apps\\maps_detail.php')
 3 SYSTEMPATH\View\View.php(216): CodeIgniter\View\View->CodeIgniter\View\{closure}()
 4 SYSTEMPATH\Common.php(1134): CodeIgniter\View\View->render('apps/maps_detail', [], true)
 5 APPPATH\Controllers\DetailMaps.php(48): view('apps/maps_detail', [...])
 6 SYSTEMPATH\CodeIgniter.php(927): App\Controllers\DetailMaps->index('2113')
 7 SYSTEMPATH\CodeIgniter.php(482): CodeIgniter\CodeIgniter->runController(Object(App\Controllers\DetailMaps))
 8 SYSTEMPATH\CodeIgniter.php(351): CodeIgniter\CodeIgniter->handleRequest(null, Object(Config\Cache), false)
 9 FCPATH\index.php(67): CodeIgniter\CodeIgniter->run()
10 SYSTEMPATH\Commands\Server\rewrite.php(46): require_once('FCPATH\\index.php')
CRITICAL - 2023-01-13 03:53:19 --> Undefined index: anakpetak
in APPPATH\Views\apps\maps_detail.php on line 1038.
 1 APPPATH\Views\apps\maps_detail.php(1038): CodeIgniter\Debug\Exceptions->errorHandler(8, 'Undefined index: anakpetak', 'APPPATH\\Views\\apps\\maps_detail.php', 1038, [...])
 2 SYSTEMPATH\View\View.php(213): include('APPPATH\\Views\\apps\\maps_detail.php')
 3 SYSTEMPATH\View\View.php(216): CodeIgniter\View\View->CodeIgniter\View\{closure}()
 4 SYSTEMPATH\Common.php(1134): CodeIgniter\View\View->render('apps/maps_detail', [], true)
 5 APPPATH\Controllers\DetailMaps.php(48): view('apps/maps_detail', [...])
 6 SYSTEMPATH\CodeIgniter.php(927): App\Controllers\DetailMaps->index('2113')
 7 SYSTEMPATH\CodeIgniter.php(482): CodeIgniter\CodeIgniter->runController(Object(App\Controllers\DetailMaps))
 8 SYSTEMPATH\CodeIgniter.php(351): CodeIgniter\CodeIgniter->handleRequest(null, Object(Config\Cache), false)
 9 FCPATH\index.php(67): CodeIgniter\CodeIgniter->run()
10 SYSTEMPATH\Commands\Server\rewrite.php(46): require_once('FCPATH\\index.php')
CRITICAL - 2023-01-13 03:53:32 --> Undefined index: anak_petak
in APPPATH\Views\apps\maps_detail.php on line 1038.
 1 APPPATH\Views\apps\maps_detail.php(1038): CodeIgniter\Debug\Exceptions->errorHandler(8, 'Undefined index: anak_petak', 'APPPATH\\Views\\apps\\maps_detail.php', 1038, [...])
 2 SYSTEMPATH\View\View.php(213): include('APPPATH\\Views\\apps\\maps_detail.php')
 3 SYSTEMPATH\View\View.php(216): CodeIgniter\View\View->CodeIgniter\View\{closure}()
 4 SYSTEMPATH\Common.php(1134): CodeIgniter\View\View->render('apps/maps_detail', [], true)
 5 APPPATH\Controllers\DetailMaps.php(48): view('apps/maps_detail', [...])
 6 SYSTEMPATH\CodeIgniter.php(927): App\Controllers\DetailMaps->index('2113')
 7 SYSTEMPATH\CodeIgniter.php(482): CodeIgniter\CodeIgniter->runController(Object(App\Controllers\DetailMaps))
 8 SYSTEMPATH\CodeIgniter.php(351): CodeIgniter\CodeIgniter->handleRequest(null, Object(Config\Cache), false)
 9 FCPATH\index.php(67): CodeIgniter\CodeIgniter->run()
10 SYSTEMPATH\Commands\Server\rewrite.php(46): require_once('FCPATH\\index.php')
CRITICAL - 2023-01-13 03:55:22 --> Function name must be a string
in APPPATH\Views\apps\maps_detail.php on line 1038.
 1 SYSTEMPATH\View\View.php(213): include()
 2 SYSTEMPATH\View\View.php(216): CodeIgniter\View\View->CodeIgniter\View\{closure}()
 3 SYSTEMPATH\Common.php(1134): CodeIgniter\View\View->render('apps/maps_detail', [], true)
 4 APPPATH\Controllers\DetailMaps.php(48): view('apps/maps_detail', [...])
 5 SYSTEMPATH\CodeIgniter.php(927): App\Controllers\DetailMaps->index('2113')
 6 SYSTEMPATH\CodeIgniter.php(482): CodeIgniter\CodeIgniter->runController(Object(App\Controllers\DetailMaps))
 7 SYSTEMPATH\CodeIgniter.php(351): CodeIgniter\CodeIgniter->handleRequest(null, Object(Config\Cache), false)
 8 FCPATH\index.php(67): CodeIgniter\CodeIgniter->run()
 9 SYSTEMPATH\Commands\Server\rewrite.php(46): require_once('FCPATH\\index.php')
CRITICAL - 2023-01-13 03:57:40 --> Undefined index: anak_petak
in APPPATH\Views\apps\maps_detail.php on line 1038.
 1 APPPATH\Views\apps\maps_detail.php(1038): CodeIgniter\Debug\Exceptions->errorHandler(8, 'Undefined index: anak_petak', 'APPPATH\\Views\\apps\\maps_detail.php', 1038, [...])
 2 SYSTEMPATH\View\View.php(213): include('APPPATH\\Views\\apps\\maps_detail.php')
 3 SYSTEMPATH\View\View.php(216): CodeIgniter\View\View->CodeIgniter\View\{closure}()
 4 SYSTEMPATH\Common.php(1134): CodeIgniter\View\View->render('apps/maps_detail', [], true)
 5 APPPATH\Controllers\DetailMaps.php(48): view('apps/maps_detail', [...])
 6 SYSTEMPATH\CodeIgniter.php(927): App\Controllers\DetailMaps->index('2113')
 7 SYSTEMPATH\CodeIgniter.php(482): CodeIgniter\CodeIgniter->runController(Object(App\Controllers\DetailMaps))
 8 SYSTEMPATH\CodeIgniter.php(351): CodeIgniter\CodeIgniter->handleRequest(null, Object(Config\Cache), false)
 9 FCPATH\index.php(67): CodeIgniter\CodeIgniter->run()
10 SYSTEMPATH\Commands\Server\rewrite.php(46): require_once('FCPATH\\index.php')
CRITICAL - 2023-01-13 03:59:19 --> Undefined index: anak_petak
in APPPATH\Views\apps\maps_detail.php on line 1038.
 1 APPPATH\Views\apps\maps_detail.php(1038): CodeIgniter\Debug\Exceptions->errorHandler(8, 'Undefined index: anak_petak', 'APPPATH\\Views\\apps\\maps_detail.php', 1038, [...])
 2 SYSTEMPATH\View\View.php(213): include('APPPATH\\Views\\apps\\maps_detail.php')
 3 SYSTEMPATH\View\View.php(216): CodeIgniter\View\View->CodeIgniter\View\{closure}()
 4 SYSTEMPATH\Common.php(1134): CodeIgniter\View\View->render('apps/maps_detail', [], true)
 5 APPPATH\Controllers\DetailMaps.php(50): view('apps/maps_detail', [...])
 6 SYSTEMPATH\CodeIgniter.php(927): App\Controllers\DetailMaps->index('2113')
 7 SYSTEMPATH\CodeIgniter.php(482): CodeIgniter\CodeIgniter->runController(Object(App\Controllers\DetailMaps))
 8 SYSTEMPATH\CodeIgniter.php(351): CodeIgniter\CodeIgniter->handleRequest(null, Object(Config\Cache), false)
 9 FCPATH\index.php(67): CodeIgniter\CodeIgniter->run()
10 SYSTEMPATH\Commands\Server\rewrite.php(46): require_once('FCPATH\\index.php')
CRITICAL - 2023-01-13 03:59:20 --> Undefined index: anak_petak
in APPPATH\Views\apps\maps_detail.php on line 1038.
 1 APPPATH\Views\apps\maps_detail.php(1038): CodeIgniter\Debug\Exceptions->errorHandler(8, 'Undefined index: anak_petak', 'APPPATH\\Views\\apps\\maps_detail.php', 1038, [...])
 2 SYSTEMPATH\View\View.php(213): include('APPPATH\\Views\\apps\\maps_detail.php')
 3 SYSTEMPATH\View\View.php(216): CodeIgniter\View\View->CodeIgniter\View\{closure}()
 4 SYSTEMPATH\Common.php(1134): CodeIgniter\View\View->render('apps/maps_detail', [], true)
 5 APPPATH\Controllers\DetailMaps.php(50): view('apps/maps_detail', [...])
 6 SYSTEMPATH\CodeIgniter.php(927): App\Controllers\DetailMaps->index('2113')
 7 SYSTEMPATH\CodeIgniter.php(482): CodeIgniter\CodeIgniter->runController(Object(App\Controllers\DetailMaps))
 8 SYSTEMPATH\CodeIgniter.php(351): CodeIgniter\CodeIgniter->handleRequest(null, Object(Config\Cache), false)
 9 FCPATH\index.php(67): CodeIgniter\CodeIgniter->run()
10 SYSTEMPATH\Commands\Server\rewrite.php(46): require_once('FCPATH\\index.php')
CRITICAL - 2023-01-13 03:59:58 --> Undefined index: anak_petak
in APPPATH\Views\apps\maps_detail.php on line 1038.
 1 APPPATH\Views\apps\maps_detail.php(1038): CodeIgniter\Debug\Exceptions->errorHandler(8, 'Undefined index: anak_petak', 'APPPATH\\Views\\apps\\maps_detail.php', 1038, [...])
 2 SYSTEMPATH\View\View.php(213): include('APPPATH\\Views\\apps\\maps_detail.php')
 3 SYSTEMPATH\View\View.php(216): CodeIgniter\View\View->CodeIgniter\View\{closure}()
 4 SYSTEMPATH\Common.php(1134): CodeIgniter\View\View->render('apps/maps_detail', [], true)
 5 APPPATH\Controllers\DetailMaps.php(50): view('apps/maps_detail', [...])
 6 SYSTEMPATH\CodeIgniter.php(927): App\Controllers\DetailMaps->index('2113')
 7 SYSTEMPATH\CodeIgniter.php(482): CodeIgniter\CodeIgniter->runController(Object(App\Controllers\DetailMaps))
 8 SYSTEMPATH\CodeIgniter.php(351): CodeIgniter\CodeIgniter->handleRequest(null, Object(Config\Cache), false)
 9 FCPATH\index.php(67): CodeIgniter\CodeIgniter->run()
10 SYSTEMPATH\Commands\Server\rewrite.php(46): require_once('FCPATH\\index.php')
CRITICAL - 2023-01-13 04:00:00 --> Undefined index: anak_petak
in APPPATH\Views\apps\maps_detail.php on line 1038.
 1 APPPATH\Views\apps\maps_detail.php(1038): CodeIgniter\Debug\Exceptions->errorHandler(8, 'Undefined index: anak_petak', 'APPPATH\\Views\\apps\\maps_detail.php', 1038, [...])
 2 SYSTEMPATH\View\View.php(213): include('APPPATH\\Views\\apps\\maps_detail.php')
 3 SYSTEMPATH\View\View.php(216): CodeIgniter\View\View->CodeIgniter\View\{closure}()
 4 SYSTEMPATH\Common.php(1134): CodeIgniter\View\View->render('apps/maps_detail', [], true)
 5 APPPATH\Controllers\DetailMaps.php(50): view('apps/maps_detail', [...])
 6 SYSTEMPATH\CodeIgniter.php(927): App\Controllers\DetailMaps->index('2113')
 7 SYSTEMPATH\CodeIgniter.php(482): CodeIgniter\CodeIgniter->runController(Object(App\Controllers\DetailMaps))
 8 SYSTEMPATH\CodeIgniter.php(351): CodeIgniter\CodeIgniter->handleRequest(null, Object(Config\Cache), false)
 9 FCPATH\index.php(67): CodeIgniter\CodeIgniter->run()
10 SYSTEMPATH\Commands\Server\rewrite.php(46): require_once('FCPATH\\index.php')
CRITICAL - 2023-01-13 04:00:01 --> Undefined index: anak_petak
in APPPATH\Views\apps\maps_detail.php on line 1038.
 1 APPPATH\Views\apps\maps_detail.php(1038): CodeIgniter\Debug\Exceptions->errorHandler(8, 'Undefined index: anak_petak', 'APPPATH\\Views\\apps\\maps_detail.php', 1038, [...])
 2 SYSTEMPATH\View\View.php(213): include('APPPATH\\Views\\apps\\maps_detail.php')
 3 SYSTEMPATH\View\View.php(216): CodeIgniter\View\View->CodeIgniter\View\{closure}()
 4 SYSTEMPATH\Common.php(1134): CodeIgniter\View\View->render('apps/maps_detail', [], true)
 5 APPPATH\Controllers\DetailMaps.php(50): view('apps/maps_detail', [...])
 6 SYSTEMPATH\CodeIgniter.php(927): App\Controllers\DetailMaps->index('2113')
 7 SYSTEMPATH\CodeIgniter.php(482): CodeIgniter\CodeIgniter->runController(Object(App\Controllers\DetailMaps))
 8 SYSTEMPATH\CodeIgniter.php(351): CodeIgniter\CodeIgniter->handleRequest(null, Object(Config\Cache), false)
 9 FCPATH\index.php(67): CodeIgniter\CodeIgniter->run()
10 SYSTEMPATH\Commands\Server\rewrite.php(46): require_once('FCPATH\\index.php')
CRITICAL - 2023-01-13 04:00:19 --> Cannot use object of type stdClass as array
in APPPATH\Views\apps\maps_detail.php on line 1038.
 1 SYSTEMPATH\View\View.php(213): include()
 2 SYSTEMPATH\View\View.php(216): CodeIgniter\View\View->CodeIgniter\View\{closure}()
 3 SYSTEMPATH\Common.php(1134): CodeIgniter\View\View->render('apps/maps_detail', [], true)
 4 APPPATH\Controllers\DetailMaps.php(50): view('apps/maps_detail', [...])
 5 SYSTEMPATH\CodeIgniter.php(927): App\Controllers\DetailMaps->index('2113')
 6 SYSTEMPATH\CodeIgniter.php(482): CodeIgniter\CodeIgniter->runController(Object(App\Controllers\DetailMaps))
 7 SYSTEMPATH\CodeIgniter.php(351): CodeIgniter\CodeIgniter->handleRequest(null, Object(Config\Cache), false)
 8 FCPATH\index.php(67): CodeIgniter\CodeIgniter->run()
 9 SYSTEMPATH\Commands\Server\rewrite.php(46): require_once('FCPATH\\index.php')
CRITICAL - 2023-01-13 04:00:38 --> Function name must be a string
in APPPATH\Views\apps\maps_detail.php on line 1038.
 1 SYSTEMPATH\View\View.php(213): include()
 2 SYSTEMPATH\View\View.php(216): CodeIgniter\View\View->CodeIgniter\View\{closure}()
 3 SYSTEMPATH\Common.php(1134): CodeIgniter\View\View->render('apps/maps_detail', [], true)
 4 APPPATH\Controllers\DetailMaps.php(50): view('apps/maps_detail', [...])
 5 SYSTEMPATH\CodeIgniter.php(927): App\Controllers\DetailMaps->index('2113')
 6 SYSTEMPATH\CodeIgniter.php(482): CodeIgniter\CodeIgniter->runController(Object(App\Controllers\DetailMaps))
 7 SYSTEMPATH\CodeIgniter.php(351): CodeIgniter\CodeIgniter->handleRequest(null, Object(Config\Cache), false)
 8 FCPATH\index.php(67): CodeIgniter\CodeIgniter->run()
 9 SYSTEMPATH\Commands\Server\rewrite.php(46): require_once('FCPATH\\index.php')
CRITICAL - 2023-01-13 04:02:33 --> Cannot use object of type stdClass as array
in APPPATH\Views\apps\maps_detail.php on line 1039.
 1 SYSTEMPATH\View\View.php(213): include()
 2 SYSTEMPATH\View\View.php(216): CodeIgniter\View\View->CodeIgniter\View\{closure}()
 3 SYSTEMPATH\Common.php(1134): CodeIgniter\View\View->render('apps/maps_detail', [], true)
 4 APPPATH\Controllers\DetailMaps.php(50): view('apps/maps_detail', [...])
 5 SYSTEMPATH\CodeIgniter.php(927): App\Controllers\DetailMaps->index('2113')
 6 SYSTEMPATH\CodeIgniter.php(482): CodeIgniter\CodeIgniter->runController(Object(App\Controllers\DetailMaps))
 7 SYSTEMPATH\CodeIgniter.php(351): CodeIgniter\CodeIgniter->handleRequest(null, Object(Config\Cache), false)
 8 FCPATH\index.php(67): CodeIgniter\CodeIgniter->run()
 9 SYSTEMPATH\Commands\Server\rewrite.php(46): require_once('FCPATH\\index.php')
CRITICAL - 2023-01-13 04:02:42 --> Illegal string offset 'anak_petak'
in APPPATH\Views\apps\maps_detail.php on line 1039.
 1 APPPATH\Views\apps\maps_detail.php(1039): CodeIgniter\Debug\Exceptions->errorHandler(2, 'Illegal string offset \'anak_petak\'', 'APPPATH\\Views\\apps\\maps_detail.php', 1039, [...])
 2 SYSTEMPATH\View\View.php(213): include('APPPATH\\Views\\apps\\maps_detail.php')
 3 SYSTEMPATH\View\View.php(216): CodeIgniter\View\View->CodeIgniter\View\{closure}()
 4 SYSTEMPATH\Common.php(1134): CodeIgniter\View\View->render('apps/maps_detail', [], true)
 5 APPPATH\Controllers\DetailMaps.php(50): view('apps/maps_detail', [...])
 6 SYSTEMPATH\CodeIgniter.php(927): App\Controllers\DetailMaps->index('2113')
 7 SYSTEMPATH\CodeIgniter.php(482): CodeIgniter\CodeIgniter->runController(Object(App\Controllers\DetailMaps))
 8 SYSTEMPATH\CodeIgniter.php(351): CodeIgniter\CodeIgniter->handleRequest(null, Object(Config\Cache), false)
 9 FCPATH\index.php(67): CodeIgniter\CodeIgniter->run()
10 SYSTEMPATH\Commands\Server\rewrite.php(46): require_once('FCPATH\\index.php')
CRITICAL - 2023-01-13 04:02:46 --> Illegal string offset 'anak_petak'
in APPPATH\Views\apps\maps_detail.php on line 1039.
 1 APPPATH\Views\apps\maps_detail.php(1039): CodeIgniter\Debug\Exceptions->errorHandler(2, 'Illegal string offset \'anak_petak\'', 'APPPATH\\Views\\apps\\maps_detail.php', 1039, [...])
 2 SYSTEMPATH\View\View.php(213): include('APPPATH\\Views\\apps\\maps_detail.php')
 3 SYSTEMPATH\View\View.php(216): CodeIgniter\View\View->CodeIgniter\View\{closure}()
 4 SYSTEMPATH\Common.php(1134): CodeIgniter\View\View->render('apps/maps_detail', [], true)
 5 APPPATH\Controllers\DetailMaps.php(50): view('apps/maps_detail', [...])
 6 SYSTEMPATH\CodeIgniter.php(927): App\Controllers\DetailMaps->index('2113')
 7 SYSTEMPATH\CodeIgniter.php(482): CodeIgniter\CodeIgniter->runController(Object(App\Controllers\DetailMaps))
 8 SYSTEMPATH\CodeIgniter.php(351): CodeIgniter\CodeIgniter->handleRequest(null, Object(Config\Cache), false)
 9 FCPATH\index.php(67): CodeIgniter\CodeIgniter->run()
10 SYSTEMPATH\Commands\Server\rewrite.php(46): require_once('FCPATH\\index.php')
CRITICAL - 2023-01-13 04:02:55 --> Illegal string offset 'anakpetak'
in APPPATH\Views\apps\maps_detail.php on line 1039.
 1 APPPATH\Views\apps\maps_detail.php(1039): CodeIgniter\Debug\Exceptions->errorHandler(2, 'Illegal string offset \'anakpetak\'', 'APPPATH\\Views\\apps\\maps_detail.php', 1039, [...])
 2 SYSTEMPATH\View\View.php(213): include('APPPATH\\Views\\apps\\maps_detail.php')
 3 SYSTEMPATH\View\View.php(216): CodeIgniter\View\View->CodeIgniter\View\{closure}()
 4 SYSTEMPATH\Common.php(1134): CodeIgniter\View\View->render('apps/maps_detail', [], true)
 5 APPPATH\Controllers\DetailMaps.php(50): view('apps/maps_detail', [...])
 6 SYSTEMPATH\CodeIgniter.php(927): App\Controllers\DetailMaps->index('2113')
 7 SYSTEMPATH\CodeIgniter.php(482): CodeIgniter\CodeIgniter->runController(Object(App\Controllers\DetailMaps))
 8 SYSTEMPATH\CodeIgniter.php(351): CodeIgniter\CodeIgniter->handleRequest(null, Object(Config\Cache), false)
 9 FCPATH\index.php(67): CodeIgniter\CodeIgniter->run()
10 SYSTEMPATH\Commands\Server\rewrite.php(46): require_once('FCPATH\\index.php')
CRITICAL - 2023-01-13 04:02:56 --> Illegal string offset 'anakpetak'
in APPPATH\Views\apps\maps_detail.php on line 1039.
 1 APPPATH\Views\apps\maps_detail.php(1039): CodeIgniter\Debug\Exceptions->errorHandler(2, 'Illegal string offset \'anakpetak\'', 'APPPATH\\Views\\apps\\maps_detail.php', 1039, [...])
 2 SYSTEMPATH\View\View.php(213): include('APPPATH\\Views\\apps\\maps_detail.php')
 3 SYSTEMPATH\View\View.php(216): CodeIgniter\View\View->CodeIgniter\View\{closure}()
 4 SYSTEMPATH\Common.php(1134): CodeIgniter\View\View->render('apps/maps_detail', [], true)
 5 APPPATH\Controllers\DetailMaps.php(50): view('apps/maps_detail', [...])
 6 SYSTEMPATH\CodeIgniter.php(927): App\Controllers\DetailMaps->index('2113')
 7 SYSTEMPATH\CodeIgniter.php(482): CodeIgniter\CodeIgniter->runController(Object(App\Controllers\DetailMaps))
 8 SYSTEMPATH\CodeIgniter.php(351): CodeIgniter\CodeIgniter->handleRequest(null, Object(Config\Cache), false)
 9 FCPATH\index.php(67): CodeIgniter\CodeIgniter->run()
10 SYSTEMPATH\Commands\Server\rewrite.php(46): require_once('FCPATH\\index.php')
CRITICAL - 2023-01-13 04:03:13 --> Trying to get property 'anakpetak' of non-object
in APPPATH\Views\apps\maps_detail.php on line 1039.
 1 APPPATH\Views\apps\maps_detail.php(1039): CodeIgniter\Debug\Exceptions->errorHandler(8, 'Trying to get property \'anakpetak\' of non-object', 'APPPATH\\Views\\apps\\maps_detail.php', 1039, [...])
 2 SYSTEMPATH\View\View.php(213): include('APPPATH\\Views\\apps\\maps_detail.php')
 3 SYSTEMPATH\View\View.php(216): CodeIgniter\View\View->CodeIgniter\View\{closure}()
 4 SYSTEMPATH\Common.php(1134): CodeIgniter\View\View->render('apps/maps_detail', [], true)
 5 APPPATH\Controllers\DetailMaps.php(50): view('apps/maps_detail', [...])
 6 SYSTEMPATH\CodeIgniter.php(927): App\Controllers\DetailMaps->index('2113')
 7 SYSTEMPATH\CodeIgniter.php(482): CodeIgniter\CodeIgniter->runController(Object(App\Controllers\DetailMaps))
 8 SYSTEMPATH\CodeIgniter.php(351): CodeIgniter\CodeIgniter->handleRequest(null, Object(Config\Cache), false)
 9 FCPATH\index.php(67): CodeIgniter\CodeIgniter->run()
10 SYSTEMPATH\Commands\Server\rewrite.php(46): require_once('FCPATH\\index.php')
CRITICAL - 2023-01-13 04:03:41 --> Cannot use object of type stdClass as array
in APPPATH\Views\apps\maps_detail.php on line 1039.
 1 SYSTEMPATH\View\View.php(213): include()
 2 SYSTEMPATH\View\View.php(216): CodeIgniter\View\View->CodeIgniter\View\{closure}()
 3 SYSTEMPATH\Common.php(1134): CodeIgniter\View\View->render('apps/maps_detail', [], true)
 4 APPPATH\Controllers\DetailMaps.php(50): view('apps/maps_detail', [...])
 5 SYSTEMPATH\CodeIgniter.php(927): App\Controllers\DetailMaps->index('2113')
 6 SYSTEMPATH\CodeIgniter.php(482): CodeIgniter\CodeIgniter->runController(Object(App\Controllers\DetailMaps))
 7 SYSTEMPATH\CodeIgniter.php(351): CodeIgniter\CodeIgniter->handleRequest(null, Object(Config\Cache), false)
 8 FCPATH\index.php(67): CodeIgniter\CodeIgniter->run()
 9 SYSTEMPATH\Commands\Server\rewrite.php(46): require_once('FCPATH\\index.php')
CRITICAL - 2023-01-13 04:03:44 --> Cannot use object of type stdClass as array
in APPPATH\Views\apps\maps_detail.php on line 1039.
 1 SYSTEMPATH\View\View.php(213): include()
 2 SYSTEMPATH\View\View.php(216): CodeIgniter\View\View->CodeIgniter\View\{closure}()
 3 SYSTEMPATH\Common.php(1134): CodeIgniter\View\View->render('apps/maps_detail', [], true)
 4 APPPATH\Controllers\DetailMaps.php(50): view('apps/maps_detail', [...])
 5 SYSTEMPATH\CodeIgniter.php(927): App\Controllers\DetailMaps->index('2113')
 6 SYSTEMPATH\CodeIgniter.php(482): CodeIgniter\CodeIgniter->runController(Object(App\Controllers\DetailMaps))
 7 SYSTEMPATH\CodeIgniter.php(351): CodeIgniter\CodeIgniter->handleRequest(null, Object(Config\Cache), false)
 8 FCPATH\index.php(67): CodeIgniter\CodeIgniter->run()
 9 SYSTEMPATH\Commands\Server\rewrite.php(46): require_once('FCPATH\\index.php')
CRITICAL - 2023-01-13 04:03:57 --> Cannot use object of type stdClass as array
in APPPATH\Views\apps\maps_detail.php on line 1039.
 1 SYSTEMPATH\View\View.php(213): include()
 2 SYSTEMPATH\View\View.php(216): CodeIgniter\View\View->CodeIgniter\View\{closure}()
 3 SYSTEMPATH\Common.php(1134): CodeIgniter\View\View->render('apps/maps_detail', [], true)
 4 APPPATH\Controllers\DetailMaps.php(50): view('apps/maps_detail', [...])
 5 SYSTEMPATH\CodeIgniter.php(927): App\Controllers\DetailMaps->index('2113')
 6 SYSTEMPATH\CodeIgniter.php(482): CodeIgniter\CodeIgniter->runController(Object(App\Controllers\DetailMaps))
 7 SYSTEMPATH\CodeIgniter.php(351): CodeIgniter\CodeIgniter->handleRequest(null, Object(Config\Cache), false)
 8 FCPATH\index.php(67): CodeIgniter\CodeIgniter->run()
 9 SYSTEMPATH\Commands\Server\rewrite.php(46): require_once('FCPATH\\index.php')
CRITICAL - 2023-01-13 04:05:30 --> Trying to get property 'anakpetak' of non-object
in APPPATH\Views\apps\maps_detail.php on line 1039.
 1 APPPATH\Views\apps\maps_detail.php(1039): CodeIgniter\Debug\Exceptions->errorHandler(8, 'Trying to get property \'anakpetak\' of non-object', 'APPPATH\\Views\\apps\\maps_detail.php', 1039, [...])
 2 SYSTEMPATH\View\View.php(213): include('APPPATH\\Views\\apps\\maps_detail.php')
 3 SYSTEMPATH\View\View.php(216): CodeIgniter\View\View->CodeIgniter\View\{closure}()
 4 SYSTEMPATH\Common.php(1134): CodeIgniter\View\View->render('apps/maps_detail', [], true)
 5 APPPATH\Controllers\DetailMaps.php(50): view('apps/maps_detail', [...])
 6 SYSTEMPATH\CodeIgniter.php(927): App\Controllers\DetailMaps->index('2113')
 7 SYSTEMPATH\CodeIgniter.php(482): CodeIgniter\CodeIgniter->runController(Object(App\Controllers\DetailMaps))
 8 SYSTEMPATH\CodeIgniter.php(351): CodeIgniter\CodeIgniter->handleRequest(null, Object(Config\Cache), false)
 9 FCPATH\index.php(67): CodeIgniter\CodeIgniter->run()
10 SYSTEMPATH\Commands\Server\rewrite.php(46): require_once('FCPATH\\index.php')
CRITICAL - 2023-01-13 04:07:12 --> Illegal string offset 'anakpetak'
in APPPATH\Views\apps\maps_detail.php on line 1039.
 1 APPPATH\Views\apps\maps_detail.php(1039): CodeIgniter\Debug\Exceptions->errorHandler(2, 'Illegal string offset \'anakpetak\'', 'APPPATH\\Views\\apps\\maps_detail.php', 1039, [...])
 2 SYSTEMPATH\View\View.php(213): include('APPPATH\\Views\\apps\\maps_detail.php')
 3 SYSTEMPATH\View\View.php(216): CodeIgniter\View\View->CodeIgniter\View\{closure}()
 4 SYSTEMPATH\Common.php(1134): CodeIgniter\View\View->render('apps/maps_detail', [], true)
 5 APPPATH\Controllers\DetailMaps.php(50): view('apps/maps_detail', [...])
 6 SYSTEMPATH\CodeIgniter.php(927): App\Controllers\DetailMaps->index('2113')
 7 SYSTEMPATH\CodeIgniter.php(482): CodeIgniter\CodeIgniter->runController(Object(App\Controllers\DetailMaps))
 8 SYSTEMPATH\CodeIgniter.php(351): CodeIgniter\CodeIgniter->handleRequest(null, Object(Config\Cache), false)
 9 FCPATH\index.php(67): CodeIgniter\CodeIgniter->run()
10 SYSTEMPATH\Commands\Server\rewrite.php(46): require_once('FCPATH\\index.php')
CRITICAL - 2023-01-13 04:09:08 --> Illegal string offset 'anakpetak'
in APPPATH\Views\apps\maps_detail.php on line 1039.
 1 APPPATH\Views\apps\maps_detail.php(1039): CodeIgniter\Debug\Exceptions->errorHandler(2, 'Illegal string offset \'anakpetak\'', 'APPPATH\\Views\\apps\\maps_detail.php', 1039, [...])
 2 SYSTEMPATH\View\View.php(213): include('APPPATH\\Views\\apps\\maps_detail.php')
 3 SYSTEMPATH\View\View.php(216): CodeIgniter\View\View->CodeIgniter\View\{closure}()
 4 SYSTEMPATH\Common.php(1134): CodeIgniter\View\View->render('apps/maps_detail', [], true)
 5 APPPATH\Controllers\DetailMaps.php(50): view('apps/maps_detail', [...])
 6 SYSTEMPATH\CodeIgniter.php(927): App\Controllers\DetailMaps->index('2113')
 7 SYSTEMPATH\CodeIgniter.php(482): CodeIgniter\CodeIgniter->runController(Object(App\Controllers\DetailMaps))
 8 SYSTEMPATH\CodeIgniter.php(351): CodeIgniter\CodeIgniter->handleRequest(null, Object(Config\Cache), false)
 9 FCPATH\index.php(67): CodeIgniter\CodeIgniter->run()
10 SYSTEMPATH\Commands\Server\rewrite.php(46): require_once('FCPATH\\index.php')
CRITICAL - 2023-01-13 04:09:24 --> Trying to get property 'anakpetak' of non-object
in APPPATH\Views\apps\maps_detail.php on line 1039.
 1 APPPATH\Views\apps\maps_detail.php(1039): CodeIgniter\Debug\Exceptions->errorHandler(8, 'Trying to get property \'anakpetak\' of non-object', 'APPPATH\\Views\\apps\\maps_detail.php', 1039, [...])
 2 SYSTEMPATH\View\View.php(213): include('APPPATH\\Views\\apps\\maps_detail.php')
 3 SYSTEMPATH\View\View.php(216): CodeIgniter\View\View->CodeIgniter\View\{closure}()
 4 SYSTEMPATH\Common.php(1134): CodeIgniter\View\View->render('apps/maps_detail', [], true)
 5 APPPATH\Controllers\DetailMaps.php(50): view('apps/maps_detail', [...])
 6 SYSTEMPATH\CodeIgniter.php(927): App\Controllers\DetailMaps->index('2113')
 7 SYSTEMPATH\CodeIgniter.php(482): CodeIgniter\CodeIgniter->runController(Object(App\Controllers\DetailMaps))
 8 SYSTEMPATH\CodeIgniter.php(351): CodeIgniter\CodeIgniter->handleRequest(null, Object(Config\Cache), false)
 9 FCPATH\index.php(67): CodeIgniter\CodeIgniter->run()
10 SYSTEMPATH\Commands\Server\rewrite.php(46): require_once('FCPATH\\index.php')
