CRITICAL - 2022-12-27 02:30:04 --> There is no data to insert.
in SYSTEMPATH\BaseModel.php on line 729.
 1 SYSTEMPATH\BaseModel.php(729): CodeIgniter\Database\Exceptions\DataException::forEmptyDataset('insert')
 2 SYSTEMPATH\Model.php(667): CodeIgniter\BaseModel->insert([], false)
 3 SYSTEMPATH\BaseModel.php(659): CodeIgniter\Model->insert([...], false)
 4 APPPATH\Controllers\StrukturUmt.php(160): CodeIgniter\BaseModel->save([...])
 5 SYSTEMPATH\CodeIgniter.php(927): App\Controllers\StrukturUmt->savecupet()
 6 SYSTEMPATH\CodeIgniter.php(482): CodeIgniter\CodeIgniter->runController(Object(App\Controllers\StrukturUmt))
 7 SYSTEMPATH\CodeIgniter.php(351): CodeIgniter\CodeIgniter->handleRequest(null, Object(Config\Cache), false)
 8 FCPATH\index.php(67): CodeIgniter\CodeIgniter->run()
 9 SYSTEMPATH\Commands\Server\rewrite.php(46): require_once('FCPATH\\index.php')
CRITICAL - 2022-12-27 02:32:04 --> Undefined index: kode_zonasi_lmu
in APPPATH\Views\database\struktur_umt.php on line 1020.
 1 APPPATH\Views\database\struktur_umt.php(1020): CodeIgniter\Debug\Exceptions->errorHandler(8, 'Undefined index: kode_zonasi_lmu', 'APPPATH\\Views\\database\\struktur_umt.php', 1020, [...])
 2 SYSTEMPATH\View\View.php(213): include('APPPATH\\Views\\database\\struktur_umt.php')
 3 SYSTEMPATH\View\View.php(216): CodeIgniter\View\View->CodeIgniter\View\{closure}()
 4 SYSTEMPATH\Common.php(1134): CodeIgniter\View\View->render('database/struktur_umt', [], true)
 5 APPPATH\Controllers\StrukturUmt.php(44): view('database/struktur_umt', [...])
 6 SYSTEMPATH\CodeIgniter.php(927): App\Controllers\StrukturUmt->struktur_umt()
 7 SYSTEMPATH\CodeIgniter.php(482): CodeIgniter\CodeIgniter->runController(Object(App\Controllers\StrukturUmt))
 8 SYSTEMPATH\CodeIgniter.php(351): CodeIgniter\CodeIgniter->handleRequest(null, Object(Config\Cache), false)
 9 FCPATH\index.php(67): CodeIgniter\CodeIgniter->run()
10 SYSTEMPATH\Commands\Server\rewrite.php(46): require_once('FCPATH\\index.php')
CRITICAL - 2022-12-27 02:34:20 --> Undefined variable: penataankawasan
in APPPATH\Views\database\struktur_umt.php on line 1222.
 1 APPPATH\Views\database\struktur_umt.php(1222): CodeIgniter\Debug\Exceptions->errorHandler(8, 'Undefined variable: penataankawasan', 'APPPATH\\Views\\database\\struktur_umt.php', 1222, [...])
 2 SYSTEMPATH\View\View.php(213): include('APPPATH\\Views\\database\\struktur_umt.php')
 3 SYSTEMPATH\View\View.php(216): CodeIgniter\View\View->CodeIgniter\View\{closure}()
 4 SYSTEMPATH\Common.php(1134): CodeIgniter\View\View->render('database/struktur_umt', [], true)
 5 APPPATH\Controllers\StrukturUmt.php(44): view('database/struktur_umt', [...])
 6 SYSTEMPATH\CodeIgniter.php(927): App\Controllers\StrukturUmt->struktur_umt()
 7 SYSTEMPATH\CodeIgniter.php(482): CodeIgniter\CodeIgniter->runController(Object(App\Controllers\StrukturUmt))
 8 SYSTEMPATH\CodeIgniter.php(351): CodeIgniter\CodeIgniter->handleRequest(null, Object(Config\Cache), false)
 9 FCPATH\index.php(67): CodeIgniter\CodeIgniter->run()
10 SYSTEMPATH\Commands\Server\rewrite.php(46): require_once('FCPATH\\index.php')
CRITICAL - 2022-12-27 07:56:19 --> Undefined index: sk
in APPPATH\Views\database\inven.php on line 727.
 1 APPPATH\Views\database\inven.php(727): CodeIgniter\Debug\Exceptions->errorHandler(8, 'Undefined index: sk', 'APPPATH\\Views\\database\\inven.php', 727, [...])
 2 SYSTEMPATH\View\View.php(213): include('APPPATH\\Views\\database\\inven.php')
 3 SYSTEMPATH\View\View.php(216): CodeIgniter\View\View->CodeIgniter\View\{closure}()
 4 SYSTEMPATH\Common.php(1134): CodeIgniter\View\View->render('database/inven', [], true)
 5 APPPATH\Controllers\Inven.php(42): view('database/inven', [...])
 6 SYSTEMPATH\CodeIgniter.php(927): App\Controllers\Inven->inven()
 7 SYSTEMPATH\CodeIgniter.php(482): CodeIgniter\CodeIgniter->runController(Object(App\Controllers\Inven))
 8 SYSTEMPATH\CodeIgniter.php(351): CodeIgniter\CodeIgniter->handleRequest(null, Object(Config\Cache), false)
 9 FCPATH\index.php(67): CodeIgniter\CodeIgniter->run()
10 SYSTEMPATH\Commands\Server\rewrite.php(46): require_once('FCPATH\\index.php')
