CRITICAL - 2023-01-09 07:21:26 --> You do not have sufficient permissions to access that page.
in VENDORPATH\myth\auth\src\Filters\RoleFilter.php on line 45.
 1 SYSTEMPATH\Filters\Filters.php(173): Myth\Auth\Filters\RoleFilter->before(Object(CodeIgniter\HTTP\IncomingRequest), [...])
 2 SYSTEMPATH\CodeIgniter.php(455): CodeIgniter\Filters\Filters->run('database/data-user', 'before')
 3 SYSTEMPATH\CodeIgniter.php(351): CodeIgniter\CodeIgniter->handleRequest(null, Object(Config\Cache), false)
 4 FCPATH\index.php(67): CodeIgniter\CodeIgniter->run()
 5 SYSTEMPATH\Commands\Server\rewrite.php(46): require_once('FCPATH\\index.php')
CRITICAL - 2023-01-09 08:02:23 --> Too few arguments to function in_groups(), 0 passed in D:\XAMPP\htdocs\KHDTK - experimental\app\Views\pages\profile.php on line 542 and exactly 1 expected
in VENDORPATH\myth\auth\src\Helpers\auth_helper.php on line 61.
 1 APPPATH\Views\pages\profile.php(542): in_groups()
 2 SYSTEMPATH\View\View.php(213): include('APPPATH\\Views\\pages\\profile.php')
 3 SYSTEMPATH\View\View.php(216): CodeIgniter\View\View->CodeIgniter\View\{closure}()
 4 SYSTEMPATH\Common.php(1134): CodeIgniter\View\View->render('pages/profile', [], true)
 5 APPPATH\Controllers\Dashboard.php(35): view('pages/profile', [...])
 6 SYSTEMPATH\CodeIgniter.php(927): App\Controllers\Dashboard->profile()
 7 SYSTEMPATH\CodeIgniter.php(482): CodeIgniter\CodeIgniter->runController(Object(App\Controllers\Dashboard))
 8 SYSTEMPATH\CodeIgniter.php(351): CodeIgniter\CodeIgniter->handleRequest(null, Object(Config\Cache), false)
 9 FCPATH\index.php(67): CodeIgniter\CodeIgniter->run()
10 SYSTEMPATH\Commands\Server\rewrite.php(46): require_once('FCPATH\\index.php')
CRITICAL - 2023-01-09 08:06:00 --> Trying to get property 'name' of non-object
in APPPATH\Views\pages\profile.php on line 542.
 1 APPPATH\Views\pages\profile.php(542): CodeIgniter\Debug\Exceptions->errorHandler(8, 'Trying to get property \'name\' of non-object', 'APPPATH\\Views\\pages\\profile.php', 542, [...])
 2 SYSTEMPATH\View\View.php(213): include('APPPATH\\Views\\pages\\profile.php')
 3 SYSTEMPATH\View\View.php(216): CodeIgniter\View\View->CodeIgniter\View\{closure}()
 4 SYSTEMPATH\Common.php(1134): CodeIgniter\View\View->render('pages/profile', [], true)
 5 APPPATH\Controllers\Dashboard.php(35): view('pages/profile', [...])
 6 SYSTEMPATH\CodeIgniter.php(927): App\Controllers\Dashboard->profile()
 7 SYSTEMPATH\CodeIgniter.php(482): CodeIgniter\CodeIgniter->runController(Object(App\Controllers\Dashboard))
 8 SYSTEMPATH\CodeIgniter.php(351): CodeIgniter\CodeIgniter->handleRequest(null, Object(Config\Cache), false)
 9 FCPATH\index.php(67): CodeIgniter\CodeIgniter->run()
10 SYSTEMPATH\Commands\Server\rewrite.php(46): require_once('FCPATH\\index.php')
CRITICAL - 2023-01-09 08:10:06 --> Trying to get property 'group_id' of non-object
in APPPATH\Views\pages\profile.php on line 542.
 1 APPPATH\Views\pages\profile.php(542): CodeIgniter\Debug\Exceptions->errorHandler(8, 'Trying to get property \'group_id\' of non-object', 'APPPATH\\Views\\pages\\profile.php', 542, [...])
 2 SYSTEMPATH\View\View.php(213): include('APPPATH\\Views\\pages\\profile.php')
 3 SYSTEMPATH\View\View.php(216): CodeIgniter\View\View->CodeIgniter\View\{closure}()
 4 SYSTEMPATH\Common.php(1134): CodeIgniter\View\View->render('pages/profile', [], true)
 5 APPPATH\Controllers\Dashboard.php(35): view('pages/profile', [...])
 6 SYSTEMPATH\CodeIgniter.php(927): App\Controllers\Dashboard->profile()
 7 SYSTEMPATH\CodeIgniter.php(482): CodeIgniter\CodeIgniter->runController(Object(App\Controllers\Dashboard))
 8 SYSTEMPATH\CodeIgniter.php(351): CodeIgniter\CodeIgniter->handleRequest(null, Object(Config\Cache), false)
 9 FCPATH\index.php(67): CodeIgniter\CodeIgniter->run()
10 SYSTEMPATH\Commands\Server\rewrite.php(46): require_once('FCPATH\\index.php')
CRITICAL - 2023-01-09 08:29:18 --> syntax error, unexpected '1' (T_LNUMBER), expecting identifier (T_STRING) or variable (T_VARIABLE) or '{' or '$'
in APPPATH\Views\apps\userdata.php on line 677.
 1 SYSTEMPATH\View\View.php(216): CodeIgniter\View\View->CodeIgniter\View\{closure}()
 2 SYSTEMPATH\Common.php(1134): CodeIgniter\View\View->render('apps/userdata', [], true)
 3 APPPATH\Controllers\DataUser.php(23): view('apps/userdata', [...])
 4 SYSTEMPATH\CodeIgniter.php(927): App\Controllers\DataUser->index()
 5 SYSTEMPATH\CodeIgniter.php(482): CodeIgniter\CodeIgniter->runController(Object(App\Controllers\DataUser))
 6 SYSTEMPATH\CodeIgniter.php(351): CodeIgniter\CodeIgniter->handleRequest(null, Object(Config\Cache), false)
 7 FCPATH\index.php(67): CodeIgniter\CodeIgniter->run()
 8 SYSTEMPATH\Commands\Server\rewrite.php(46): require_once('FCPATH\\index.php')
CRITICAL - 2023-01-09 08:36:03 --> Unparenthesized `a ? b : c ? d : e` is deprecated. Use either `(a ? b : c) ? d : e` or `a ? b : (c ? d : e)`
in APPPATH\Views\apps\userdata.php on line 678.
 1 SYSTEMPATH\View\View.php(213): CodeIgniter\Debug\Exceptions->errorHandler(8192, 'Unparenthesized `a ? b : c ? d : e` is deprecated. Use either `(a ? b : c) ? d : e` or `a ? b : (c ? d : e)`', 'APPPATH\\Views\\apps\\userdata.php', 678, [...])
 2 SYSTEMPATH\View\View.php(213): include()
 3 SYSTEMPATH\View\View.php(216): CodeIgniter\View\View->CodeIgniter\View\{closure}()
 4 SYSTEMPATH\Common.php(1134): CodeIgniter\View\View->render('apps/userdata', [], true)
 5 APPPATH\Controllers\DataUser.php(23): view('apps/userdata', [...])
 6 SYSTEMPATH\CodeIgniter.php(927): App\Controllers\DataUser->index()
 7 SYSTEMPATH\CodeIgniter.php(482): CodeIgniter\CodeIgniter->runController(Object(App\Controllers\DataUser))
 8 SYSTEMPATH\CodeIgniter.php(351): CodeIgniter\CodeIgniter->handleRequest(null, Object(Config\Cache), false)
 9 FCPATH\index.php(67): CodeIgniter\CodeIgniter->run()
10 SYSTEMPATH\Commands\Server\rewrite.php(46): require_once('FCPATH\\index.php')
CRITICAL - 2023-01-09 08:37:03 --> syntax error, unexpected ')'
in APPPATH\Views\apps\userdata.php on line 678.
 1 SYSTEMPATH\View\View.php(216): CodeIgniter\View\View->CodeIgniter\View\{closure}()
 2 SYSTEMPATH\Common.php(1134): CodeIgniter\View\View->render('apps/userdata', [], true)
 3 APPPATH\Controllers\DataUser.php(23): view('apps/userdata', [...])
 4 SYSTEMPATH\CodeIgniter.php(927): App\Controllers\DataUser->index()
 5 SYSTEMPATH\CodeIgniter.php(482): CodeIgniter\CodeIgniter->runController(Object(App\Controllers\DataUser))
 6 SYSTEMPATH\CodeIgniter.php(351): CodeIgniter\CodeIgniter->handleRequest(null, Object(Config\Cache), false)
 7 FCPATH\index.php(67): CodeIgniter\CodeIgniter->run()
 8 SYSTEMPATH\Commands\Server\rewrite.php(46): require_once('FCPATH\\index.php')
CRITICAL - 2023-01-09 08:37:06 --> syntax error, unexpected ')'
in APPPATH\Views\apps\userdata.php on line 678.
 1 SYSTEMPATH\View\View.php(216): CodeIgniter\View\View->CodeIgniter\View\{closure}()
 2 SYSTEMPATH\Common.php(1134): CodeIgniter\View\View->render('apps/userdata', [], true)
 3 APPPATH\Controllers\DataUser.php(23): view('apps/userdata', [...])
 4 SYSTEMPATH\CodeIgniter.php(927): App\Controllers\DataUser->index()
 5 SYSTEMPATH\CodeIgniter.php(482): CodeIgniter\CodeIgniter->runController(Object(App\Controllers\DataUser))
 6 SYSTEMPATH\CodeIgniter.php(351): CodeIgniter\CodeIgniter->handleRequest(null, Object(Config\Cache), false)
 7 FCPATH\index.php(67): CodeIgniter\CodeIgniter->run()
 8 SYSTEMPATH\Commands\Server\rewrite.php(46): require_once('FCPATH\\index.php')
