CRITICAL - 2022-11-29 04:32:44 --> Undefined variable: conn
in APPPATH\Views\apps\penataan_kawasan.php on line 360.
 1 APPPATH\Views\apps\penataan_kawasan.php(360): CodeIgniter\Debug\Exceptions->errorHandler(8, 'Undefined variable: conn', 'APPPATH\\Views\\apps\\penataan_kawasan.php', 360, [])
 2 SYSTEMPATH\View\View.php(213): include('APPPATH\\Views\\apps\\penataan_kawasan.php')
 3 SYSTEMPATH\View\View.php(216): CodeIgniter\View\View->CodeIgniter\View\{closure}()
 4 SYSTEMPATH\Common.php(1134): CodeIgniter\View\View->render('apps/penataan_kawasan', [], true)
 5 APPPATH\Controllers\Main.php(14): view('apps/penataan_kawasan')
 6 SYSTEMPATH\CodeIgniter.php(927): App\Controllers\Main->penataan_kawasan()
 7 SYSTEMPATH\CodeIgniter.php(482): CodeIgniter\CodeIgniter->runController(Object(App\Controllers\Main))
 8 SYSTEMPATH\CodeIgniter.php(351): CodeIgniter\CodeIgniter->handleRequest(null, Object(Config\Cache), false)
 9 FCPATH\index.php(67): CodeIgniter\CodeIgniter->run()
10 SYSTEMPATH\Commands\Server\rewrite.php(46): require_once('FCPATH\\index.php')
CRITICAL - 2022-11-29 04:34:35 --> Undefined variable: conn
in APPPATH\Views\apps\penataan_kawasan.php on line 360.
 1 APPPATH\Views\apps\penataan_kawasan.php(360): CodeIgniter\Debug\Exceptions->errorHandler(8, 'Undefined variable: conn', 'APPPATH\\Views\\apps\\penataan_kawasan.php', 360, [])
 2 SYSTEMPATH\View\View.php(213): include('APPPATH\\Views\\apps\\penataan_kawasan.php')
 3 SYSTEMPATH\View\View.php(216): CodeIgniter\View\View->CodeIgniter\View\{closure}()
 4 SYSTEMPATH\Common.php(1134): CodeIgniter\View\View->render('apps/penataan_kawasan', [], true)
 5 APPPATH\Controllers\Main.php(14): view('apps/penataan_kawasan')
 6 SYSTEMPATH\CodeIgniter.php(927): App\Controllers\Main->penataan_kawasan()
 7 SYSTEMPATH\CodeIgniter.php(482): CodeIgniter\CodeIgniter->runController(Object(App\Controllers\Main))
 8 SYSTEMPATH\CodeIgniter.php(351): CodeIgniter\CodeIgniter->handleRequest(null, Object(Config\Cache), false)
 9 FCPATH\index.php(67): CodeIgniter\CodeIgniter->run()
10 SYSTEMPATH\Commands\Server\rewrite.php(46): require_once('FCPATH\\index.php')
CRITICAL - 2022-11-29 04:34:41 --> Undefined variable: conn
in APPPATH\Views\apps\penataan_kawasan.php on line 360.
 1 APPPATH\Views\apps\penataan_kawasan.php(360): CodeIgniter\Debug\Exceptions->errorHandler(8, 'Undefined variable: conn', 'APPPATH\\Views\\apps\\penataan_kawasan.php', 360, [])
 2 SYSTEMPATH\View\View.php(213): include('APPPATH\\Views\\apps\\penataan_kawasan.php')
 3 SYSTEMPATH\View\View.php(216): CodeIgniter\View\View->CodeIgniter\View\{closure}()
 4 SYSTEMPATH\Common.php(1134): CodeIgniter\View\View->render('apps/penataan_kawasan', [], true)
 5 APPPATH\Controllers\Main.php(14): view('apps/penataan_kawasan')
 6 SYSTEMPATH\CodeIgniter.php(927): App\Controllers\Main->penataan_kawasan()
 7 SYSTEMPATH\CodeIgniter.php(482): CodeIgniter\CodeIgniter->runController(Object(App\Controllers\Main))
 8 SYSTEMPATH\CodeIgniter.php(351): CodeIgniter\CodeIgniter->handleRequest(null, Object(Config\Cache), false)
 9 FCPATH\index.php(67): CodeIgniter\CodeIgniter->run()
10 SYSTEMPATH\Commands\Server\rewrite.php(46): require_once('FCPATH\\index.php')
CRITICAL - 2022-11-29 04:34:42 --> Undefined variable: conn
in APPPATH\Views\apps\penataan_kawasan.php on line 360.
 1 APPPATH\Views\apps\penataan_kawasan.php(360): CodeIgniter\Debug\Exceptions->errorHandler(8, 'Undefined variable: conn', 'APPPATH\\Views\\apps\\penataan_kawasan.php', 360, [])
 2 SYSTEMPATH\View\View.php(213): include('APPPATH\\Views\\apps\\penataan_kawasan.php')
 3 SYSTEMPATH\View\View.php(216): CodeIgniter\View\View->CodeIgniter\View\{closure}()
 4 SYSTEMPATH\Common.php(1134): CodeIgniter\View\View->render('apps/penataan_kawasan', [], true)
 5 APPPATH\Controllers\Main.php(14): view('apps/penataan_kawasan')
 6 SYSTEMPATH\CodeIgniter.php(927): App\Controllers\Main->penataan_kawasan()
 7 SYSTEMPATH\CodeIgniter.php(482): CodeIgniter\CodeIgniter->runController(Object(App\Controllers\Main))
 8 SYSTEMPATH\CodeIgniter.php(351): CodeIgniter\CodeIgniter->handleRequest(null, Object(Config\Cache), false)
 9 FCPATH\index.php(67): CodeIgniter\CodeIgniter->run()
10 SYSTEMPATH\Commands\Server\rewrite.php(46): require_once('FCPATH\\index.php')
CRITICAL - 2022-11-29 04:36:29 --> Undefined variable: kodepk
in APPPATH\Views\apps\penataan_kawasan.php on line 359.
 1 APPPATH\Views\apps\penataan_kawasan.php(359): CodeIgniter\Debug\Exceptions->errorHandler(8, 'Undefined variable: kodepk', 'APPPATH\\Views\\apps\\penataan_kawasan.php', 359, [])
 2 SYSTEMPATH\View\View.php(213): include('APPPATH\\Views\\apps\\penataan_kawasan.php')
 3 SYSTEMPATH\View\View.php(216): CodeIgniter\View\View->CodeIgniter\View\{closure}()
 4 SYSTEMPATH\Common.php(1134): CodeIgniter\View\View->render('apps/penataan_kawasan', [], true)
 5 APPPATH\Controllers\Main.php(14): view('apps/penataan_kawasan')
 6 SYSTEMPATH\CodeIgniter.php(927): App\Controllers\Main->penataan_kawasan()
 7 SYSTEMPATH\CodeIgniter.php(482): CodeIgniter\CodeIgniter->runController(Object(App\Controllers\Main))
 8 SYSTEMPATH\CodeIgniter.php(351): CodeIgniter\CodeIgniter->handleRequest(null, Object(Config\Cache), false)
 9 FCPATH\index.php(67): CodeIgniter\CodeIgniter->run()
10 SYSTEMPATH\Commands\Server\rewrite.php(46): require_once('FCPATH\\index.php')
CRITICAL - 2022-11-29 04:39:21 --> View themes, no current section.
in SYSTEMPATH\View\View.php on line 394.
 1 APPPATH\Views\apps\penataan_kawasan.php(911): CodeIgniter\View\View->endSection()
 2 SYSTEMPATH\View\View.php(213): include('APPPATH\\Views\\apps\\penataan_kawasan.php')
 3 SYSTEMPATH\View\View.php(216): CodeIgniter\View\View->CodeIgniter\View\{closure}()
 4 SYSTEMPATH\Common.php(1134): CodeIgniter\View\View->render('apps/penataan_kawasan', [], true)
 5 APPPATH\Controllers\Main.php(14): view('apps/penataan_kawasan')
 6 SYSTEMPATH\CodeIgniter.php(927): App\Controllers\Main->penataan_kawasan()
 7 SYSTEMPATH\CodeIgniter.php(482): CodeIgniter\CodeIgniter->runController(Object(App\Controllers\Main))
 8 SYSTEMPATH\CodeIgniter.php(351): CodeIgniter\CodeIgniter->handleRequest(null, Object(Config\Cache), false)
 9 FCPATH\index.php(67): CodeIgniter\CodeIgniter->run()
10 SYSTEMPATH\Commands\Server\rewrite.php(46): require_once('FCPATH\\index.php')
