CRITICAL - 2022-12-28 06:15:17 --> Call to undefined method App\Models\DesaModel::getPenataanKawasan
in SYSTEMPATH\Model.php on line 774.
 1 APPPATH\Controllers\SosekbudDesa.php(20): CodeIgniter\Model->__call('getPenataanKawasan', [])
 2 SYSTEMPATH\CodeIgniter.php(927): App\Controllers\SosekbudDesa->sosekbud_desa()
 3 SYSTEMPATH\CodeIgniter.php(482): CodeIgniter\CodeIgniter->runController(Object(App\Controllers\SosekbudDesa))
 4 SYSTEMPATH\CodeIgniter.php(351): CodeIgniter\CodeIgniter->handleRequest(null, Object(Config\Cache), false)
 5 FCPATH\index.php(67): CodeIgniter\CodeIgniter->run()
 6 SYSTEMPATH\Commands\Server\rewrite.php(46): require_once('FCPATH\\index.php')
CRITICAL - 2022-12-28 06:16:10 --> Undefined index: Kode_lemdes
in APPPATH\Views\database\sosekbud_desa.php on line 1076.
 1 APPPATH\Views\database\sosekbud_desa.php(1076): CodeIgniter\Debug\Exceptions->errorHandler(8, 'Undefined index: Kode_lemdes', 'APPPATH\\Views\\database\\sosekbud_desa.php', 1076, [...])
 2 SYSTEMPATH\View\View.php(213): include('APPPATH\\Views\\database\\sosekbud_desa.php')
 3 SYSTEMPATH\View\View.php(216): CodeIgniter\View\View->CodeIgniter\View\{closure}()
 4 SYSTEMPATH\Common.php(1134): CodeIgniter\View\View->render('database/sosekbud_desa', [], true)
 5 APPPATH\Controllers\SosekbudDesa.php(31): view('database/sosekbud_desa', [...])
 6 SYSTEMPATH\CodeIgniter.php(927): App\Controllers\SosekbudDesa->sosekbud_desa()
 7 SYSTEMPATH\CodeIgniter.php(482): CodeIgniter\CodeIgniter->runController(Object(App\Controllers\SosekbudDesa))
 8 SYSTEMPATH\CodeIgniter.php(351): CodeIgniter\CodeIgniter->handleRequest(null, Object(Config\Cache), false)
 9 FCPATH\index.php(67): CodeIgniter\CodeIgniter->run()
10 SYSTEMPATH\Commands\Server\rewrite.php(46): require_once('FCPATH\\index.php')
ERROR - 2022-12-28 06:18:43 --> mysqli_sql_exception: Duplicate entry '0' for key 'PRIMARY' in D:\XAMPP\htdocs\KHDTK - experimental\vendor\codeigniter4\framework\system\Database\MySQLi\Connection.php:292
Stack trace:
#0 D:\XAMPP\htdocs\KHDTK - experimental\vendor\codeigniter4\framework\system\Database\MySQLi\Connection.php(292): mysqli->query('INSERT INTO `de...', 0)
#1 D:\XAMPP\htdocs\KHDTK - experimental\vendor\codeigniter4\framework\system\Database\BaseConnection.php(666): CodeIgniter\Database\MySQLi\Connection->execute('INSERT INTO `de...')
#2 D:\XAMPP\htdocs\KHDTK - experimental\vendor\codeigniter4\framework\system\Database\BaseConnection.php(593): CodeIgniter\Database\BaseConnection->simpleQuery('INSERT INTO `de...')
#3 D:\XAMPP\htdocs\KHDTK - experimental\vendor\codeigniter4\framework\system\Database\BaseBuilder.php(1916): CodeIgniter\Database\BaseConnection->query('INSERT INTO `de...', Array, false)
#4 D:\XAMPP\htdocs\KHDTK - experimental\vendor\codeigniter4\framework\system\Model.php(279): CodeIgniter\Database\BaseBuilder->insert()
#5 D:\XAMPP\htdocs\KHDTK - experimental\vendor\codeigniter4\framework\system\BaseModel.php(749): CodeIgniter\Model->doInsert(Array)
#6 D:\XAMPP\htdocs\KHDTK - experimental\vendor\codeigniter4\framework\system\Model.php(667): CodeIgniter\BaseModel->insert(Array, false)
#7 D:\XAMPP\htdocs\KHDTK - experimental\vendor\codeigniter4\framework\system\BaseModel.php(659): CodeIgniter\Model->insert(Array, false)
#8 D:\XAMPP\htdocs\KHDTK - experimental\app\Controllers\SosekbudDesa.php(78): CodeIgniter\BaseModel->save(Array)
#9 D:\XAMPP\htdocs\KHDTK - experimental\vendor\codeigniter4\framework\system\CodeIgniter.php(927): App\Controllers\SosekbudDesa->savedesa()
#10 D:\XAMPP\htdocs\KHDTK - experimental\vendor\codeigniter4\framework\system\CodeIgniter.php(482): CodeIgniter\CodeIgniter->runController(Object(App\Controllers\SosekbudDesa))
#11 D:\XAMPP\htdocs\KHDTK - experimental\vendor\codeigniter4\framework\system\CodeIgniter.php(351): CodeIgniter\CodeIgniter->handleRequest(NULL, Object(Config\Cache), false)
#12 D:\XAMPP\htdocs\KHDTK - experimental\public\index.php(67): CodeIgniter\CodeIgniter->run()
#13 D:\XAMPP\htdocs\KHDTK - experimental\vendor\codeigniter4\framework\system\Commands\Server\rewrite.php(46): require_once('D:\\XAMPP\\htdocs...')
#14 {main}
CRITICAL - 2022-12-28 06:18:43 --> Duplicate entry '0' for key 'PRIMARY'
in SYSTEMPATH\Database\MySQLi\Connection.php on line 292.
 1 SYSTEMPATH\Database\MySQLi\Connection.php(292): mysqli->query('INSERT INTO `desa` (`kode_desa`, `kab`, `kec`, `desa`, `luas`) VALUES (\'111\', \'111\', \'111\', \'111\', \'111\')', 0)
 2 SYSTEMPATH\Database\BaseConnection.php(666): CodeIgniter\Database\MySQLi\Connection->execute('INSERT INTO `desa` (`kode_desa`, `kab`, `kec`, `desa`, `luas`) VALUES (\'111\', \'111\', \'111\', \'111\', \'111\')')
 3 SYSTEMPATH\Database\BaseConnection.php(593): CodeIgniter\Database\BaseConnection->simpleQuery('INSERT INTO `desa` (`kode_desa`, `kab`, `kec`, `desa`, `luas`) VALUES (\'111\', \'111\', \'111\', \'111\', \'111\')')
 4 SYSTEMPATH\Database\BaseBuilder.php(1916): CodeIgniter\Database\BaseConnection->query('INSERT INTO `desa` (`kode_desa`, `kab`, `kec`, `desa`, `luas`) VALUES (:kode_desa:, :kab:, :kec:, :desa:, :luas:)', [...], false)
 5 SYSTEMPATH\Model.php(279): CodeIgniter\Database\BaseBuilder->insert()
 6 SYSTEMPATH\BaseModel.php(749): CodeIgniter\Model->doInsert([...])
 7 SYSTEMPATH\Model.php(667): CodeIgniter\BaseModel->insert([...], false)
 8 SYSTEMPATH\BaseModel.php(659): CodeIgniter\Model->insert([...], false)
 9 APPPATH\Controllers\SosekbudDesa.php(78): CodeIgniter\BaseModel->save([...])
10 SYSTEMPATH\CodeIgniter.php(927): App\Controllers\SosekbudDesa->savedesa()
11 SYSTEMPATH\CodeIgniter.php(482): CodeIgniter\CodeIgniter->runController(Object(App\Controllers\SosekbudDesa))
12 SYSTEMPATH\CodeIgniter.php(351): CodeIgniter\CodeIgniter->handleRequest(null, Object(Config\Cache), false)
13 FCPATH\index.php(67): CodeIgniter\CodeIgniter->run()
14 SYSTEMPATH\Commands\Server\rewrite.php(46): require_once('FCPATH\\index.php')
ERROR - 2022-12-28 06:19:02 --> mysqli_sql_exception: Duplicate entry '0' for key 'PRIMARY' in D:\XAMPP\htdocs\KHDTK - experimental\vendor\codeigniter4\framework\system\Database\MySQLi\Connection.php:292
Stack trace:
#0 D:\XAMPP\htdocs\KHDTK - experimental\vendor\codeigniter4\framework\system\Database\MySQLi\Connection.php(292): mysqli->query('INSERT INTO `de...', 0)
#1 D:\XAMPP\htdocs\KHDTK - experimental\vendor\codeigniter4\framework\system\Database\BaseConnection.php(666): CodeIgniter\Database\MySQLi\Connection->execute('INSERT INTO `de...')
#2 D:\XAMPP\htdocs\KHDTK - experimental\vendor\codeigniter4\framework\system\Database\BaseConnection.php(593): CodeIgniter\Database\BaseConnection->simpleQuery('INSERT INTO `de...')
#3 D:\XAMPP\htdocs\KHDTK - experimental\vendor\codeigniter4\framework\system\Database\BaseBuilder.php(1916): CodeIgniter\Database\BaseConnection->query('INSERT INTO `de...', Array, false)
#4 D:\XAMPP\htdocs\KHDTK - experimental\vendor\codeigniter4\framework\system\Model.php(279): CodeIgniter\Database\BaseBuilder->insert()
#5 D:\XAMPP\htdocs\KHDTK - experimental\vendor\codeigniter4\framework\system\BaseModel.php(749): CodeIgniter\Model->doInsert(Array)
#6 D:\XAMPP\htdocs\KHDTK - experimental\vendor\codeigniter4\framework\system\Model.php(667): CodeIgniter\BaseModel->insert(Array, false)
#7 D:\XAMPP\htdocs\KHDTK - experimental\vendor\codeigniter4\framework\system\BaseModel.php(659): CodeIgniter\Model->insert(Array, false)
#8 D:\XAMPP\htdocs\KHDTK - experimental\app\Controllers\SosekbudDesa.php(78): CodeIgniter\BaseModel->save(Array)
#9 D:\XAMPP\htdocs\KHDTK - experimental\vendor\codeigniter4\framework\system\CodeIgniter.php(927): App\Controllers\SosekbudDesa->savedesa()
#10 D:\XAMPP\htdocs\KHDTK - experimental\vendor\codeigniter4\framework\system\CodeIgniter.php(482): CodeIgniter\CodeIgniter->runController(Object(App\Controllers\SosekbudDesa))
#11 D:\XAMPP\htdocs\KHDTK - experimental\vendor\codeigniter4\framework\system\CodeIgniter.php(351): CodeIgniter\CodeIgniter->handleRequest(NULL, Object(Config\Cache), false)
#12 D:\XAMPP\htdocs\KHDTK - experimental\public\index.php(67): CodeIgniter\CodeIgniter->run()
#13 D:\XAMPP\htdocs\KHDTK - experimental\vendor\codeigniter4\framework\system\Commands\Server\rewrite.php(46): require_once('D:\\XAMPP\\htdocs...')
#14 {main}
CRITICAL - 2022-12-28 06:19:02 --> Duplicate entry '0' for key 'PRIMARY'
in SYSTEMPATH\Database\MySQLi\Connection.php on line 292.
 1 SYSTEMPATH\Database\MySQLi\Connection.php(292): mysqli->query('INSERT INTO `desa` (`kode_desa`, `kab`, `kec`, `desa`, `luas`) VALUES (\'111\', \'111\', \'111\', \'111\', \'111\')', 0)
 2 SYSTEMPATH\Database\BaseConnection.php(666): CodeIgniter\Database\MySQLi\Connection->execute('INSERT INTO `desa` (`kode_desa`, `kab`, `kec`, `desa`, `luas`) VALUES (\'111\', \'111\', \'111\', \'111\', \'111\')')
 3 SYSTEMPATH\Database\BaseConnection.php(593): CodeIgniter\Database\BaseConnection->simpleQuery('INSERT INTO `desa` (`kode_desa`, `kab`, `kec`, `desa`, `luas`) VALUES (\'111\', \'111\', \'111\', \'111\', \'111\')')
 4 SYSTEMPATH\Database\BaseBuilder.php(1916): CodeIgniter\Database\BaseConnection->query('INSERT INTO `desa` (`kode_desa`, `kab`, `kec`, `desa`, `luas`) VALUES (:kode_desa:, :kab:, :kec:, :desa:, :luas:)', [...], false)
 5 SYSTEMPATH\Model.php(279): CodeIgniter\Database\BaseBuilder->insert()
 6 SYSTEMPATH\BaseModel.php(749): CodeIgniter\Model->doInsert([...])
 7 SYSTEMPATH\Model.php(667): CodeIgniter\BaseModel->insert([...], false)
 8 SYSTEMPATH\BaseModel.php(659): CodeIgniter\Model->insert([...], false)
 9 APPPATH\Controllers\SosekbudDesa.php(78): CodeIgniter\BaseModel->save([...])
10 SYSTEMPATH\CodeIgniter.php(927): App\Controllers\SosekbudDesa->savedesa()
11 SYSTEMPATH\CodeIgniter.php(482): CodeIgniter\CodeIgniter->runController(Object(App\Controllers\SosekbudDesa))
12 SYSTEMPATH\CodeIgniter.php(351): CodeIgniter\CodeIgniter->handleRequest(null, Object(Config\Cache), false)
13 FCPATH\index.php(67): CodeIgniter\CodeIgniter->run()
14 SYSTEMPATH\Commands\Server\rewrite.php(46): require_once('FCPATH\\index.php')
ERROR - 2022-12-28 06:27:05 --> mysqli_sql_exception: Duplicate entry '0' for key 'PRIMARY' in D:\XAMPP\htdocs\KHDTK - experimental\vendor\codeigniter4\framework\system\Database\MySQLi\Connection.php:292
Stack trace:
#0 D:\XAMPP\htdocs\KHDTK - experimental\vendor\codeigniter4\framework\system\Database\MySQLi\Connection.php(292): mysqli->query('INSERT INTO `de...', 0)
#1 D:\XAMPP\htdocs\KHDTK - experimental\vendor\codeigniter4\framework\system\Database\BaseConnection.php(666): CodeIgniter\Database\MySQLi\Connection->execute('INSERT INTO `de...')
#2 D:\XAMPP\htdocs\KHDTK - experimental\vendor\codeigniter4\framework\system\Database\BaseConnection.php(593): CodeIgniter\Database\BaseConnection->simpleQuery('INSERT INTO `de...')
#3 D:\XAMPP\htdocs\KHDTK - experimental\vendor\codeigniter4\framework\system\Database\BaseBuilder.php(1916): CodeIgniter\Database\BaseConnection->query('INSERT INTO `de...', Array, false)
#4 D:\XAMPP\htdocs\KHDTK - experimental\vendor\codeigniter4\framework\system\Model.php(279): CodeIgniter\Database\BaseBuilder->insert()
#5 D:\XAMPP\htdocs\KHDTK - experimental\vendor\codeigniter4\framework\system\BaseModel.php(749): CodeIgniter\Model->doInsert(Array)
#6 D:\XAMPP\htdocs\KHDTK - experimental\vendor\codeigniter4\framework\system\Model.php(667): CodeIgniter\BaseModel->insert(Array, false)
#7 D:\XAMPP\htdocs\KHDTK - experimental\vendor\codeigniter4\framework\system\BaseModel.php(659): CodeIgniter\Model->insert(Array, false)
#8 D:\XAMPP\htdocs\KHDTK - experimental\app\Controllers\SosekbudDesa.php(78): CodeIgniter\BaseModel->save(Array)
#9 D:\XAMPP\htdocs\KHDTK - experimental\vendor\codeigniter4\framework\system\CodeIgniter.php(927): App\Controllers\SosekbudDesa->savedesa()
#10 D:\XAMPP\htdocs\KHDTK - experimental\vendor\codeigniter4\framework\system\CodeIgniter.php(482): CodeIgniter\CodeIgniter->runController(Object(App\Controllers\SosekbudDesa))
#11 D:\XAMPP\htdocs\KHDTK - experimental\vendor\codeigniter4\framework\system\CodeIgniter.php(351): CodeIgniter\CodeIgniter->handleRequest(NULL, Object(Config\Cache), false)
#12 D:\XAMPP\htdocs\KHDTK - experimental\public\index.php(67): CodeIgniter\CodeIgniter->run()
#13 D:\XAMPP\htdocs\KHDTK - experimental\vendor\codeigniter4\framework\system\Commands\Server\rewrite.php(46): require_once('D:\\XAMPP\\htdocs...')
#14 {main}
CRITICAL - 2022-12-28 06:27:05 --> Duplicate entry '0' for key 'PRIMARY'
in SYSTEMPATH\Database\MySQLi\Connection.php on line 292.
 1 SYSTEMPATH\Database\MySQLi\Connection.php(292): mysqli->query('INSERT INTO `desa` (`kode_desa`, `kab`, `kec`, `desa`, `luas`) VALUES (\'222\', \'www\', \'www\', \'www\', \'1111\')', 0)
 2 SYSTEMPATH\Database\BaseConnection.php(666): CodeIgniter\Database\MySQLi\Connection->execute('INSERT INTO `desa` (`kode_desa`, `kab`, `kec`, `desa`, `luas`) VALUES (\'222\', \'www\', \'www\', \'www\', \'1111\')')
 3 SYSTEMPATH\Database\BaseConnection.php(593): CodeIgniter\Database\BaseConnection->simpleQuery('INSERT INTO `desa` (`kode_desa`, `kab`, `kec`, `desa`, `luas`) VALUES (\'222\', \'www\', \'www\', \'www\', \'1111\')')
 4 SYSTEMPATH\Database\BaseBuilder.php(1916): CodeIgniter\Database\BaseConnection->query('INSERT INTO `desa` (`kode_desa`, `kab`, `kec`, `desa`, `luas`) VALUES (:kode_desa:, :kab:, :kec:, :desa:, :luas:)', [...], false)
 5 SYSTEMPATH\Model.php(279): CodeIgniter\Database\BaseBuilder->insert()
 6 SYSTEMPATH\BaseModel.php(749): CodeIgniter\Model->doInsert([...])
 7 SYSTEMPATH\Model.php(667): CodeIgniter\BaseModel->insert([...], false)
 8 SYSTEMPATH\BaseModel.php(659): CodeIgniter\Model->insert([...], false)
 9 APPPATH\Controllers\SosekbudDesa.php(78): CodeIgniter\BaseModel->save([...])
10 SYSTEMPATH\CodeIgniter.php(927): App\Controllers\SosekbudDesa->savedesa()
11 SYSTEMPATH\CodeIgniter.php(482): CodeIgniter\CodeIgniter->runController(Object(App\Controllers\SosekbudDesa))
12 SYSTEMPATH\CodeIgniter.php(351): CodeIgniter\CodeIgniter->handleRequest(null, Object(Config\Cache), false)
13 FCPATH\index.php(67): CodeIgniter\CodeIgniter->run()
14 SYSTEMPATH\Commands\Server\rewrite.php(46): require_once('FCPATH\\index.php')
CRITICAL - 2022-12-28 08:29:53 --> Class 'App\Models\DesaHwdModel' not found
in APPPATH\Controllers\Hwd.php on line 17.
 1 SYSTEMPATH\CodeIgniter.php(889): App\Controllers\Hwd->__construct()
 2 SYSTEMPATH\CodeIgniter.php(473): CodeIgniter\CodeIgniter->createController()
 3 SYSTEMPATH\CodeIgniter.php(351): CodeIgniter\CodeIgniter->handleRequest(null, Object(Config\Cache), false)
 4 FCPATH\index.php(67): CodeIgniter\CodeIgniter->run()
 5 SYSTEMPATH\Commands\Server\rewrite.php(46): require_once('FCPATH\\index.php')
CRITICAL - 2022-12-28 08:30:27 --> Undefined variable: lemdesa
in APPPATH\Views\database\hwd.php on line 798.
 1 APPPATH\Views\database\hwd.php(798): CodeIgniter\Debug\Exceptions->errorHandler(8, 'Undefined variable: lemdesa', 'APPPATH\\Views\\database\\hwd.php', 798, [...])
 2 SYSTEMPATH\View\View.php(213): include('APPPATH\\Views\\database\\hwd.php')
 3 SYSTEMPATH\View\View.php(216): CodeIgniter\View\View->CodeIgniter\View\{closure}()
 4 SYSTEMPATH\Common.php(1134): CodeIgniter\View\View->render('database/hwd', [], true)
 5 APPPATH\Controllers\Hwd.php(46): view('database/hwd', [...])
 6 SYSTEMPATH\CodeIgniter.php(927): App\Controllers\Hwd->hwd()
 7 SYSTEMPATH\CodeIgniter.php(482): CodeIgniter\CodeIgniter->runController(Object(App\Controllers\Hwd))
 8 SYSTEMPATH\CodeIgniter.php(351): CodeIgniter\CodeIgniter->handleRequest(null, Object(Config\Cache), false)
 9 FCPATH\index.php(67): CodeIgniter\CodeIgniter->run()
10 SYSTEMPATH\Commands\Server\rewrite.php(46): require_once('FCPATH\\index.php')
CRITICAL - 2022-12-28 08:30:54 --> Undefined index: kode_penataan_kawasan
in APPPATH\Views\database\hwd.php on line 1130.
 1 APPPATH\Views\database\hwd.php(1130): CodeIgniter\Debug\Exceptions->errorHandler(8, 'Undefined index: kode_penataan_kawasan', 'APPPATH\\Views\\database\\hwd.php', 1130, [...])
 2 SYSTEMPATH\View\View.php(213): include('APPPATH\\Views\\database\\hwd.php')
 3 SYSTEMPATH\View\View.php(216): CodeIgniter\View\View->CodeIgniter\View\{closure}()
 4 SYSTEMPATH\Common.php(1134): CodeIgniter\View\View->render('database/hwd', [], true)
 5 APPPATH\Controllers\Hwd.php(46): view('database/hwd', [...])
 6 SYSTEMPATH\CodeIgniter.php(927): App\Controllers\Hwd->hwd()
 7 SYSTEMPATH\CodeIgniter.php(482): CodeIgniter\CodeIgniter->runController(Object(App\Controllers\Hwd))
 8 SYSTEMPATH\CodeIgniter.php(351): CodeIgniter\CodeIgniter->handleRequest(null, Object(Config\Cache), false)
 9 FCPATH\index.php(67): CodeIgniter\CodeIgniter->run()
10 SYSTEMPATH\Commands\Server\rewrite.php(46): require_once('FCPATH\\index.php')
CRITICAL - 2022-12-28 08:32:10 --> Undefined index: kode_cucu_petak
in APPPATH\Views\database\hwd.php on line 1130.
 1 APPPATH\Views\database\hwd.php(1130): CodeIgniter\Debug\Exceptions->errorHandler(8, 'Undefined index: kode_cucu_petak', 'APPPATH\\Views\\database\\hwd.php', 1130, [...])
 2 SYSTEMPATH\View\View.php(213): include('APPPATH\\Views\\database\\hwd.php')
 3 SYSTEMPATH\View\View.php(216): CodeIgniter\View\View->CodeIgniter\View\{closure}()
 4 SYSTEMPATH\Common.php(1134): CodeIgniter\View\View->render('database/hwd', [], true)
 5 APPPATH\Controllers\Hwd.php(46): view('database/hwd', [...])
 6 SYSTEMPATH\CodeIgniter.php(927): App\Controllers\Hwd->hwd()
 7 SYSTEMPATH\CodeIgniter.php(482): CodeIgniter\CodeIgniter->runController(Object(App\Controllers\Hwd))
 8 SYSTEMPATH\CodeIgniter.php(351): CodeIgniter\CodeIgniter->handleRequest(null, Object(Config\Cache), false)
 9 FCPATH\index.php(67): CodeIgniter\CodeIgniter->run()
10 SYSTEMPATH\Commands\Server\rewrite.php(46): require_once('FCPATH\\index.php')
CRITICAL - 2022-12-28 08:32:26 --> Undefined index: kode_cucu_petak
in APPPATH\Views\database\hwd.php on line 1130.
 1 APPPATH\Views\database\hwd.php(1130): CodeIgniter\Debug\Exceptions->errorHandler(8, 'Undefined index: kode_cucu_petak', 'APPPATH\\Views\\database\\hwd.php', 1130, [...])
 2 SYSTEMPATH\View\View.php(213): include('APPPATH\\Views\\database\\hwd.php')
 3 SYSTEMPATH\View\View.php(216): CodeIgniter\View\View->CodeIgniter\View\{closure}()
 4 SYSTEMPATH\Common.php(1134): CodeIgniter\View\View->render('database/hwd', [], true)
 5 APPPATH\Controllers\Hwd.php(46): view('database/hwd', [...])
 6 SYSTEMPATH\CodeIgniter.php(927): App\Controllers\Hwd->hwd()
 7 SYSTEMPATH\CodeIgniter.php(482): CodeIgniter\CodeIgniter->runController(Object(App\Controllers\Hwd))
 8 SYSTEMPATH\CodeIgniter.php(351): CodeIgniter\CodeIgniter->handleRequest(null, Object(Config\Cache), false)
 9 FCPATH\index.php(67): CodeIgniter\CodeIgniter->run()
10 SYSTEMPATH\Commands\Server\rewrite.php(46): require_once('FCPATH\\index.php')
CRITICAL - 2022-12-28 08:32:27 --> Undefined index: kode_cucu_petak
in APPPATH\Views\database\hwd.php on line 1130.
 1 APPPATH\Views\database\hwd.php(1130): CodeIgniter\Debug\Exceptions->errorHandler(8, 'Undefined index: kode_cucu_petak', 'APPPATH\\Views\\database\\hwd.php', 1130, [...])
 2 SYSTEMPATH\View\View.php(213): include('APPPATH\\Views\\database\\hwd.php')
 3 SYSTEMPATH\View\View.php(216): CodeIgniter\View\View->CodeIgniter\View\{closure}()
 4 SYSTEMPATH\Common.php(1134): CodeIgniter\View\View->render('database/hwd', [], true)
 5 APPPATH\Controllers\Hwd.php(46): view('database/hwd', [...])
 6 SYSTEMPATH\CodeIgniter.php(927): App\Controllers\Hwd->hwd()
 7 SYSTEMPATH\CodeIgniter.php(482): CodeIgniter\CodeIgniter->runController(Object(App\Controllers\Hwd))
 8 SYSTEMPATH\CodeIgniter.php(351): CodeIgniter\CodeIgniter->handleRequest(null, Object(Config\Cache), false)
 9 FCPATH\index.php(67): CodeIgniter\CodeIgniter->run()
10 SYSTEMPATH\Commands\Server\rewrite.php(46): require_once('FCPATH\\index.php')
CRITICAL - 2022-12-28 08:32:29 --> Undefined index: kode_cucu_petak
in APPPATH\Views\database\hwd.php on line 1130.
 1 APPPATH\Views\database\hwd.php(1130): CodeIgniter\Debug\Exceptions->errorHandler(8, 'Undefined index: kode_cucu_petak', 'APPPATH\\Views\\database\\hwd.php', 1130, [...])
 2 SYSTEMPATH\View\View.php(213): include('APPPATH\\Views\\database\\hwd.php')
 3 SYSTEMPATH\View\View.php(216): CodeIgniter\View\View->CodeIgniter\View\{closure}()
 4 SYSTEMPATH\Common.php(1134): CodeIgniter\View\View->render('database/hwd', [], true)
 5 APPPATH\Controllers\Hwd.php(46): view('database/hwd', [...])
 6 SYSTEMPATH\CodeIgniter.php(927): App\Controllers\Hwd->hwd()
 7 SYSTEMPATH\CodeIgniter.php(482): CodeIgniter\CodeIgniter->runController(Object(App\Controllers\Hwd))
 8 SYSTEMPATH\CodeIgniter.php(351): CodeIgniter\CodeIgniter->handleRequest(null, Object(Config\Cache), false)
 9 FCPATH\index.php(67): CodeIgniter\CodeIgniter->run()
10 SYSTEMPATH\Commands\Server\rewrite.php(46): require_once('FCPATH\\index.php')
CRITICAL - 2022-12-28 08:33:27 --> Undefined index: kode_cucu_petak
in APPPATH\Views\database\hwd.php on line 1041.
 1 APPPATH\Views\database\hwd.php(1041): CodeIgniter\Debug\Exceptions->errorHandler(8, 'Undefined index: kode_cucu_petak', 'APPPATH\\Views\\database\\hwd.php', 1041, [...])
 2 SYSTEMPATH\View\View.php(213): include('APPPATH\\Views\\database\\hwd.php')
 3 SYSTEMPATH\View\View.php(216): CodeIgniter\View\View->CodeIgniter\View\{closure}()
 4 SYSTEMPATH\Common.php(1134): CodeIgniter\View\View->render('database/hwd', [], true)
 5 APPPATH\Controllers\Hwd.php(46): view('database/hwd', [...])
 6 SYSTEMPATH\CodeIgniter.php(927): App\Controllers\Hwd->hwd()
 7 SYSTEMPATH\CodeIgniter.php(482): CodeIgniter\CodeIgniter->runController(Object(App\Controllers\Hwd))
 8 SYSTEMPATH\CodeIgniter.php(351): CodeIgniter\CodeIgniter->handleRequest(null, Object(Config\Cache), false)
 9 FCPATH\index.php(67): CodeIgniter\CodeIgniter->run()
10 SYSTEMPATH\Commands\Server\rewrite.php(46): require_once('FCPATH\\index.php')
CRITICAL - 2022-12-28 08:34:33 --> Undefined index: kode_zonasi
in APPPATH\Views\database\hwd.php on line 1265.
 1 APPPATH\Views\database\hwd.php(1265): CodeIgniter\Debug\Exceptions->errorHandler(8, 'Undefined index: kode_zonasi', 'APPPATH\\Views\\database\\hwd.php', 1265, [...])
 2 SYSTEMPATH\View\View.php(213): include('APPPATH\\Views\\database\\hwd.php')
 3 SYSTEMPATH\View\View.php(216): CodeIgniter\View\View->CodeIgniter\View\{closure}()
 4 SYSTEMPATH\Common.php(1134): CodeIgniter\View\View->render('database/hwd', [], true)
 5 APPPATH\Controllers\Hwd.php(46): view('database/hwd', [...])
 6 SYSTEMPATH\CodeIgniter.php(927): App\Controllers\Hwd->hwd()
 7 SYSTEMPATH\CodeIgniter.php(482): CodeIgniter\CodeIgniter->runController(Object(App\Controllers\Hwd))
 8 SYSTEMPATH\CodeIgniter.php(351): CodeIgniter\CodeIgniter->handleRequest(null, Object(Config\Cache), false)
 9 FCPATH\index.php(67): CodeIgniter\CodeIgniter->run()
10 SYSTEMPATH\Commands\Server\rewrite.php(46): require_once('FCPATH\\index.php')
CRITICAL - 2022-12-28 08:35:54 --> Undefined index: kodehwd1
in APPPATH\Views\database\hwd.php on line 1382.
 1 APPPATH\Views\database\hwd.php(1382): CodeIgniter\Debug\Exceptions->errorHandler(8, 'Undefined index: kodehwd1', 'APPPATH\\Views\\database\\hwd.php', 1382, [...])
 2 SYSTEMPATH\View\View.php(213): include('APPPATH\\Views\\database\\hwd.php')
 3 SYSTEMPATH\View\View.php(216): CodeIgniter\View\View->CodeIgniter\View\{closure}()
 4 SYSTEMPATH\Common.php(1134): CodeIgniter\View\View->render('database/hwd', [], true)
 5 APPPATH\Controllers\Hwd.php(46): view('database/hwd', [...])
 6 SYSTEMPATH\CodeIgniter.php(927): App\Controllers\Hwd->hwd()
 7 SYSTEMPATH\CodeIgniter.php(482): CodeIgniter\CodeIgniter->runController(Object(App\Controllers\Hwd))
 8 SYSTEMPATH\CodeIgniter.php(351): CodeIgniter\CodeIgniter->handleRequest(null, Object(Config\Cache), false)
 9 FCPATH\index.php(67): CodeIgniter\CodeIgniter->run()
10 SYSTEMPATH\Commands\Server\rewrite.php(46): require_once('FCPATH\\index.php')
CRITICAL - 2022-12-28 08:36:01 --> Undefined index: kodehwd1
in APPPATH\Views\database\hwd.php on line 1382.
 1 APPPATH\Views\database\hwd.php(1382): CodeIgniter\Debug\Exceptions->errorHandler(8, 'Undefined index: kodehwd1', 'APPPATH\\Views\\database\\hwd.php', 1382, [...])
 2 SYSTEMPATH\View\View.php(213): include('APPPATH\\Views\\database\\hwd.php')
 3 SYSTEMPATH\View\View.php(216): CodeIgniter\View\View->CodeIgniter\View\{closure}()
 4 SYSTEMPATH\Common.php(1134): CodeIgniter\View\View->render('database/hwd', [], true)
 5 APPPATH\Controllers\Hwd.php(46): view('database/hwd', [...])
 6 SYSTEMPATH\CodeIgniter.php(927): App\Controllers\Hwd->hwd()
 7 SYSTEMPATH\CodeIgniter.php(482): CodeIgniter\CodeIgniter->runController(Object(App\Controllers\Hwd))
 8 SYSTEMPATH\CodeIgniter.php(351): CodeIgniter\CodeIgniter->handleRequest(null, Object(Config\Cache), false)
 9 FCPATH\index.php(67): CodeIgniter\CodeIgniter->run()
10 SYSTEMPATH\Commands\Server\rewrite.php(46): require_once('FCPATH\\index.php')
ERROR - 2022-12-28 08:36:55 --> mysqli_sql_exception: Duplicate entry '0' for key 'PRIMARY' in D:\XAMPP\htdocs\KHDTK - experimental\vendor\codeigniter4\framework\system\Database\MySQLi\Connection.php:292
Stack trace:
#0 D:\XAMPP\htdocs\KHDTK - experimental\vendor\codeigniter4\framework\system\Database\MySQLi\Connection.php(292): mysqli->query('INSERT INTO `an...', 0)
#1 D:\XAMPP\htdocs\KHDTK - experimental\vendor\codeigniter4\framework\system\Database\BaseConnection.php(666): CodeIgniter\Database\MySQLi\Connection->execute('INSERT INTO `an...')
#2 D:\XAMPP\htdocs\KHDTK - experimental\vendor\codeigniter4\framework\system\Database\BaseConnection.php(593): CodeIgniter\Database\BaseConnection->simpleQuery('INSERT INTO `an...')
#3 D:\XAMPP\htdocs\KHDTK - experimental\vendor\codeigniter4\framework\system\Database\BaseBuilder.php(1916): CodeIgniter\Database\BaseConnection->query('INSERT INTO `an...', Array, false)
#4 D:\XAMPP\htdocs\KHDTK - experimental\vendor\codeigniter4\framework\system\Model.php(279): CodeIgniter\Database\BaseBuilder->insert()
#5 D:\XAMPP\htdocs\KHDTK - experimental\vendor\codeigniter4\framework\system\BaseModel.php(749): CodeIgniter\Model->doInsert(Array)
#6 D:\XAMPP\htdocs\KHDTK - experimental\vendor\codeigniter4\framework\system\Model.php(667): CodeIgniter\BaseModel->insert(Array, false)
#7 D:\XAMPP\htdocs\KHDTK - experimental\vendor\codeigniter4\framework\system\BaseModel.php(659): CodeIgniter\Model->insert(Array, false)
#8 D:\XAMPP\htdocs\KHDTK - experimental\app\Controllers\Hwd.php(272): CodeIgniter\BaseModel->save(Array)
#9 D:\XAMPP\htdocs\KHDTK - experimental\vendor\codeigniter4\framework\system\CodeIgniter.php(927): App\Controllers\Hwd->saveandil()
#10 D:\XAMPP\htdocs\KHDTK - experimental\vendor\codeigniter4\framework\system\CodeIgniter.php(482): CodeIgniter\CodeIgniter->runController(Object(App\Controllers\Hwd))
#11 D:\XAMPP\htdocs\KHDTK - experimental\vendor\codeigniter4\framework\system\CodeIgniter.php(351): CodeIgniter\CodeIgniter->handleRequest(NULL, Object(Config\Cache), false)
#12 D:\XAMPP\htdocs\KHDTK - experimental\public\index.php(67): CodeIgniter\CodeIgniter->run()
#13 D:\XAMPP\htdocs\KHDTK - experimental\vendor\codeigniter4\framework\system\Commands\Server\rewrite.php(46): require_once('D:\\XAMPP\\htdocs...')
#14 {main}
CRITICAL - 2022-12-28 08:36:55 --> Duplicate entry '0' for key 'PRIMARY'
in SYSTEMPATH\Database\MySQLi\Connection.php on line 292.
 1 SYSTEMPATH\Database\MySQLi\Connection.php(292): mysqli->query('INSERT INTO `andil` (`andil`, `kode_cucu_petak`, `nik_pesanggem`, `nama_pesanggem`, `desa`, `dusun`, `rw`, `rt`, `kode_hwd`, `sk_berlaku`, `sk_berakhir`, `kode_lemdes`) VALUES (\'333\', \'222\', \'333\', \'333\', \'333\', \'333\', \'333\', \'333\', \'111\', \'2022-12-22\', \'2022-12-30\', \'qwe\')', 0)
 2 SYSTEMPATH\Database\BaseConnection.php(666): CodeIgniter\Database\MySQLi\Connection->execute('INSERT INTO `andil` (`andil`, `kode_cucu_petak`, `nik_pesanggem`, `nama_pesanggem`, `desa`, `dusun`, `rw`, `rt`, `kode_hwd`, `sk_berlaku`, `sk_berakhir`, `kode_lemdes`) VALUES (\'333\', \'222\', \'333\', \'333\', \'333\', \'333\', \'333\', \'333\', \'111\', \'2022-12-22\', \'2022-12-30\', \'qwe\')')
 3 SYSTEMPATH\Database\BaseConnection.php(593): CodeIgniter\Database\BaseConnection->simpleQuery('INSERT INTO `andil` (`andil`, `kode_cucu_petak`, `nik_pesanggem`, `nama_pesanggem`, `desa`, `dusun`, `rw`, `rt`, `kode_hwd`, `sk_berlaku`, `sk_berakhir`, `kode_lemdes`) VALUES (\'333\', \'222\', \'333\', \'333\', \'333\', \'333\', \'333\', \'333\', \'111\', \'2022-12-22\', \'2022-12-30\', \'qwe\')')
 4 SYSTEMPATH\Database\BaseBuilder.php(1916): CodeIgniter\Database\BaseConnection->query('INSERT INTO `andil` (`andil`, `kode_cucu_petak`, `nik_pesanggem`, `nama_pesanggem`, `desa`, `dusun`, `rw`, `rt`, `kode_hwd`, `sk_berlaku`, `sk_berakhir`, `kode_lemdes`) VALUES (:andil:, :kode_cucu_petak:, :nik_pesanggem:, :nama_pesanggem:, :desa:, :dusun:, :rw:, :rt:, :kode_hwd:, :sk_berlaku:, :sk_berakhir:, :kode_lemdes:)', [...], false)
 5 SYSTEMPATH\Model.php(279): CodeIgniter\Database\BaseBuilder->insert()
 6 SYSTEMPATH\BaseModel.php(749): CodeIgniter\Model->doInsert([...])
 7 SYSTEMPATH\Model.php(667): CodeIgniter\BaseModel->insert([...], false)
 8 SYSTEMPATH\BaseModel.php(659): CodeIgniter\Model->insert([...], false)
 9 APPPATH\Controllers\Hwd.php(272): CodeIgniter\BaseModel->save([...])
10 SYSTEMPATH\CodeIgniter.php(927): App\Controllers\Hwd->saveandil()
11 SYSTEMPATH\CodeIgniter.php(482): CodeIgniter\CodeIgniter->runController(Object(App\Controllers\Hwd))
12 SYSTEMPATH\CodeIgniter.php(351): CodeIgniter\CodeIgniter->handleRequest(null, Object(Config\Cache), false)
13 FCPATH\index.php(67): CodeIgniter\CodeIgniter->run()
14 SYSTEMPATH\Commands\Server\rewrite.php(46): require_once('FCPATH\\index.php')
