CRITICAL - 2022-12-26 04:20:09 --> Undefined index: Kode_Zonasi_LMU
in APPPATH\Views\apps\organisasi_kawasan.php on line 698.
 1 APPPATH\Views\apps\organisasi_kawasan.php(698): CodeIgniter\Debug\Exceptions->errorHandler(8, 'Undefined index: Kode_Zonasi_LMU', 'APPPATH\\Views\\apps\\organisasi_kawasan.php', 698, [...])
 2 SYSTEMPATH\View\View.php(213): include('APPPATH\\Views\\apps\\organisasi_kawasan.php')
 3 SYSTEMPATH\View\View.php(216): CodeIgniter\View\View->CodeIgniter\View\{closure}()
 4 SYSTEMPATH\Common.php(1134): CodeIgniter\View\View->render('apps/organisasi_kawasan', [], true)
 5 APPPATH\Controllers\OrganisasiKawasan.php(40): view('apps/organisasi_kawasan', [...])
 6 SYSTEMPATH\CodeIgniter.php(927): App\Controllers\OrganisasiKawasan->organisasi_kawasan()
 7 SYSTEMPATH\CodeIgniter.php(482): CodeIgniter\CodeIgniter->runController(Object(App\Controllers\OrganisasiKawasan))
 8 SYSTEMPATH\CodeIgniter.php(351): CodeIgniter\CodeIgniter->handleRequest(null, Object(Config\Cache), false)
 9 FCPATH\index.php(67): CodeIgniter\CodeIgniter->run()
10 SYSTEMPATH\Commands\Server\rewrite.php(46): require_once('FCPATH\\index.php')
CRITICAL - 2022-12-26 10:14:41 --> Invalid file: database/organisasi_kawasan.php
in SYSTEMPATH\Exceptions\FrameworkException.php on line 33.
 1 SYSTEMPATH\View\View.php(201): CodeIgniter\Exceptions\FrameworkException::forInvalidFile('database/organisasi_kawasan.php')
 2 SYSTEMPATH\Common.php(1134): CodeIgniter\View\View->render('database/organisasi_kawasan', [], true)
 3 APPPATH\Controllers\OrganisasiKawasan.php(43): view('database/organisasi_kawasan', [...])
 4 SYSTEMPATH\CodeIgniter.php(927): App\Controllers\OrganisasiKawasan->organisasi_kawasan()
 5 SYSTEMPATH\CodeIgniter.php(482): CodeIgniter\CodeIgniter->runController(Object(App\Controllers\OrganisasiKawasan))
 6 SYSTEMPATH\CodeIgniter.php(351): CodeIgniter\CodeIgniter->handleRequest(null, Object(Config\Cache), false)
 7 FCPATH\index.php(67): CodeIgniter\CodeIgniter->run()
 8 SYSTEMPATH\Commands\Server\rewrite.php(46): require_once('FCPATH\\index.php')
CRITICAL - 2022-12-26 10:39:50 --> role filter must have a matching alias defined.
in SYSTEMPATH\Filters\Filters.php on line 340.
 1 SYSTEMPATH\Filters\Filters.php(340): CodeIgniter\Filters\Exceptions\FilterException::forNoAlias('role')
 2 SYSTEMPATH\CodeIgniter.php(446): CodeIgniter\Filters\Filters->enableFilter('role', 'before')
 3 SYSTEMPATH\CodeIgniter.php(351): CodeIgniter\CodeIgniter->handleRequest(null, Object(Config\Cache), false)
 4 FCPATH\index.php(67): CodeIgniter\CodeIgniter->run()
 5 SYSTEMPATH\Commands\Server\rewrite.php(46): require_once('FCPATH\\index.php')
CRITICAL - 2022-12-26 10:40:40 --> Call to undefined function logged_in()
in APPPATH\Views\home.php on line 84.
 1 SYSTEMPATH\View\View.php(213): include()
 2 SYSTEMPATH\View\View.php(216): CodeIgniter\View\View->CodeIgniter\View\{closure}()
 3 SYSTEMPATH\Common.php(1134): CodeIgniter\View\View->render('home', [], true)
 4 APPPATH\Controllers\Home.php(9): view('home')
 5 SYSTEMPATH\CodeIgniter.php(927): App\Controllers\Home->index()
 6 SYSTEMPATH\CodeIgniter.php(482): CodeIgniter\CodeIgniter->runController(Object(App\Controllers\Home))
 7 SYSTEMPATH\CodeIgniter.php(351): CodeIgniter\CodeIgniter->handleRequest(null, Object(Config\Cache), false)
 8 FCPATH\index.php(67): CodeIgniter\CodeIgniter->run()
 9 SYSTEMPATH\Commands\Server\rewrite.php(46): require_once('FCPATH\\index.php')
CRITICAL - 2022-12-26 10:40:57 --> Call to undefined function in_groups()
in APPPATH\Views\apps\dashboard.php on line 64.
 1 SYSTEMPATH\View\View.php(213): include()
 2 SYSTEMPATH\View\View.php(216): CodeIgniter\View\View->CodeIgniter\View\{closure}()
 3 SYSTEMPATH\Common.php(1134): CodeIgniter\View\View->render('apps/dashboard', [], true)
 4 APPPATH\Controllers\Dashboard.php(14): view('apps/dashboard', [...])
 5 SYSTEMPATH\CodeIgniter.php(927): App\Controllers\Dashboard->index()
 6 SYSTEMPATH\CodeIgniter.php(482): CodeIgniter\CodeIgniter->runController(Object(App\Controllers\Dashboard))
 7 SYSTEMPATH\CodeIgniter.php(351): CodeIgniter\CodeIgniter->handleRequest(null, Object(Config\Cache), false)
 8 FCPATH\index.php(67): CodeIgniter\CodeIgniter->run()
 9 SYSTEMPATH\Commands\Server\rewrite.php(46): require_once('FCPATH\\index.php')
CRITICAL - 2022-12-26 10:42:05 --> Call to undefined function in_groups()
in APPPATH\Views\apps\dashboard.php on line 64.
 1 SYSTEMPATH\View\View.php(213): include()
 2 SYSTEMPATH\View\View.php(216): CodeIgniter\View\View->CodeIgniter\View\{closure}()
 3 SYSTEMPATH\Common.php(1134): CodeIgniter\View\View->render('apps/dashboard', [], true)
 4 APPPATH\Controllers\Dashboard.php(14): view('apps/dashboard', [...])
 5 SYSTEMPATH\CodeIgniter.php(927): App\Controllers\Dashboard->index()
 6 SYSTEMPATH\CodeIgniter.php(482): CodeIgniter\CodeIgniter->runController(Object(App\Controllers\Dashboard))
 7 SYSTEMPATH\CodeIgniter.php(351): CodeIgniter\CodeIgniter->handleRequest(null, Object(Config\Cache), false)
 8 FCPATH\index.php(67): CodeIgniter\CodeIgniter->run()
 9 SYSTEMPATH\Commands\Server\rewrite.php(46): require_once('FCPATH\\index.php')
CRITICAL - 2022-12-26 10:42:54 --> Call to undefined function user()
in APPPATH\Views\template\dashboard.php on line 85.
 1 SYSTEMPATH\View\View.php(213): include()
 2 SYSTEMPATH\View\View.php(216): CodeIgniter\View\View->CodeIgniter\View\{closure}()
 3 SYSTEMPATH\View\View.php(229): CodeIgniter\View\View->render('template/dashboard', [], true)
 4 SYSTEMPATH\Common.php(1134): CodeIgniter\View\View->render('apps/dashboard', [], true)
 5 APPPATH\Controllers\Dashboard.php(14): view('apps/dashboard', [...])
 6 SYSTEMPATH\CodeIgniter.php(927): App\Controllers\Dashboard->index()
 7 SYSTEMPATH\CodeIgniter.php(482): CodeIgniter\CodeIgniter->runController(Object(App\Controllers\Dashboard))
 8 SYSTEMPATH\CodeIgniter.php(351): CodeIgniter\CodeIgniter->handleRequest(null, Object(Config\Cache), false)
 9 FCPATH\index.php(67): CodeIgniter\CodeIgniter->run()
10 SYSTEMPATH\Commands\Server\rewrite.php(46): require_once('FCPATH\\index.php')
CRITICAL - 2022-12-26 10:44:51 --> Call to undefined function user()
in APPPATH\Views\apps\maps.php on line 118.
 1 SYSTEMPATH\View\View.php(213): include()
 2 SYSTEMPATH\View\View.php(216): CodeIgniter\View\View->CodeIgniter\View\{closure}()
 3 SYSTEMPATH\Common.php(1134): CodeIgniter\View\View->render('apps/maps', [], true)
 4 APPPATH\Controllers\Dashboard.php(24): view('apps/maps', [...])
 5 SYSTEMPATH\CodeIgniter.php(927): App\Controllers\Dashboard->maps()
 6 SYSTEMPATH\CodeIgniter.php(482): CodeIgniter\CodeIgniter->runController(Object(App\Controllers\Dashboard))
 7 SYSTEMPATH\CodeIgniter.php(351): CodeIgniter\CodeIgniter->handleRequest(null, Object(Config\Cache), false)
 8 FCPATH\index.php(67): CodeIgniter\CodeIgniter->run()
 9 SYSTEMPATH\Commands\Server\rewrite.php(46): require_once('FCPATH\\index.php')
CRITICAL - 2022-12-26 10:45:42 --> Call to undefined function user()
in APPPATH\Views\database\rencana_strategis.php on line 107.
 1 SYSTEMPATH\View\View.php(213): include()
 2 SYSTEMPATH\View\View.php(216): CodeIgniter\View\View->CodeIgniter\View\{closure}()
 3 SYSTEMPATH\Common.php(1134): CodeIgniter\View\View->render('database/rencana_strategis', [], true)
 4 APPPATH\Controllers\RencanaStrategis.php(35): view('database/rencana_strategis', [...])
 5 SYSTEMPATH\CodeIgniter.php(927): App\Controllers\RencanaStrategis->rencana_strategis()
 6 SYSTEMPATH\CodeIgniter.php(482): CodeIgniter\CodeIgniter->runController(Object(App\Controllers\RencanaStrategis))
 7 SYSTEMPATH\CodeIgniter.php(351): CodeIgniter\CodeIgniter->handleRequest(null, Object(Config\Cache), false)
 8 FCPATH\index.php(67): CodeIgniter\CodeIgniter->run()
 9 SYSTEMPATH\Commands\Server\rewrite.php(46): require_once('FCPATH\\index.php')
CRITICAL - 2022-12-26 10:46:15 --> Call to undefined function user()
in APPPATH\Views\database\rencana_strategis.php on line 107.
 1 SYSTEMPATH\View\View.php(213): include()
 2 SYSTEMPATH\View\View.php(216): CodeIgniter\View\View->CodeIgniter\View\{closure}()
 3 SYSTEMPATH\Common.php(1134): CodeIgniter\View\View->render('database/rencana_strategis', [], true)
 4 APPPATH\Controllers\RencanaStrategis.php(35): view('database/rencana_strategis', [...])
 5 SYSTEMPATH\CodeIgniter.php(927): App\Controllers\RencanaStrategis->rencana_strategis()
 6 SYSTEMPATH\CodeIgniter.php(482): CodeIgniter\CodeIgniter->runController(Object(App\Controllers\RencanaStrategis))
 7 SYSTEMPATH\CodeIgniter.php(351): CodeIgniter\CodeIgniter->handleRequest(null, Object(Config\Cache), false)
 8 FCPATH\index.php(67): CodeIgniter\CodeIgniter->run()
 9 SYSTEMPATH\Commands\Server\rewrite.php(46): require_once('FCPATH\\index.php')
CRITICAL - 2022-12-26 10:46:16 --> Call to undefined function user()
in APPPATH\Views\database\rencana_strategis.php on line 107.
 1 SYSTEMPATH\View\View.php(213): include()
 2 SYSTEMPATH\View\View.php(216): CodeIgniter\View\View->CodeIgniter\View\{closure}()
 3 SYSTEMPATH\Common.php(1134): CodeIgniter\View\View->render('database/rencana_strategis', [], true)
 4 APPPATH\Controllers\RencanaStrategis.php(35): view('database/rencana_strategis', [...])
 5 SYSTEMPATH\CodeIgniter.php(927): App\Controllers\RencanaStrategis->rencana_strategis()
 6 SYSTEMPATH\CodeIgniter.php(482): CodeIgniter\CodeIgniter->runController(Object(App\Controllers\RencanaStrategis))
 7 SYSTEMPATH\CodeIgniter.php(351): CodeIgniter\CodeIgniter->handleRequest(null, Object(Config\Cache), false)
 8 FCPATH\index.php(67): CodeIgniter\CodeIgniter->run()
 9 SYSTEMPATH\Commands\Server\rewrite.php(46): require_once('FCPATH\\index.php')
CRITICAL - 2022-12-26 10:46:17 --> Call to undefined function user()
in APPPATH\Views\database\rencana_strategis.php on line 107.
 1 SYSTEMPATH\View\View.php(213): include()
 2 SYSTEMPATH\View\View.php(216): CodeIgniter\View\View->CodeIgniter\View\{closure}()
 3 SYSTEMPATH\Common.php(1134): CodeIgniter\View\View->render('database/rencana_strategis', [], true)
 4 APPPATH\Controllers\RencanaStrategis.php(35): view('database/rencana_strategis', [...])
 5 SYSTEMPATH\CodeIgniter.php(927): App\Controllers\RencanaStrategis->rencana_strategis()
 6 SYSTEMPATH\CodeIgniter.php(482): CodeIgniter\CodeIgniter->runController(Object(App\Controllers\RencanaStrategis))
 7 SYSTEMPATH\CodeIgniter.php(351): CodeIgniter\CodeIgniter->handleRequest(null, Object(Config\Cache), false)
 8 FCPATH\index.php(67): CodeIgniter\CodeIgniter->run()
 9 SYSTEMPATH\Commands\Server\rewrite.php(46): require_once('FCPATH\\index.php')
CRITICAL - 2022-12-26 10:46:17 --> Call to undefined function user()
in APPPATH\Views\database\rencana_strategis.php on line 107.
 1 SYSTEMPATH\View\View.php(213): include()
 2 SYSTEMPATH\View\View.php(216): CodeIgniter\View\View->CodeIgniter\View\{closure}()
 3 SYSTEMPATH\Common.php(1134): CodeIgniter\View\View->render('database/rencana_strategis', [], true)
 4 APPPATH\Controllers\RencanaStrategis.php(35): view('database/rencana_strategis', [...])
 5 SYSTEMPATH\CodeIgniter.php(927): App\Controllers\RencanaStrategis->rencana_strategis()
 6 SYSTEMPATH\CodeIgniter.php(482): CodeIgniter\CodeIgniter->runController(Object(App\Controllers\RencanaStrategis))
 7 SYSTEMPATH\CodeIgniter.php(351): CodeIgniter\CodeIgniter->handleRequest(null, Object(Config\Cache), false)
 8 FCPATH\index.php(67): CodeIgniter\CodeIgniter->run()
 9 SYSTEMPATH\Commands\Server\rewrite.php(46): require_once('FCPATH\\index.php')
CRITICAL - 2022-12-26 10:46:18 --> Call to undefined function user()
in APPPATH\Views\database\rencana_strategis.php on line 107.
 1 SYSTEMPATH\View\View.php(213): include()
 2 SYSTEMPATH\View\View.php(216): CodeIgniter\View\View->CodeIgniter\View\{closure}()
 3 SYSTEMPATH\Common.php(1134): CodeIgniter\View\View->render('database/rencana_strategis', [], true)
 4 APPPATH\Controllers\RencanaStrategis.php(35): view('database/rencana_strategis', [...])
 5 SYSTEMPATH\CodeIgniter.php(927): App\Controllers\RencanaStrategis->rencana_strategis()
 6 SYSTEMPATH\CodeIgniter.php(482): CodeIgniter\CodeIgniter->runController(Object(App\Controllers\RencanaStrategis))
 7 SYSTEMPATH\CodeIgniter.php(351): CodeIgniter\CodeIgniter->handleRequest(null, Object(Config\Cache), false)
 8 FCPATH\index.php(67): CodeIgniter\CodeIgniter->run()
 9 SYSTEMPATH\Commands\Server\rewrite.php(46): require_once('FCPATH\\index.php')
CRITICAL - 2022-12-26 10:46:18 --> Call to undefined function user()
in APPPATH\Views\database\rencana_strategis.php on line 107.
 1 SYSTEMPATH\View\View.php(213): include()
 2 SYSTEMPATH\View\View.php(216): CodeIgniter\View\View->CodeIgniter\View\{closure}()
 3 SYSTEMPATH\Common.php(1134): CodeIgniter\View\View->render('database/rencana_strategis', [], true)
 4 APPPATH\Controllers\RencanaStrategis.php(35): view('database/rencana_strategis', [...])
 5 SYSTEMPATH\CodeIgniter.php(927): App\Controllers\RencanaStrategis->rencana_strategis()
 6 SYSTEMPATH\CodeIgniter.php(482): CodeIgniter\CodeIgniter->runController(Object(App\Controllers\RencanaStrategis))
 7 SYSTEMPATH\CodeIgniter.php(351): CodeIgniter\CodeIgniter->handleRequest(null, Object(Config\Cache), false)
 8 FCPATH\index.php(67): CodeIgniter\CodeIgniter->run()
 9 SYSTEMPATH\Commands\Server\rewrite.php(46): require_once('FCPATH\\index.php')
CRITICAL - 2022-12-26 10:46:18 --> Call to undefined function user()
in APPPATH\Views\database\rencana_strategis.php on line 107.
 1 SYSTEMPATH\View\View.php(213): include()
 2 SYSTEMPATH\View\View.php(216): CodeIgniter\View\View->CodeIgniter\View\{closure}()
 3 SYSTEMPATH\Common.php(1134): CodeIgniter\View\View->render('database/rencana_strategis', [], true)
 4 APPPATH\Controllers\RencanaStrategis.php(35): view('database/rencana_strategis', [...])
 5 SYSTEMPATH\CodeIgniter.php(927): App\Controllers\RencanaStrategis->rencana_strategis()
 6 SYSTEMPATH\CodeIgniter.php(482): CodeIgniter\CodeIgniter->runController(Object(App\Controllers\RencanaStrategis))
 7 SYSTEMPATH\CodeIgniter.php(351): CodeIgniter\CodeIgniter->handleRequest(null, Object(Config\Cache), false)
 8 FCPATH\index.php(67): CodeIgniter\CodeIgniter->run()
 9 SYSTEMPATH\Commands\Server\rewrite.php(46): require_once('FCPATH\\index.php')
CRITICAL - 2022-12-26 10:46:18 --> Call to undefined function user()
in APPPATH\Views\database\rencana_strategis.php on line 107.
 1 SYSTEMPATH\View\View.php(213): include()
 2 SYSTEMPATH\View\View.php(216): CodeIgniter\View\View->CodeIgniter\View\{closure}()
 3 SYSTEMPATH\Common.php(1134): CodeIgniter\View\View->render('database/rencana_strategis', [], true)
 4 APPPATH\Controllers\RencanaStrategis.php(35): view('database/rencana_strategis', [...])
 5 SYSTEMPATH\CodeIgniter.php(927): App\Controllers\RencanaStrategis->rencana_strategis()
 6 SYSTEMPATH\CodeIgniter.php(482): CodeIgniter\CodeIgniter->runController(Object(App\Controllers\RencanaStrategis))
 7 SYSTEMPATH\CodeIgniter.php(351): CodeIgniter\CodeIgniter->handleRequest(null, Object(Config\Cache), false)
 8 FCPATH\index.php(67): CodeIgniter\CodeIgniter->run()
 9 SYSTEMPATH\Commands\Server\rewrite.php(46): require_once('FCPATH\\index.php')
CRITICAL - 2022-12-26 10:46:19 --> Call to undefined function user()
in APPPATH\Views\database\rencana_strategis.php on line 107.
 1 SYSTEMPATH\View\View.php(213): include()
 2 SYSTEMPATH\View\View.php(216): CodeIgniter\View\View->CodeIgniter\View\{closure}()
 3 SYSTEMPATH\Common.php(1134): CodeIgniter\View\View->render('database/rencana_strategis', [], true)
 4 APPPATH\Controllers\RencanaStrategis.php(35): view('database/rencana_strategis', [...])
 5 SYSTEMPATH\CodeIgniter.php(927): App\Controllers\RencanaStrategis->rencana_strategis()
 6 SYSTEMPATH\CodeIgniter.php(482): CodeIgniter\CodeIgniter->runController(Object(App\Controllers\RencanaStrategis))
 7 SYSTEMPATH\CodeIgniter.php(351): CodeIgniter\CodeIgniter->handleRequest(null, Object(Config\Cache), false)
 8 FCPATH\index.php(67): CodeIgniter\CodeIgniter->run()
 9 SYSTEMPATH\Commands\Server\rewrite.php(46): require_once('FCPATH\\index.php')
CRITICAL - 2022-12-26 10:46:19 --> Call to undefined function user()
in APPPATH\Views\database\rencana_strategis.php on line 107.
 1 SYSTEMPATH\View\View.php(213): include()
 2 SYSTEMPATH\View\View.php(216): CodeIgniter\View\View->CodeIgniter\View\{closure}()
 3 SYSTEMPATH\Common.php(1134): CodeIgniter\View\View->render('database/rencana_strategis', [], true)
 4 APPPATH\Controllers\RencanaStrategis.php(35): view('database/rencana_strategis', [...])
 5 SYSTEMPATH\CodeIgniter.php(927): App\Controllers\RencanaStrategis->rencana_strategis()
 6 SYSTEMPATH\CodeIgniter.php(482): CodeIgniter\CodeIgniter->runController(Object(App\Controllers\RencanaStrategis))
 7 SYSTEMPATH\CodeIgniter.php(351): CodeIgniter\CodeIgniter->handleRequest(null, Object(Config\Cache), false)
 8 FCPATH\index.php(67): CodeIgniter\CodeIgniter->run()
 9 SYSTEMPATH\Commands\Server\rewrite.php(46): require_once('FCPATH\\index.php')
CRITICAL - 2022-12-26 10:46:19 --> Call to undefined function user()
in APPPATH\Views\database\rencana_strategis.php on line 107.
 1 SYSTEMPATH\View\View.php(213): include()
 2 SYSTEMPATH\View\View.php(216): CodeIgniter\View\View->CodeIgniter\View\{closure}()
 3 SYSTEMPATH\Common.php(1134): CodeIgniter\View\View->render('database/rencana_strategis', [], true)
 4 APPPATH\Controllers\RencanaStrategis.php(35): view('database/rencana_strategis', [...])
 5 SYSTEMPATH\CodeIgniter.php(927): App\Controllers\RencanaStrategis->rencana_strategis()
 6 SYSTEMPATH\CodeIgniter.php(482): CodeIgniter\CodeIgniter->runController(Object(App\Controllers\RencanaStrategis))
 7 SYSTEMPATH\CodeIgniter.php(351): CodeIgniter\CodeIgniter->handleRequest(null, Object(Config\Cache), false)
 8 FCPATH\index.php(67): CodeIgniter\CodeIgniter->run()
 9 SYSTEMPATH\Commands\Server\rewrite.php(46): require_once('FCPATH\\index.php')
CRITICAL - 2022-12-26 10:46:19 --> Call to undefined function user()
in APPPATH\Views\database\rencana_strategis.php on line 107.
 1 SYSTEMPATH\View\View.php(213): include()
 2 SYSTEMPATH\View\View.php(216): CodeIgniter\View\View->CodeIgniter\View\{closure}()
 3 SYSTEMPATH\Common.php(1134): CodeIgniter\View\View->render('database/rencana_strategis', [], true)
 4 APPPATH\Controllers\RencanaStrategis.php(35): view('database/rencana_strategis', [...])
 5 SYSTEMPATH\CodeIgniter.php(927): App\Controllers\RencanaStrategis->rencana_strategis()
 6 SYSTEMPATH\CodeIgniter.php(482): CodeIgniter\CodeIgniter->runController(Object(App\Controllers\RencanaStrategis))
 7 SYSTEMPATH\CodeIgniter.php(351): CodeIgniter\CodeIgniter->handleRequest(null, Object(Config\Cache), false)
 8 FCPATH\index.php(67): CodeIgniter\CodeIgniter->run()
 9 SYSTEMPATH\Commands\Server\rewrite.php(46): require_once('FCPATH\\index.php')
CRITICAL - 2022-12-26 11:00:15 --> Call to undefined function in_groups()
in APPPATH\Views\pages\doc.php on line 65.
 1 SYSTEMPATH\View\View.php(213): include()
 2 SYSTEMPATH\View\View.php(216): CodeIgniter\View\View->CodeIgniter\View\{closure}()
 3 SYSTEMPATH\Common.php(1134): CodeIgniter\View\View->render('pages/doc', [], true)
 4 APPPATH\Controllers\Dashboard.php(64): view('pages/doc', [...])
 5 SYSTEMPATH\CodeIgniter.php(927): App\Controllers\Dashboard->doc()
 6 SYSTEMPATH\CodeIgniter.php(482): CodeIgniter\CodeIgniter->runController(Object(App\Controllers\Dashboard))
 7 SYSTEMPATH\CodeIgniter.php(351): CodeIgniter\CodeIgniter->handleRequest(null, Object(Config\Cache), false)
 8 FCPATH\index.php(67): CodeIgniter\CodeIgniter->run()
 9 SYSTEMPATH\Commands\Server\rewrite.php(46): require_once('FCPATH\\index.php')
CRITICAL - 2022-12-26 11:07:07 --> Call to undefined function in_groups()
in APPPATH\Views\user-database\organisasi_kawasan.php on line 66.
 1 SYSTEMPATH\View\View.php(213): include()
 2 SYSTEMPATH\View\View.php(216): CodeIgniter\View\View->CodeIgniter\View\{closure}()
 3 SYSTEMPATH\Common.php(1134): CodeIgniter\View\View->render('user-database/organisasi_kawasan', [], true)
 4 APPPATH\Controllers\UserOrganisasiKawasan.php(40): view('user-database/organisasi_kawasan', [...])
 5 SYSTEMPATH\CodeIgniter.php(927): App\Controllers\UserOrganisasiKawasan->index()
 6 SYSTEMPATH\CodeIgniter.php(482): CodeIgniter\CodeIgniter->runController(Object(App\Controllers\UserOrganisasiKawasan))
 7 SYSTEMPATH\CodeIgniter.php(351): CodeIgniter\CodeIgniter->handleRequest(null, Object(Config\Cache), false)
 8 FCPATH\index.php(67): CodeIgniter\CodeIgniter->run()
 9 SYSTEMPATH\Commands\Server\rewrite.php(46): require_once('FCPATH\\index.php')
CRITICAL - 2022-12-26 11:08:13 --> Call to undefined function user()
in APPPATH\Views\template\user-database.php on line 96.
 1 SYSTEMPATH\View\View.php(213): include()
 2 SYSTEMPATH\View\View.php(216): CodeIgniter\View\View->CodeIgniter\View\{closure}()
 3 SYSTEMPATH\View\View.php(229): CodeIgniter\View\View->render('template/user-database', [], true)
 4 SYSTEMPATH\Common.php(1134): CodeIgniter\View\View->render('user-database/organisasi_kawasan', [], true)
 5 APPPATH\Controllers\UserOrganisasiKawasan.php(40): view('user-database/organisasi_kawasan', [...])
 6 SYSTEMPATH\CodeIgniter.php(927): App\Controllers\UserOrganisasiKawasan->index()
 7 SYSTEMPATH\CodeIgniter.php(482): CodeIgniter\CodeIgniter->runController(Object(App\Controllers\UserOrganisasiKawasan))
 8 SYSTEMPATH\CodeIgniter.php(351): CodeIgniter\CodeIgniter->handleRequest(null, Object(Config\Cache), false)
 9 FCPATH\index.php(67): CodeIgniter\CodeIgniter->run()
10 SYSTEMPATH\Commands\Server\rewrite.php(46): require_once('FCPATH\\index.php')
CRITICAL - 2022-12-26 11:08:47 --> Call to undefined function in_groups()
in APPPATH\Views\user-database\rencana_strategis.php on line 66.
 1 SYSTEMPATH\View\View.php(213): include()
 2 SYSTEMPATH\View\View.php(216): CodeIgniter\View\View->CodeIgniter\View\{closure}()
 3 SYSTEMPATH\Common.php(1134): CodeIgniter\View\View->render('user-database/rencana_strategis', [], true)
 4 APPPATH\Controllers\UserRencanaStrategis.php(32): view('user-database/rencana_strategis', [...])
 5 SYSTEMPATH\CodeIgniter.php(927): App\Controllers\UserRencanaStrategis->index()
 6 SYSTEMPATH\CodeIgniter.php(482): CodeIgniter\CodeIgniter->runController(Object(App\Controllers\UserRencanaStrategis))
 7 SYSTEMPATH\CodeIgniter.php(351): CodeIgniter\CodeIgniter->handleRequest(null, Object(Config\Cache), false)
 8 FCPATH\index.php(67): CodeIgniter\CodeIgniter->run()
 9 SYSTEMPATH\Commands\Server\rewrite.php(46): require_once('FCPATH\\index.php')
CRITICAL - 2022-12-26 11:09:48 --> Undefined property: App\Controllers\OrganisasiKawasan::$RencanaTahunanModel
in APPPATH\Controllers\OrganisasiKawasan.php on line 30.
 1 APPPATH\Controllers\OrganisasiKawasan.php(30): CodeIgniter\Debug\Exceptions->errorHandler(8, 'Undefined property: App\\Controllers\\OrganisasiKawasan::$RencanaTahunanModel', 'APPPATH\\Controllers\\OrganisasiKawasan.php', 30, [...])
 2 SYSTEMPATH\CodeIgniter.php(927): App\Controllers\OrganisasiKawasan->organisasi_kawasan()
 3 SYSTEMPATH\CodeIgniter.php(482): CodeIgniter\CodeIgniter->runController(Object(App\Controllers\OrganisasiKawasan))
 4 SYSTEMPATH\CodeIgniter.php(351): CodeIgniter\CodeIgniter->handleRequest(null, Object(Config\Cache), false)
 5 FCPATH\index.php(67): CodeIgniter\CodeIgniter->run()
 6 SYSTEMPATH\Commands\Server\rewrite.php(46): require_once('FCPATH\\index.php')
CRITICAL - 2022-12-26 11:54:07 --> Undefined index: kode_lmu
in APPPATH\Views\database\rencana_tahunan.php on line 1540.
 1 APPPATH\Views\database\rencana_tahunan.php(1540): CodeIgniter\Debug\Exceptions->errorHandler(8, 'Undefined index: kode_lmu', 'APPPATH\\Views\\database\\rencana_tahunan.php', 1540, [...])
 2 SYSTEMPATH\View\View.php(213): include('APPPATH\\Views\\database\\rencana_tahunan.php')
 3 SYSTEMPATH\View\View.php(216): CodeIgniter\View\View->CodeIgniter\View\{closure}()
 4 SYSTEMPATH\Common.php(1134): CodeIgniter\View\View->render('database/rencana_tahunan', [], true)
 5 APPPATH\Controllers\RencanaTahunan.php(51): view('database/rencana_tahunan', [...])
 6 SYSTEMPATH\CodeIgniter.php(927): App\Controllers\RencanaTahunan->rencana_tahunan()
 7 SYSTEMPATH\CodeIgniter.php(482): CodeIgniter\CodeIgniter->runController(Object(App\Controllers\RencanaTahunan))
 8 SYSTEMPATH\CodeIgniter.php(351): CodeIgniter\CodeIgniter->handleRequest(null, Object(Config\Cache), false)
 9 FCPATH\index.php(67): CodeIgniter\CodeIgniter->run()
10 SYSTEMPATH\Commands\Server\rewrite.php(46): require_once('FCPATH\\index.php')
