ERROR - 2022-12-10 12:06:21 --> mysqli_sql_exception: Column 'kode_penataan_kawasan' cannot be null in D:\XAMPP\htdocs\KHDTK\vendor\codeigniter4\framework\system\Database\MySQLi\Connection.php:292
Stack trace:
#0 D:\XAMPP\htdocs\KHDTK\vendor\codeigniter4\framework\system\Database\MySQLi\Connection.php(292): mysqli->query('INSERT INTO `pe...', 0)
#1 D:\XAMPP\htdocs\KHDTK\vendor\codeigniter4\framework\system\Database\BaseConnection.php(666): CodeIgniter\Database\MySQLi\Connection->execute('INSERT INTO `pe...')
#2 D:\XAMPP\htdocs\KHDTK\vendor\codeigniter4\framework\system\Database\BaseConnection.php(593): CodeIgniter\Database\BaseConnection->simpleQuery('INSERT INTO `pe...')
#3 D:\XAMPP\htdocs\KHDTK\vendor\codeigniter4\framework\system\Database\BaseBuilder.php(1916): CodeIgniter\Database\BaseConnection->query('INSERT INTO `pe...', Array, false)
#4 D:\XAMPP\htdocs\KHDTK\vendor\codeigniter4\framework\system\Model.php(279): CodeIgniter\Database\BaseBuilder->insert()
#5 D:\XAMPP\htdocs\KHDTK\vendor\codeigniter4\framework\system\BaseModel.php(749): CodeIgniter\Model->doInsert(Array)
#6 D:\XAMPP\htdocs\KHDTK\vendor\codeigniter4\framework\system\Model.php(667): CodeIgniter\BaseModel->insert(Array, false)
#7 D:\XAMPP\htdocs\KHDTK\vendor\codeigniter4\framework\system\BaseModel.php(659): CodeIgniter\Model->insert(Array, false)
#8 D:\XAMPP\htdocs\KHDTK\app\Controllers\OrganisasiKawasan.php(49): CodeIgniter\BaseModel->save(Array)
#9 D:\XAMPP\htdocs\KHDTK\vendor\codeigniter4\framework\system\CodeIgniter.php(927): App\Controllers\OrganisasiKawasan->save()
#10 D:\XAMPP\htdocs\KHDTK\vendor\codeigniter4\framework\system\CodeIgniter.php(482): CodeIgniter\CodeIgniter->runController(Object(App\Controllers\OrganisasiKawasan))
#11 D:\XAMPP\htdocs\KHDTK\vendor\codeigniter4\framework\system\CodeIgniter.php(351): CodeIgniter\CodeIgniter->handleRequest(NULL, Object(Config\Cache), false)
#12 D:\XAMPP\htdocs\KHDTK\public\index.php(67): CodeIgniter\CodeIgniter->run()
#13 D:\XAMPP\htdocs\KHDTK\vendor\codeigniter4\framework\system\Commands\Server\rewrite.php(46): require_once('D:\\XAMPP\\htdocs...')
#14 {main}
CRITICAL - 2022-12-10 12:06:21 --> Column 'kode_penataan_kawasan' cannot be null
in SYSTEMPATH\Database\MySQLi\Connection.php on line 292.
 1 SYSTEMPATH\Database\MySQLi\Connection.php(292): mysqli->query('INSERT INTO `penataankawasan` (`kode_penataan_kawasan`, `no_sk`, `tanggal_berlaku`, `kode_rencana_tahunan_kegiatan`) VALUES (NULL, NULL, NULL, NULL)', 0)
 2 SYSTEMPATH\Database\BaseConnection.php(666): CodeIgniter\Database\MySQLi\Connection->execute('INSERT INTO `penataankawasan` (`kode_penataan_kawasan`, `no_sk`, `tanggal_berlaku`, `kode_rencana_tahunan_kegiatan`) VALUES (NULL, NULL, NULL, NULL)')
 3 SYSTEMPATH\Database\BaseConnection.php(593): CodeIgniter\Database\BaseConnection->simpleQuery('INSERT INTO `penataankawasan` (`kode_penataan_kawasan`, `no_sk`, `tanggal_berlaku`, `kode_rencana_tahunan_kegiatan`) VALUES (NULL, NULL, NULL, NULL)')
 4 SYSTEMPATH\Database\BaseBuilder.php(1916): CodeIgniter\Database\BaseConnection->query('INSERT INTO `penataankawasan` (`kode_penataan_kawasan`, `no_sk`, `tanggal_berlaku`, `kode_rencana_tahunan_kegiatan`) VALUES (:kode_penataan_kawasan:, :no_sk:, :tanggal_berlaku:, :kode_rencana_tahunan_kegiatan:)', [...], false)
 5 SYSTEMPATH\Model.php(279): CodeIgniter\Database\BaseBuilder->insert()
 6 SYSTEMPATH\BaseModel.php(749): CodeIgniter\Model->doInsert([...])
 7 SYSTEMPATH\Model.php(667): CodeIgniter\BaseModel->insert([...], false)
 8 SYSTEMPATH\BaseModel.php(659): CodeIgniter\Model->insert([...], false)
 9 APPPATH\Controllers\OrganisasiKawasan.php(49): CodeIgniter\BaseModel->save([...])
10 SYSTEMPATH\CodeIgniter.php(927): App\Controllers\OrganisasiKawasan->save()
11 SYSTEMPATH\CodeIgniter.php(482): CodeIgniter\CodeIgniter->runController(Object(App\Controllers\OrganisasiKawasan))
12 SYSTEMPATH\CodeIgniter.php(351): CodeIgniter\CodeIgniter->handleRequest(null, Object(Config\Cache), false)
13 FCPATH\index.php(67): CodeIgniter\CodeIgniter->run()
14 SYSTEMPATH\Commands\Server\rewrite.php(46): require_once('FCPATH\\index.php')
ERROR - 2022-12-10 12:11:02 --> mysqli_sql_exception: Column 'kode_penataan_kawasan' cannot be null in D:\XAMPP\htdocs\KHDTK\vendor\codeigniter4\framework\system\Database\MySQLi\Connection.php:292
Stack trace:
#0 D:\XAMPP\htdocs\KHDTK\vendor\codeigniter4\framework\system\Database\MySQLi\Connection.php(292): mysqli->query('INSERT INTO `pe...', 0)
#1 D:\XAMPP\htdocs\KHDTK\vendor\codeigniter4\framework\system\Database\BaseConnection.php(666): CodeIgniter\Database\MySQLi\Connection->execute('INSERT INTO `pe...')
#2 D:\XAMPP\htdocs\KHDTK\vendor\codeigniter4\framework\system\Database\BaseConnection.php(593): CodeIgniter\Database\BaseConnection->simpleQuery('INSERT INTO `pe...')
#3 D:\XAMPP\htdocs\KHDTK\vendor\codeigniter4\framework\system\Database\BaseBuilder.php(1916): CodeIgniter\Database\BaseConnection->query('INSERT INTO `pe...', Array, false)
#4 D:\XAMPP\htdocs\KHDTK\vendor\codeigniter4\framework\system\Model.php(279): CodeIgniter\Database\BaseBuilder->insert()
#5 D:\XAMPP\htdocs\KHDTK\vendor\codeigniter4\framework\system\BaseModel.php(749): CodeIgniter\Model->doInsert(Array)
#6 D:\XAMPP\htdocs\KHDTK\vendor\codeigniter4\framework\system\Model.php(667): CodeIgniter\BaseModel->insert(Array, false)
#7 D:\XAMPP\htdocs\KHDTK\vendor\codeigniter4\framework\system\BaseModel.php(659): CodeIgniter\Model->insert(Array, false)
#8 D:\XAMPP\htdocs\KHDTK\app\Controllers\OrganisasiKawasan.php(49): CodeIgniter\BaseModel->save(Array)
#9 D:\XAMPP\htdocs\KHDTK\vendor\codeigniter4\framework\system\CodeIgniter.php(927): App\Controllers\OrganisasiKawasan->save()
#10 D:\XAMPP\htdocs\KHDTK\vendor\codeigniter4\framework\system\CodeIgniter.php(482): CodeIgniter\CodeIgniter->runController(Object(App\Controllers\OrganisasiKawasan))
#11 D:\XAMPP\htdocs\KHDTK\vendor\codeigniter4\framework\system\CodeIgniter.php(351): CodeIgniter\CodeIgniter->handleRequest(NULL, Object(Config\Cache), false)
#12 D:\XAMPP\htdocs\KHDTK\public\index.php(67): CodeIgniter\CodeIgniter->run()
#13 D:\XAMPP\htdocs\KHDTK\vendor\codeigniter4\framework\system\Commands\Server\rewrite.php(46): require_once('D:\\XAMPP\\htdocs...')
#14 {main}
CRITICAL - 2022-12-10 12:11:02 --> Column 'kode_penataan_kawasan' cannot be null
in SYSTEMPATH\Database\MySQLi\Connection.php on line 292.
 1 SYSTEMPATH\Database\MySQLi\Connection.php(292): mysqli->query('INSERT INTO `penataankawasan` (`kode_penataan_kawasan`, `no_sk`, `tanggal_berlaku`, `kode_rencana_tahunan_kegiatan`) VALUES (NULL, NULL, NULL, NULL)', 0)
 2 SYSTEMPATH\Database\BaseConnection.php(666): CodeIgniter\Database\MySQLi\Connection->execute('INSERT INTO `penataankawasan` (`kode_penataan_kawasan`, `no_sk`, `tanggal_berlaku`, `kode_rencana_tahunan_kegiatan`) VALUES (NULL, NULL, NULL, NULL)')
 3 SYSTEMPATH\Database\BaseConnection.php(593): CodeIgniter\Database\BaseConnection->simpleQuery('INSERT INTO `penataankawasan` (`kode_penataan_kawasan`, `no_sk`, `tanggal_berlaku`, `kode_rencana_tahunan_kegiatan`) VALUES (NULL, NULL, NULL, NULL)')
 4 SYSTEMPATH\Database\BaseBuilder.php(1916): CodeIgniter\Database\BaseConnection->query('INSERT INTO `penataankawasan` (`kode_penataan_kawasan`, `no_sk`, `tanggal_berlaku`, `kode_rencana_tahunan_kegiatan`) VALUES (:kode_penataan_kawasan:, :no_sk:, :tanggal_berlaku:, :kode_rencana_tahunan_kegiatan:)', [...], false)
 5 SYSTEMPATH\Model.php(279): CodeIgniter\Database\BaseBuilder->insert()
 6 SYSTEMPATH\BaseModel.php(749): CodeIgniter\Model->doInsert([...])
 7 SYSTEMPATH\Model.php(667): CodeIgniter\BaseModel->insert([...], false)
 8 SYSTEMPATH\BaseModel.php(659): CodeIgniter\Model->insert([...], false)
 9 APPPATH\Controllers\OrganisasiKawasan.php(49): CodeIgniter\BaseModel->save([...])
10 SYSTEMPATH\CodeIgniter.php(927): App\Controllers\OrganisasiKawasan->save()
11 SYSTEMPATH\CodeIgniter.php(482): CodeIgniter\CodeIgniter->runController(Object(App\Controllers\OrganisasiKawasan))
12 SYSTEMPATH\CodeIgniter.php(351): CodeIgniter\CodeIgniter->handleRequest(null, Object(Config\Cache), false)
13 FCPATH\index.php(67): CodeIgniter\CodeIgniter->run()
14 SYSTEMPATH\Commands\Server\rewrite.php(46): require_once('FCPATH\\index.php')
ERROR - 2022-12-10 12:18:55 --> mysqli_sql_exception: Column 'kode_penataan_kawasan' cannot be null in D:\XAMPP\htdocs\KHDTK\vendor\codeigniter4\framework\system\Database\MySQLi\Connection.php:292
Stack trace:
#0 D:\XAMPP\htdocs\KHDTK\vendor\codeigniter4\framework\system\Database\MySQLi\Connection.php(292): mysqli->query('INSERT INTO `pe...', 0)
#1 D:\XAMPP\htdocs\KHDTK\vendor\codeigniter4\framework\system\Database\BaseConnection.php(666): CodeIgniter\Database\MySQLi\Connection->execute('INSERT INTO `pe...')
#2 D:\XAMPP\htdocs\KHDTK\vendor\codeigniter4\framework\system\Database\BaseConnection.php(593): CodeIgniter\Database\BaseConnection->simpleQuery('INSERT INTO `pe...')
#3 D:\XAMPP\htdocs\KHDTK\vendor\codeigniter4\framework\system\Database\BaseBuilder.php(1916): CodeIgniter\Database\BaseConnection->query('INSERT INTO `pe...', Array, false)
#4 D:\XAMPP\htdocs\KHDTK\vendor\codeigniter4\framework\system\Model.php(279): CodeIgniter\Database\BaseBuilder->insert()
#5 D:\XAMPP\htdocs\KHDTK\vendor\codeigniter4\framework\system\BaseModel.php(749): CodeIgniter\Model->doInsert(Array)
#6 D:\XAMPP\htdocs\KHDTK\vendor\codeigniter4\framework\system\Model.php(667): CodeIgniter\BaseModel->insert(Array, false)
#7 D:\XAMPP\htdocs\KHDTK\vendor\codeigniter4\framework\system\BaseModel.php(659): CodeIgniter\Model->insert(Array, false)
#8 D:\XAMPP\htdocs\KHDTK\app\Controllers\OrganisasiKawasan.php(49): CodeIgniter\BaseModel->save(Array)
#9 D:\XAMPP\htdocs\KHDTK\vendor\codeigniter4\framework\system\CodeIgniter.php(927): App\Controllers\OrganisasiKawasan->save()
#10 D:\XAMPP\htdocs\KHDTK\vendor\codeigniter4\framework\system\CodeIgniter.php(482): CodeIgniter\CodeIgniter->runController(Object(App\Controllers\OrganisasiKawasan))
#11 D:\XAMPP\htdocs\KHDTK\vendor\codeigniter4\framework\system\CodeIgniter.php(351): CodeIgniter\CodeIgniter->handleRequest(NULL, Object(Config\Cache), false)
#12 D:\XAMPP\htdocs\KHDTK\public\index.php(67): CodeIgniter\CodeIgniter->run()
#13 D:\XAMPP\htdocs\KHDTK\vendor\codeigniter4\framework\system\Commands\Server\rewrite.php(46): require_once('D:\\XAMPP\\htdocs...')
#14 {main}
CRITICAL - 2022-12-10 12:18:55 --> Column 'kode_penataan_kawasan' cannot be null
in SYSTEMPATH\Database\MySQLi\Connection.php on line 292.
 1 SYSTEMPATH\Database\MySQLi\Connection.php(292): mysqli->query('INSERT INTO `penataankawasan` (`kode_penataan_kawasan`, `no_sk`, `tanggal_berlaku`, `kode_rencana_tahunan_kegiatan`) VALUES (NULL, NULL, NULL, NULL)', 0)
 2 SYSTEMPATH\Database\BaseConnection.php(666): CodeIgniter\Database\MySQLi\Connection->execute('INSERT INTO `penataankawasan` (`kode_penataan_kawasan`, `no_sk`, `tanggal_berlaku`, `kode_rencana_tahunan_kegiatan`) VALUES (NULL, NULL, NULL, NULL)')
 3 SYSTEMPATH\Database\BaseConnection.php(593): CodeIgniter\Database\BaseConnection->simpleQuery('INSERT INTO `penataankawasan` (`kode_penataan_kawasan`, `no_sk`, `tanggal_berlaku`, `kode_rencana_tahunan_kegiatan`) VALUES (NULL, NULL, NULL, NULL)')
 4 SYSTEMPATH\Database\BaseBuilder.php(1916): CodeIgniter\Database\BaseConnection->query('INSERT INTO `penataankawasan` (`kode_penataan_kawasan`, `no_sk`, `tanggal_berlaku`, `kode_rencana_tahunan_kegiatan`) VALUES (:kode_penataan_kawasan:, :no_sk:, :tanggal_berlaku:, :kode_rencana_tahunan_kegiatan:)', [...], false)
 5 SYSTEMPATH\Model.php(279): CodeIgniter\Database\BaseBuilder->insert()
 6 SYSTEMPATH\BaseModel.php(749): CodeIgniter\Model->doInsert([...])
 7 SYSTEMPATH\Model.php(667): CodeIgniter\BaseModel->insert([...], false)
 8 SYSTEMPATH\BaseModel.php(659): CodeIgniter\Model->insert([...], false)
 9 APPPATH\Controllers\OrganisasiKawasan.php(49): CodeIgniter\BaseModel->save([...])
10 SYSTEMPATH\CodeIgniter.php(927): App\Controllers\OrganisasiKawasan->save()
11 SYSTEMPATH\CodeIgniter.php(482): CodeIgniter\CodeIgniter->runController(Object(App\Controllers\OrganisasiKawasan))
12 SYSTEMPATH\CodeIgniter.php(351): CodeIgniter\CodeIgniter->handleRequest(null, Object(Config\Cache), false)
13 FCPATH\index.php(67): CodeIgniter\CodeIgniter->run()
14 SYSTEMPATH\Commands\Server\rewrite.php(46): require_once('FCPATH\\index.php')
ERROR - 2022-12-10 12:29:42 --> mysqli_sql_exception: Column 'kode_penataan_kawasan' cannot be null in D:\XAMPP\htdocs\KHDTK\vendor\codeigniter4\framework\system\Database\MySQLi\Connection.php:292
Stack trace:
#0 D:\XAMPP\htdocs\KHDTK\vendor\codeigniter4\framework\system\Database\MySQLi\Connection.php(292): mysqli->query('INSERT INTO `pe...', 0)
#1 D:\XAMPP\htdocs\KHDTK\vendor\codeigniter4\framework\system\Database\BaseConnection.php(666): CodeIgniter\Database\MySQLi\Connection->execute('INSERT INTO `pe...')
#2 D:\XAMPP\htdocs\KHDTK\vendor\codeigniter4\framework\system\Database\BaseConnection.php(593): CodeIgniter\Database\BaseConnection->simpleQuery('INSERT INTO `pe...')
#3 D:\XAMPP\htdocs\KHDTK\vendor\codeigniter4\framework\system\Database\BaseBuilder.php(1916): CodeIgniter\Database\BaseConnection->query('INSERT INTO `pe...', Array, false)
#4 D:\XAMPP\htdocs\KHDTK\vendor\codeigniter4\framework\system\Model.php(279): CodeIgniter\Database\BaseBuilder->insert()
#5 D:\XAMPP\htdocs\KHDTK\vendor\codeigniter4\framework\system\BaseModel.php(749): CodeIgniter\Model->doInsert(Array)
#6 D:\XAMPP\htdocs\KHDTK\vendor\codeigniter4\framework\system\Model.php(667): CodeIgniter\BaseModel->insert(Array, false)
#7 D:\XAMPP\htdocs\KHDTK\vendor\codeigniter4\framework\system\BaseModel.php(659): CodeIgniter\Model->insert(Array, false)
#8 D:\XAMPP\htdocs\KHDTK\app\Controllers\OrganisasiKawasan.php(49): CodeIgniter\BaseModel->save(Array)
#9 D:\XAMPP\htdocs\KHDTK\vendor\codeigniter4\framework\system\CodeIgniter.php(927): App\Controllers\OrganisasiKawasan->save()
#10 D:\XAMPP\htdocs\KHDTK\vendor\codeigniter4\framework\system\CodeIgniter.php(482): CodeIgniter\CodeIgniter->runController(Object(App\Controllers\OrganisasiKawasan))
#11 D:\XAMPP\htdocs\KHDTK\vendor\codeigniter4\framework\system\CodeIgniter.php(351): CodeIgniter\CodeIgniter->handleRequest(NULL, Object(Config\Cache), false)
#12 D:\XAMPP\htdocs\KHDTK\public\index.php(67): CodeIgniter\CodeIgniter->run()
#13 D:\XAMPP\htdocs\KHDTK\vendor\codeigniter4\framework\system\Commands\Server\rewrite.php(46): require_once('D:\\XAMPP\\htdocs...')
#14 {main}
CRITICAL - 2022-12-10 12:29:42 --> Column 'kode_penataan_kawasan' cannot be null
in SYSTEMPATH\Database\MySQLi\Connection.php on line 292.
 1 SYSTEMPATH\Database\MySQLi\Connection.php(292): mysqli->query('INSERT INTO `penataankawasan` (`kode_penataan_kawasan`, `no_sk`, `tanggal_berlaku`, `kode_rencana_tahunan_kegiatan`) VALUES (NULL, NULL, NULL, NULL)', 0)
 2 SYSTEMPATH\Database\BaseConnection.php(666): CodeIgniter\Database\MySQLi\Connection->execute('INSERT INTO `penataankawasan` (`kode_penataan_kawasan`, `no_sk`, `tanggal_berlaku`, `kode_rencana_tahunan_kegiatan`) VALUES (NULL, NULL, NULL, NULL)')
 3 SYSTEMPATH\Database\BaseConnection.php(593): CodeIgniter\Database\BaseConnection->simpleQuery('INSERT INTO `penataankawasan` (`kode_penataan_kawasan`, `no_sk`, `tanggal_berlaku`, `kode_rencana_tahunan_kegiatan`) VALUES (NULL, NULL, NULL, NULL)')
 4 SYSTEMPATH\Database\BaseBuilder.php(1916): CodeIgniter\Database\BaseConnection->query('INSERT INTO `penataankawasan` (`kode_penataan_kawasan`, `no_sk`, `tanggal_berlaku`, `kode_rencana_tahunan_kegiatan`) VALUES (:kode_penataan_kawasan:, :no_sk:, :tanggal_berlaku:, :kode_rencana_tahunan_kegiatan:)', [...], false)
 5 SYSTEMPATH\Model.php(279): CodeIgniter\Database\BaseBuilder->insert()
 6 SYSTEMPATH\BaseModel.php(749): CodeIgniter\Model->doInsert([...])
 7 SYSTEMPATH\Model.php(667): CodeIgniter\BaseModel->insert([...], false)
 8 SYSTEMPATH\BaseModel.php(659): CodeIgniter\Model->insert([...], false)
 9 APPPATH\Controllers\OrganisasiKawasan.php(49): CodeIgniter\BaseModel->save([...])
10 SYSTEMPATH\CodeIgniter.php(927): App\Controllers\OrganisasiKawasan->save()
11 SYSTEMPATH\CodeIgniter.php(482): CodeIgniter\CodeIgniter->runController(Object(App\Controllers\OrganisasiKawasan))
12 SYSTEMPATH\CodeIgniter.php(351): CodeIgniter\CodeIgniter->handleRequest(null, Object(Config\Cache), false)
13 FCPATH\index.php(67): CodeIgniter\CodeIgniter->run()
14 SYSTEMPATH\Commands\Server\rewrite.php(46): require_once('FCPATH\\index.php')
CRITICAL - 2022-12-10 12:53:27 --> Trying to get property 'section_all' of non-object
in APPPATH\Views\apps\organisasi_kawasan.php on line 673.
 1 APPPATH\Views\apps\organisasi_kawasan.php(673): CodeIgniter\Debug\Exceptions->errorHandler(8, 'Trying to get property \'section_all\' of non-object', 'APPPATH\\Views\\apps\\organisasi_kawasan.php', 673, [...])
 2 SYSTEMPATH\View\View.php(213): include('APPPATH\\Views\\apps\\organisasi_kawasan.php')
 3 SYSTEMPATH\View\View.php(216): CodeIgniter\View\View->CodeIgniter\View\{closure}()
 4 SYSTEMPATH\Common.php(1134): CodeIgniter\View\View->render('apps/organisasi_kawasan', [], true)
 5 APPPATH\Controllers\OrganisasiKawasan.php(40): view('apps/organisasi_kawasan', [...])
 6 SYSTEMPATH\CodeIgniter.php(927): App\Controllers\OrganisasiKawasan->organisasi_kawasan()
 7 SYSTEMPATH\CodeIgniter.php(482): CodeIgniter\CodeIgniter->runController(Object(App\Controllers\OrganisasiKawasan))
 8 SYSTEMPATH\CodeIgniter.php(351): CodeIgniter\CodeIgniter->handleRequest(null, Object(Config\Cache), false)
 9 FCPATH\index.php(67): CodeIgniter\CodeIgniter->run()
10 SYSTEMPATH\Commands\Server\rewrite.php(46): require_once('FCPATH\\index.php')
CRITICAL - 2022-12-10 13:04:25 --> Trying to get property 'section_all' of non-object
in APPPATH\Views\apps\organisasi_kawasan.php on line 673.
 1 APPPATH\Views\apps\organisasi_kawasan.php(673): CodeIgniter\Debug\Exceptions->errorHandler(8, 'Trying to get property \'section_all\' of non-object', 'APPPATH\\Views\\apps\\organisasi_kawasan.php', 673, [...])
 2 SYSTEMPATH\View\View.php(213): include('APPPATH\\Views\\apps\\organisasi_kawasan.php')
 3 SYSTEMPATH\View\View.php(216): CodeIgniter\View\View->CodeIgniter\View\{closure}()
 4 SYSTEMPATH\Common.php(1134): CodeIgniter\View\View->render('apps/organisasi_kawasan', [], true)
 5 APPPATH\Controllers\OrganisasiKawasan.php(40): view('apps/organisasi_kawasan', [...])
 6 SYSTEMPATH\CodeIgniter.php(927): App\Controllers\OrganisasiKawasan->organisasi_kawasan()
 7 SYSTEMPATH\CodeIgniter.php(482): CodeIgniter\CodeIgniter->runController(Object(App\Controllers\OrganisasiKawasan))
 8 SYSTEMPATH\CodeIgniter.php(351): CodeIgniter\CodeIgniter->handleRequest(null, Object(Config\Cache), false)
 9 FCPATH\index.php(67): CodeIgniter\CodeIgniter->run()
10 SYSTEMPATH\Commands\Server\rewrite.php(46): require_once('FCPATH\\index.php')
CRITICAL - 2022-12-10 13:05:39 --> Undefined variable: penataankawasanas
in APPPATH\Views\apps\organisasi_kawasan.php on line 673.
 1 APPPATH\Views\apps\organisasi_kawasan.php(673): CodeIgniter\Debug\Exceptions->errorHandler(8, 'Undefined variable: penataankawasanas', 'APPPATH\\Views\\apps\\organisasi_kawasan.php', 673, [...])
 2 SYSTEMPATH\View\View.php(213): include('APPPATH\\Views\\apps\\organisasi_kawasan.php')
 3 SYSTEMPATH\View\View.php(216): CodeIgniter\View\View->CodeIgniter\View\{closure}()
 4 SYSTEMPATH\Common.php(1134): CodeIgniter\View\View->render('apps/organisasi_kawasan', [], true)
 5 APPPATH\Controllers\OrganisasiKawasan.php(40): view('apps/organisasi_kawasan', [...])
 6 SYSTEMPATH\CodeIgniter.php(927): App\Controllers\OrganisasiKawasan->organisasi_kawasan()
 7 SYSTEMPATH\CodeIgniter.php(482): CodeIgniter\CodeIgniter->runController(Object(App\Controllers\OrganisasiKawasan))
 8 SYSTEMPATH\CodeIgniter.php(351): CodeIgniter\CodeIgniter->handleRequest(null, Object(Config\Cache), false)
 9 FCPATH\index.php(67): CodeIgniter\CodeIgniter->run()
10 SYSTEMPATH\Commands\Server\rewrite.php(46): require_once('FCPATH\\index.php')
