CRITICAL - 2023-01-24 05:04:42 --> Undefined variable: jumlahumt
in APPPATH\Views\apps\dashboard.php on line 600.
 1 APPPATH\Views\apps\dashboard.php(600): CodeIgniter\Debug\Exceptions->errorHandler(8, 'Undefined variable: jumlahumt', 'APPPATH\\Views\\apps\\dashboard.php', 600, [...])
 2 SYSTEMPATH\View\View.php(213): include('APPPATH\\Views\\apps\\dashboard.php')
 3 SYSTEMPATH\View\View.php(216): CodeIgniter\View\View->CodeIgniter\View\{closure}()
 4 SYSTEMPATH\Common.php(1134): CodeIgniter\View\View->render('apps/dashboard', [], true)
 5 APPPATH\Controllers\Dashboard.php(39): view('apps/dashboard', [...])
 6 SYSTEMPATH\CodeIgniter.php(927): App\Controllers\Dashboard->index()
 7 SYSTEMPATH\CodeIgniter.php(482): CodeIgniter\CodeIgniter->runController(Object(App\Controllers\Dashboard))
 8 SYSTEMPATH\CodeIgniter.php(351): CodeIgniter\CodeIgniter->handleRequest(null, Object(Config\Cache), false)
 9 FCPATH\index.php(67): CodeIgniter\CodeIgniter->run()
10 SYSTEMPATH\Commands\Server\rewrite.php(46): require_once('FCPATH\\index.php')
CRITICAL - 2023-01-24 05:20:23 --> Undefined variable: user
in APPPATH\Views\apps\dashboard.php on line 785.
 1 APPPATH\Views\apps\dashboard.php(785): CodeIgniter\Debug\Exceptions->errorHandler(8, 'Undefined variable: user', 'APPPATH\\Views\\apps\\dashboard.php', 785, [...])
 2 SYSTEMPATH\View\View.php(213): include('APPPATH\\Views\\apps\\dashboard.php')
 3 SYSTEMPATH\View\View.php(216): CodeIgniter\View\View->CodeIgniter\View\{closure}()
 4 SYSTEMPATH\Common.php(1134): CodeIgniter\View\View->render('apps/dashboard', [], true)
 5 APPPATH\Controllers\Dashboard.php(86): view('apps/dashboard', [...])
 6 SYSTEMPATH\CodeIgniter.php(927): App\Controllers\Dashboard->index()
 7 SYSTEMPATH\CodeIgniter.php(482): CodeIgniter\CodeIgniter->runController(Object(App\Controllers\Dashboard))
 8 SYSTEMPATH\CodeIgniter.php(351): CodeIgniter\CodeIgniter->handleRequest(null, Object(Config\Cache), false)
 9 FCPATH\index.php(67): CodeIgniter\CodeIgniter->run()
10 SYSTEMPATH\Commands\Server\rewrite.php(46): require_once('FCPATH\\index.php')
CRITICAL - 2023-01-24 05:20:46 --> Undefined variable: user
in APPPATH\Views\apps\dashboard.php on line 785.
 1 APPPATH\Views\apps\dashboard.php(785): CodeIgniter\Debug\Exceptions->errorHandler(8, 'Undefined variable: user', 'APPPATH\\Views\\apps\\dashboard.php', 785, [...])
 2 SYSTEMPATH\View\View.php(213): include('APPPATH\\Views\\apps\\dashboard.php')
 3 SYSTEMPATH\View\View.php(216): CodeIgniter\View\View->CodeIgniter\View\{closure}()
 4 SYSTEMPATH\Common.php(1134): CodeIgniter\View\View->render('apps/dashboard', [], true)
 5 APPPATH\Controllers\Dashboard.php(86): view('apps/dashboard', [...])
 6 SYSTEMPATH\CodeIgniter.php(927): App\Controllers\Dashboard->index()
 7 SYSTEMPATH\CodeIgniter.php(482): CodeIgniter\CodeIgniter->runController(Object(App\Controllers\Dashboard))
 8 SYSTEMPATH\CodeIgniter.php(351): CodeIgniter\CodeIgniter->handleRequest(null, Object(Config\Cache), false)
 9 FCPATH\index.php(67): CodeIgniter\CodeIgniter->run()
10 SYSTEMPATH\Commands\Server\rewrite.php(46): require_once('FCPATH\\index.php')
CRITICAL - 2023-01-24 05:20:47 --> Undefined variable: user
in APPPATH\Views\apps\dashboard.php on line 785.
 1 APPPATH\Views\apps\dashboard.php(785): CodeIgniter\Debug\Exceptions->errorHandler(8, 'Undefined variable: user', 'APPPATH\\Views\\apps\\dashboard.php', 785, [...])
 2 SYSTEMPATH\View\View.php(213): include('APPPATH\\Views\\apps\\dashboard.php')
 3 SYSTEMPATH\View\View.php(216): CodeIgniter\View\View->CodeIgniter\View\{closure}()
 4 SYSTEMPATH\Common.php(1134): CodeIgniter\View\View->render('apps/dashboard', [], true)
 5 APPPATH\Controllers\Dashboard.php(86): view('apps/dashboard', [...])
 6 SYSTEMPATH\CodeIgniter.php(927): App\Controllers\Dashboard->index()
 7 SYSTEMPATH\CodeIgniter.php(482): CodeIgniter\CodeIgniter->runController(Object(App\Controllers\Dashboard))
 8 SYSTEMPATH\CodeIgniter.php(351): CodeIgniter\CodeIgniter->handleRequest(null, Object(Config\Cache), false)
 9 FCPATH\index.php(67): CodeIgniter\CodeIgniter->run()
10 SYSTEMPATH\Commands\Server\rewrite.php(46): require_once('FCPATH\\index.php')
CRITICAL - 2023-01-24 05:30:39 --> Undefined variable: admin
in APPPATH\Views\apps\dashboard.php on line 802.
 1 APPPATH\Views\apps\dashboard.php(802): CodeIgniter\Debug\Exceptions->errorHandler(8, 'Undefined variable: admin', 'APPPATH\\Views\\apps\\dashboard.php', 802, [...])
 2 SYSTEMPATH\View\View.php(213): include('APPPATH\\Views\\apps\\dashboard.php')
 3 SYSTEMPATH\View\View.php(216): CodeIgniter\View\View->CodeIgniter\View\{closure}()
 4 SYSTEMPATH\Common.php(1134): CodeIgniter\View\View->render('apps/dashboard', [], true)
 5 APPPATH\Controllers\Dashboard.php(87): view('apps/dashboard', [...])
 6 SYSTEMPATH\CodeIgniter.php(927): App\Controllers\Dashboard->index()
 7 SYSTEMPATH\CodeIgniter.php(482): CodeIgniter\CodeIgniter->runController(Object(App\Controllers\Dashboard))
 8 SYSTEMPATH\CodeIgniter.php(351): CodeIgniter\CodeIgniter->handleRequest(null, Object(Config\Cache), false)
 9 FCPATH\index.php(67): CodeIgniter\CodeIgniter->run()
10 SYSTEMPATH\Commands\Server\rewrite.php(46): require_once('FCPATH\\index.php')
CRITICAL - 2023-01-24 05:55:55 --> Undefined index: no_pu
in APPPATH\Views\user-database\inven.php on line 649.
 1 APPPATH\Views\user-database\inven.php(649): CodeIgniter\Debug\Exceptions->errorHandler(8, 'Undefined index: no_pu', 'APPPATH\\Views\\user-database\\inven.php', 649, [...])
 2 SYSTEMPATH\View\View.php(213): include('APPPATH\\Views\\user-database\\inven.php')
 3 SYSTEMPATH\View\View.php(216): CodeIgniter\View\View->CodeIgniter\View\{closure}()
 4 SYSTEMPATH\Common.php(1134): CodeIgniter\View\View->render('user-database/inven', [], true)
 5 APPPATH\Controllers\UserInven.php(42): view('user-database/inven', [...])
 6 SYSTEMPATH\CodeIgniter.php(927): App\Controllers\UserInven->index()
 7 SYSTEMPATH\CodeIgniter.php(482): CodeIgniter\CodeIgniter->runController(Object(App\Controllers\UserInven))
 8 SYSTEMPATH\CodeIgniter.php(351): CodeIgniter\CodeIgniter->handleRequest(null, Object(Config\Cache), false)
 9 FCPATH\index.php(67): CodeIgniter\CodeIgniter->run()
10 SYSTEMPATH\Commands\Server\rewrite.php(46): require_once('FCPATH\\index.php')
CRITICAL - 2023-01-24 06:05:49 --> Undefined variable: alokasi
in APPPATH\Views\apps\dashboard.php on line 910.
 1 APPPATH\Views\apps\dashboard.php(910): CodeIgniter\Debug\Exceptions->errorHandler(8, 'Undefined variable: alokasi', 'APPPATH\\Views\\apps\\dashboard.php', 910, [...])
 2 SYSTEMPATH\View\View.php(213): include('APPPATH\\Views\\apps\\dashboard.php')
 3 SYSTEMPATH\View\View.php(216): CodeIgniter\View\View->CodeIgniter\View\{closure}()
 4 SYSTEMPATH\Common.php(1134): CodeIgniter\View\View->render('apps/dashboard', [], true)
 5 APPPATH\Controllers\Dashboard.php(129): view('apps/dashboard', [...])
 6 SYSTEMPATH\CodeIgniter.php(927): App\Controllers\Dashboard->index()
 7 SYSTEMPATH\CodeIgniter.php(482): CodeIgniter\CodeIgniter->runController(Object(App\Controllers\Dashboard))
 8 SYSTEMPATH\CodeIgniter.php(351): CodeIgniter\CodeIgniter->handleRequest(null, Object(Config\Cache), false)
 9 FCPATH\index.php(67): CodeIgniter\CodeIgniter->run()
10 SYSTEMPATH\Commands\Server\rewrite.php(46): require_once('FCPATH\\index.php')
