ERROR - 2022-12-31 07:43:26 --> mysqli_sql_exception: Unknown column 'kode_umt' in 'field list' in D:\XAMPP\htdocs\KHDTK - experimental\vendor\codeigniter4\framework\system\Database\MySQLi\Connection.php:292
Stack trace:
#0 D:\XAMPP\htdocs\KHDTK - experimental\vendor\codeigniter4\framework\system\Database\MySQLi\Connection.php(292): mysqli->query('SELECT `kode_an...', 0)
#1 D:\XAMPP\htdocs\KHDTK - experimental\vendor\codeigniter4\framework\system\Database\BaseConnection.php(666): CodeIgniter\Database\MySQLi\Connection->execute('SELECT `kode_an...')
#2 D:\XAMPP\htdocs\KHDTK - experimental\vendor\codeigniter4\framework\system\Database\BaseConnection.php(593): CodeIgniter\Database\BaseConnection->simpleQuery('SELECT `kode_an...')
#3 D:\XAMPP\htdocs\KHDTK - experimental\vendor\codeigniter4\framework\system\Database\BaseBuilder.php(1585): CodeIgniter\Database\BaseConnection->query('SELECT `kode_an...', Array, false)
#4 D:\XAMPP\htdocs\KHDTK - experimental\app\Controllers\Test.php(16): CodeIgniter\Database\BaseBuilder->get()
#5 D:\XAMPP\htdocs\KHDTK - experimental\vendor\codeigniter4\framework\system\CodeIgniter.php(927): App\Controllers\Test->index()
#6 D:\XAMPP\htdocs\KHDTK - experimental\vendor\codeigniter4\framework\system\CodeIgniter.php(482): CodeIgniter\CodeIgniter->runController(Object(App\Controllers\Test))
#7 D:\XAMPP\htdocs\KHDTK - experimental\vendor\codeigniter4\framework\system\CodeIgniter.php(351): CodeIgniter\CodeIgniter->handleRequest(NULL, Object(Config\Cache), false)
#8 D:\XAMPP\htdocs\KHDTK - experimental\public\index.php(67): CodeIgniter\CodeIgniter->run()
#9 D:\XAMPP\htdocs\KHDTK - experimental\vendor\codeigniter4\framework\system\Commands\Server\rewrite.php(46): require_once('D:\\XAMPP\\htdocs...')
#10 {main}
CRITICAL - 2022-12-31 07:43:26 --> Unknown column 'kode_umt' in 'field list'
in SYSTEMPATH\Database\MySQLi\Connection.php on line 292.
 1 SYSTEMPATH\Database\MySQLi\Connection.php(292): mysqli->query('SELECT `kode_anak_petak`, `kode_anak_petak`, `kode_umt`
FROM `umt_anakpetak`', 0)
 2 SYSTEMPATH\Database\BaseConnection.php(666): CodeIgniter\Database\MySQLi\Connection->execute('SELECT `kode_anak_petak`, `kode_anak_petak`, `kode_umt`
FROM `umt_anakpetak`')
 3 SYSTEMPATH\Database\BaseConnection.php(593): CodeIgniter\Database\BaseConnection->simpleQuery('SELECT `kode_anak_petak`, `kode_anak_petak`, `kode_umt`
FROM `umt_anakpetak`')
 4 SYSTEMPATH\Database\BaseBuilder.php(1585): CodeIgniter\Database\BaseConnection->query('SELECT `kode_anak_petak`, `kode_anak_petak`, `kode_umt`
FROM `umt_anakpetak`', [], false)
 5 APPPATH\Controllers\Test.php(16): CodeIgniter\Database\BaseBuilder->get()
 6 SYSTEMPATH\CodeIgniter.php(927): App\Controllers\Test->index()
 7 SYSTEMPATH\CodeIgniter.php(482): CodeIgniter\CodeIgniter->runController(Object(App\Controllers\Test))
 8 SYSTEMPATH\CodeIgniter.php(351): CodeIgniter\CodeIgniter->handleRequest(null, Object(Config\Cache), false)
 9 FCPATH\index.php(67): CodeIgniter\CodeIgniter->run()
10 SYSTEMPATH\Commands\Server\rewrite.php(46): require_once('FCPATH\\index.php')
