CRITICAL - 2023-01-05 05:01:09 --> Undefined variable: penataankawasan
in APPPATH\Views\database\organisasi_kawasan.php on line 542.
 1 APPPATH\Views\database\organisasi_kawasan.php(542): CodeIgniter\Debug\Exceptions->errorHandler(8, 'Undefined variable: penataankawasan', 'APPPATH\\Views\\database\\organisasi_kawasan.php', 542, [...])
 2 SYSTEMPATH\View\View.php(213): include('APPPATH\\Views\\database\\organisasi_kawasan.php')
 3 SYSTEMPATH\View\View.php(216): CodeIgniter\View\View->CodeIgniter\View\{closure}()
 4 SYSTEMPATH\Common.php(1134): CodeIgniter\View\View->render('database/organisasi_kawasan', [], true)
 5 APPPATH\Controllers\OrganisasiKawasan.php(80): view('database/organisasi_kawasan', [...])
 6 SYSTEMPATH\CodeIgniter.php(927): App\Controllers\OrganisasiKawasan->savepk()
 7 SYSTEMPATH\CodeIgniter.php(482): CodeIgniter\CodeIgniter->runController(Object(App\Controllers\OrganisasiKawasan))
 8 SYSTEMPATH\CodeIgniter.php(351): CodeIgniter\CodeIgniter->handleRequest(null, Object(Config\Cache), false)
 9 FCPATH\index.php(67): CodeIgniter\CodeIgniter->run()
10 SYSTEMPATH\Commands\Server\rewrite.php(46): require_once('FCPATH\\index.php')
CRITICAL - 2023-01-05 05:21:30 --> Call to a member function getErrors() on null
in APPPATH\Controllers\OrganisasiKawasan.php on line 41.
 1 SYSTEMPATH\CodeIgniter.php(927): App\Controllers\OrganisasiKawasan->organisasi_kawasan()
 2 SYSTEMPATH\CodeIgniter.php(482): CodeIgniter\CodeIgniter->runController(Object(App\Controllers\OrganisasiKawasan))
 3 SYSTEMPATH\CodeIgniter.php(351): CodeIgniter\CodeIgniter->handleRequest(null, Object(Config\Cache), false)
 4 FCPATH\index.php(67): CodeIgniter\CodeIgniter->run()
 5 SYSTEMPATH\Commands\Server\rewrite.php(46): require_once('FCPATH\\index.php')
CRITICAL - 2023-01-05 05:21:38 --> Call to a member function getErrors() on null
in APPPATH\Controllers\OrganisasiKawasan.php on line 41.
 1 SYSTEMPATH\CodeIgniter.php(927): App\Controllers\OrganisasiKawasan->organisasi_kawasan()
 2 SYSTEMPATH\CodeIgniter.php(482): CodeIgniter\CodeIgniter->runController(Object(App\Controllers\OrganisasiKawasan))
 3 SYSTEMPATH\CodeIgniter.php(351): CodeIgniter\CodeIgniter->handleRequest(null, Object(Config\Cache), false)
 4 FCPATH\index.php(67): CodeIgniter\CodeIgniter->run()
 5 SYSTEMPATH\Commands\Server\rewrite.php(46): require_once('FCPATH\\index.php')
CRITICAL - 2023-01-05 05:21:41 --> Call to a member function getErrors() on null
in APPPATH\Controllers\OrganisasiKawasan.php on line 41.
 1 SYSTEMPATH\CodeIgniter.php(927): App\Controllers\OrganisasiKawasan->organisasi_kawasan()
 2 SYSTEMPATH\CodeIgniter.php(482): CodeIgniter\CodeIgniter->runController(Object(App\Controllers\OrganisasiKawasan))
 3 SYSTEMPATH\CodeIgniter.php(351): CodeIgniter\CodeIgniter->handleRequest(null, Object(Config\Cache), false)
 4 FCPATH\index.php(67): CodeIgniter\CodeIgniter->run()
 5 SYSTEMPATH\Commands\Server\rewrite.php(46): require_once('FCPATH\\index.php')
