CRITICAL - 2023-01-04 08:29:17 --> Allowed memory size of 536870912 bytes exhausted (tried to allocate 266342400 bytes)
in APPPATH\Views\database\struktur_umt.php on line 1193.
 1 [internal function]: CodeIgniter\Debug\Exceptions->shutdownHandler()
CRITICAL - 2023-01-04 08:30:20 --> Allowed memory size of 536870912 bytes exhausted (tried to allocate 266342400 bytes)
in APPPATH\Views\database\struktur_umt.php on line 1193.
 1 [internal function]: CodeIgniter\Debug\Exceptions->shutdownHandler()
CRITICAL - 2023-01-04 08:33:32 --> Allowed memory size of 536870912 bytes exhausted (tried to allocate 266342400 bytes)
in APPPATH\Views\database\struktur_umt.php on line 1193.
 1 [internal function]: CodeIgniter\Debug\Exceptions->shutdownHandler()
CRITICAL - 2023-01-04 08:35:07 --> Allowed memory size of 536870912 bytes exhausted (tried to allocate 266342400 bytes)
in APPPATH\Views\database\struktur_umt.php on line 1193.
 1 [internal function]: CodeIgniter\Debug\Exceptions->shutdownHandler()
CRITICAL - 2023-01-04 08:38:55 --> Allowed memory size of 536870912 bytes exhausted (tried to allocate 266342400 bytes)
in APPPATH\Views\database\struktur_umt.php on line 1193.
 1 [internal function]: CodeIgniter\Debug\Exceptions->shutdownHandler()
CRITICAL - 2023-01-04 08:43:25 --> Allowed memory size of 536870912 bytes exhausted (tried to allocate 266342400 bytes)
in APPPATH\Views\database\struktur_umt.php on line 1193.
 1 [internal function]: CodeIgniter\Debug\Exceptions->shutdownHandler()
CRITICAL - 2023-01-04 08:58:06 --> Allowed memory size of 536870912 bytes exhausted (tried to allocate 266342400 bytes)
in APPPATH\Views\database\struktur_umt.php on line 1193.
 1 [internal function]: CodeIgniter\Debug\Exceptions->shutdownHandler()
CRITICAL - 2023-01-04 09:08:29 --> Allowed memory size of 536870912 bytes exhausted (tried to allocate 266342400 bytes)
in APPPATH\Views\database\struktur_umt.php on line 1189.
 1 [internal function]: CodeIgniter\Debug\Exceptions->shutdownHandler()
CRITICAL - 2023-01-04 09:10:43 --> Allowed memory size of 536870912 bytes exhausted (tried to allocate 266342400 bytes)
in APPPATH\Views\database\struktur_umt.php on line 1193.
 1 [internal function]: CodeIgniter\Debug\Exceptions->shutdownHandler()
CRITICAL - 2023-01-04 10:11:35 --> Undefined property: stdClass::$kodeanakpe
in APPPATH\Controllers\Maps.php on line 30.
 1 APPPATH\Controllers\Maps.php(30): CodeIgniter\Debug\Exceptions->errorHandler(8, 'Undefined property: stdClass::$kodeanakpe', 'APPPATH\\Controllers\\Maps.php', 30, [...])
 2 SYSTEMPATH\CodeIgniter.php(927): App\Controllers\Maps->index()
 3 SYSTEMPATH\CodeIgniter.php(482): CodeIgniter\CodeIgniter->runController(Object(App\Controllers\Maps))
 4 SYSTEMPATH\CodeIgniter.php(351): CodeIgniter\CodeIgniter->handleRequest(null, Object(Config\Cache), false)
 5 FCPATH\index.php(67): CodeIgniter\CodeIgniter->run()
 6 SYSTEMPATH\Commands\Server\rewrite.php(46): require_once('FCPATH\\index.php')
