CRITICAL - 2023-01-18 05:15:55 --> Trying to access array offset on value of type null
in APPPATH\Views\apps\maps_detail.php on line 633.
 1 APPPATH\Views\apps\maps_detail.php(633): CodeIgniter\Debug\Exceptions->errorHandler(8, 'Trying to access array offset on value of type null', 'APPPATH\\Views\\apps\\maps_detail.php', 633, [...])
 2 SYSTEMPATH\View\View.php(213): include('APPPATH\\Views\\apps\\maps_detail.php')
 3 SYSTEMPATH\View\View.php(216): CodeIgniter\View\View->CodeIgniter\View\{closure}()
 4 SYSTEMPATH\Common.php(1134): CodeIgniter\View\View->render('apps/maps_detail', [], true)
 5 APPPATH\Controllers\DetailMaps.php(74): view('apps/maps_detail', [...])
 6 SYSTEMPATH\CodeIgniter.php(927): App\Controllers\DetailMaps->index('786')
 7 SYSTEMPATH\CodeIgniter.php(482): CodeIgniter\CodeIgniter->runController(Object(App\Controllers\DetailMaps))
 8 SYSTEMPATH\CodeIgniter.php(351): CodeIgniter\CodeIgniter->handleRequest(null, Object(Config\Cache), false)
 9 FCPATH\index.php(67): CodeIgniter\CodeIgniter->run()
10 SYSTEMPATH\Commands\Server\rewrite.php(46): require_once('FCPATH\\index.php')
CRITICAL - 2023-01-18 05:16:43 --> Trying to access array offset on value of type null
in APPPATH\Views\apps\maps_detail.php on line 633.
 1 APPPATH\Views\apps\maps_detail.php(633): CodeIgniter\Debug\Exceptions->errorHandler(8, 'Trying to access array offset on value of type null', 'APPPATH\\Views\\apps\\maps_detail.php', 633, [...])
 2 SYSTEMPATH\View\View.php(213): include('APPPATH\\Views\\apps\\maps_detail.php')
 3 SYSTEMPATH\View\View.php(216): CodeIgniter\View\View->CodeIgniter\View\{closure}()
 4 SYSTEMPATH\Common.php(1134): CodeIgniter\View\View->render('apps/maps_detail', [], true)
 5 APPPATH\Controllers\DetailMaps.php(74): view('apps/maps_detail', [...])
 6 SYSTEMPATH\CodeIgniter.php(927): App\Controllers\DetailMaps->index('1168')
 7 SYSTEMPATH\CodeIgniter.php(482): CodeIgniter\CodeIgniter->runController(Object(App\Controllers\DetailMaps))
 8 SYSTEMPATH\CodeIgniter.php(351): CodeIgniter\CodeIgniter->handleRequest(null, Object(Config\Cache), false)
 9 FCPATH\index.php(67): CodeIgniter\CodeIgniter->run()
10 SYSTEMPATH\Commands\Server\rewrite.php(46): require_once('FCPATH\\index.php')
CRITICAL - 2023-01-18 06:45:50 --> Undefined index: id
in APPPATH\Views\apps\maps_detail.php on line 1194.
 1 APPPATH\Views\apps\maps_detail.php(1194): CodeIgniter\Debug\Exceptions->errorHandler(8, 'Undefined index: id', 'APPPATH\\Views\\apps\\maps_detail.php', 1194, [...])
 2 SYSTEMPATH\View\View.php(213): include('APPPATH\\Views\\apps\\maps_detail.php')
 3 SYSTEMPATH\View\View.php(216): CodeIgniter\View\View->CodeIgniter\View\{closure}()
 4 SYSTEMPATH\Common.php(1134): CodeIgniter\View\View->render('apps/maps_detail', [], true)
 5 APPPATH\Controllers\DetailMaps.php(74): view('apps/maps_detail', [...])
 6 SYSTEMPATH\CodeIgniter.php(927): App\Controllers\DetailMaps->index('969')
 7 SYSTEMPATH\CodeIgniter.php(482): CodeIgniter\CodeIgniter->runController(Object(App\Controllers\DetailMaps))
 8 SYSTEMPATH\CodeIgniter.php(351): CodeIgniter\CodeIgniter->handleRequest(null, Object(Config\Cache), false)
 9 FCPATH\index.php(67): CodeIgniter\CodeIgniter->run()
10 SYSTEMPATH\Commands\Server\rewrite.php(46): require_once('FCPATH\\index.php')
CRITICAL - 2023-01-18 07:56:43 --> Array to string conversion
in APPPATH\Views\apps\maps_detail.php on line 1070.
 1 APPPATH\Views\apps\maps_detail.php(1070): CodeIgniter\Debug\Exceptions->errorHandler(8, 'Array to string conversion', 'APPPATH\\Views\\apps\\maps_detail.php', 1070, [...])
 2 SYSTEMPATH\View\View.php(213): include('APPPATH\\Views\\apps\\maps_detail.php')
 3 SYSTEMPATH\View\View.php(216): CodeIgniter\View\View->CodeIgniter\View\{closure}()
 4 SYSTEMPATH\Common.php(1134): CodeIgniter\View\View->render('apps/maps_detail', [], true)
 5 APPPATH\Controllers\DetailMaps.php(79): view('apps/maps_detail', [...])
 6 SYSTEMPATH\CodeIgniter.php(927): App\Controllers\DetailMaps->index('969')
 7 SYSTEMPATH\CodeIgniter.php(482): CodeIgniter\CodeIgniter->runController(Object(App\Controllers\DetailMaps))
 8 SYSTEMPATH\CodeIgniter.php(351): CodeIgniter\CodeIgniter->handleRequest(null, Object(Config\Cache), false)
 9 FCPATH\index.php(67): CodeIgniter\CodeIgniter->run()
10 SYSTEMPATH\Commands\Server\rewrite.php(46): require_once('FCPATH\\index.php')
CRITICAL - 2023-01-18 07:57:49 --> Object of class stdClass could not be converted to string
in APPPATH\Views\apps\maps_detail.php on line 1070.
 1 SYSTEMPATH\View\View.php(213): include()
 2 SYSTEMPATH\View\View.php(216): CodeIgniter\View\View->CodeIgniter\View\{closure}()
 3 SYSTEMPATH\Common.php(1134): CodeIgniter\View\View->render('apps/maps_detail', [], true)
 4 APPPATH\Controllers\DetailMaps.php(79): view('apps/maps_detail', [...])
 5 SYSTEMPATH\CodeIgniter.php(927): App\Controllers\DetailMaps->index('969')
 6 SYSTEMPATH\CodeIgniter.php(482): CodeIgniter\CodeIgniter->runController(Object(App\Controllers\DetailMaps))
 7 SYSTEMPATH\CodeIgniter.php(351): CodeIgniter\CodeIgniter->handleRequest(null, Object(Config\Cache), false)
 8 FCPATH\index.php(67): CodeIgniter\CodeIgniter->run()
 9 SYSTEMPATH\Commands\Server\rewrite.php(46): require_once('FCPATH\\index.php')
CRITICAL - 2023-01-18 07:58:03 --> Array to string conversion
in APPPATH\Views\apps\maps_detail.php on line 1070.
 1 APPPATH\Views\apps\maps_detail.php(1070): CodeIgniter\Debug\Exceptions->errorHandler(8, 'Array to string conversion', 'APPPATH\\Views\\apps\\maps_detail.php', 1070, [...])
 2 SYSTEMPATH\View\View.php(213): include('APPPATH\\Views\\apps\\maps_detail.php')
 3 SYSTEMPATH\View\View.php(216): CodeIgniter\View\View->CodeIgniter\View\{closure}()
 4 SYSTEMPATH\Common.php(1134): CodeIgniter\View\View->render('apps/maps_detail', [], true)
 5 APPPATH\Controllers\DetailMaps.php(79): view('apps/maps_detail', [...])
 6 SYSTEMPATH\CodeIgniter.php(927): App\Controllers\DetailMaps->index('969')
 7 SYSTEMPATH\CodeIgniter.php(482): CodeIgniter\CodeIgniter->runController(Object(App\Controllers\DetailMaps))
 8 SYSTEMPATH\CodeIgniter.php(351): CodeIgniter\CodeIgniter->handleRequest(null, Object(Config\Cache), false)
 9 FCPATH\index.php(67): CodeIgniter\CodeIgniter->run()
10 SYSTEMPATH\Commands\Server\rewrite.php(46): require_once('FCPATH\\index.php')
CRITICAL - 2023-01-18 07:58:14 --> Array to string conversion
in APPPATH\Views\apps\maps_detail.php on line 1070.
 1 APPPATH\Views\apps\maps_detail.php(1070): CodeIgniter\Debug\Exceptions->errorHandler(8, 'Array to string conversion', 'APPPATH\\Views\\apps\\maps_detail.php', 1070, [...])
 2 SYSTEMPATH\View\View.php(213): include('APPPATH\\Views\\apps\\maps_detail.php')
 3 SYSTEMPATH\View\View.php(216): CodeIgniter\View\View->CodeIgniter\View\{closure}()
 4 SYSTEMPATH\Common.php(1134): CodeIgniter\View\View->render('apps/maps_detail', [], true)
 5 APPPATH\Controllers\DetailMaps.php(79): view('apps/maps_detail', [...])
 6 SYSTEMPATH\CodeIgniter.php(927): App\Controllers\DetailMaps->index('969')
 7 SYSTEMPATH\CodeIgniter.php(482): CodeIgniter\CodeIgniter->runController(Object(App\Controllers\DetailMaps))
 8 SYSTEMPATH\CodeIgniter.php(351): CodeIgniter\CodeIgniter->handleRequest(null, Object(Config\Cache), false)
 9 FCPATH\index.php(67): CodeIgniter\CodeIgniter->run()
10 SYSTEMPATH\Commands\Server\rewrite.php(46): require_once('FCPATH\\index.php')
CRITICAL - 2023-01-18 08:56:54 --> Undefined index: persen_sawan
in APPPATH\Views\apps\maps_detail.php on line 1250.
 1 APPPATH\Views\apps\maps_detail.php(1250): CodeIgniter\Debug\Exceptions->errorHandler(8, 'Undefined index: persen_sawan', 'APPPATH\\Views\\apps\\maps_detail.php', 1250, [...])
 2 SYSTEMPATH\View\View.php(213): include('APPPATH\\Views\\apps\\maps_detail.php')
 3 SYSTEMPATH\View\View.php(216): CodeIgniter\View\View->CodeIgniter\View\{closure}()
 4 SYSTEMPATH\Common.php(1134): CodeIgniter\View\View->render('apps/maps_detail', [], true)
 5 APPPATH\Controllers\DetailMaps.php(89): view('apps/maps_detail', [...])
 6 SYSTEMPATH\CodeIgniter.php(927): App\Controllers\DetailMaps->index('969')
 7 SYSTEMPATH\CodeIgniter.php(482): CodeIgniter\CodeIgniter->runController(Object(App\Controllers\DetailMaps))
 8 SYSTEMPATH\CodeIgniter.php(351): CodeIgniter\CodeIgniter->handleRequest(null, Object(Config\Cache), false)
 9 FCPATH\index.php(67): CodeIgniter\CodeIgniter->run()
10 SYSTEMPATH\Commands\Server\rewrite.php(46): require_once('FCPATH\\index.php')
CRITICAL - 2023-01-18 09:33:01 --> Undefined index: persen_jalan
in APPPATH\Views\apps\maps_detail.php on line 744.
 1 APPPATH\Views\apps\maps_detail.php(744): CodeIgniter\Debug\Exceptions->errorHandler(8, 'Undefined index: persen_jalan', 'APPPATH\\Views\\apps\\maps_detail.php', 744, [...])
 2 SYSTEMPATH\View\View.php(213): include('APPPATH\\Views\\apps\\maps_detail.php')
 3 SYSTEMPATH\View\View.php(216): CodeIgniter\View\View->CodeIgniter\View\{closure}()
 4 SYSTEMPATH\Common.php(1134): CodeIgniter\View\View->render('apps/maps_detail', [], true)
 5 APPPATH\Controllers\DetailMaps.php(89): view('apps/maps_detail', [...])
 6 SYSTEMPATH\CodeIgniter.php(927): App\Controllers\DetailMaps->index('969')
 7 SYSTEMPATH\CodeIgniter.php(482): CodeIgniter\CodeIgniter->runController(Object(App\Controllers\DetailMaps))
 8 SYSTEMPATH\CodeIgniter.php(351): CodeIgniter\CodeIgniter->handleRequest(null, Object(Config\Cache), false)
 9 FCPATH\index.php(67): CodeIgniter\CodeIgniter->run()
10 SYSTEMPATH\Commands\Server\rewrite.php(46): require_once('FCPATH\\index.php')
