CRITICAL - 2022-12-04 12:08:57 --> Undefined variable: title
in APPPATH\Views\maps\main_maps.php on line 8.
 1 APPPATH\Views\maps\main_maps.php(8): CodeIgniter\Debug\Exceptions->errorHandler(8, 'Undefined variable: title', 'APPPATH\\Views\\maps\\main_maps.php', 8, [])
 2 SYSTEMPATH\View\View.php(213): include('APPPATH\\Views\\maps\\main_maps.php')
 3 SYSTEMPATH\View\View.php(216): CodeIgniter\View\View->CodeIgniter\View\{closure}()
 4 SYSTEMPATH\Common.php(1134): CodeIgniter\View\View->render('maps/main_maps', [], true)
 5 APPPATH\Controllers\Maps.php(9): view('maps/main_maps')
 6 SYSTEMPATH\CodeIgniter.php(927): App\Controllers\Maps->index()
 7 SYSTEMPATH\CodeIgniter.php(482): CodeIgniter\CodeIgniter->runController(Object(App\Controllers\Maps))
 8 SYSTEMPATH\CodeIgniter.php(351): CodeIgniter\CodeIgniter->handleRequest(null, Object(Config\Cache), false)
 9 FCPATH\index.php(67): CodeIgniter\CodeIgniter->run()
10 SYSTEMPATH\Commands\Server\rewrite.php(46): require_once('FCPATH\\index.php')
CRITICAL - 2022-12-04 12:10:39 --> Undefined variable: title
in APPPATH\Views\maps\main_maps.php on line 8.
 1 APPPATH\Views\maps\main_maps.php(8): CodeIgniter\Debug\Exceptions->errorHandler(8, 'Undefined variable: title', 'APPPATH\\Views\\maps\\main_maps.php', 8, [])
 2 SYSTEMPATH\View\View.php(213): include('APPPATH\\Views\\maps\\main_maps.php')
 3 SYSTEMPATH\View\View.php(216): CodeIgniter\View\View->CodeIgniter\View\{closure}()
 4 SYSTEMPATH\Common.php(1134): CodeIgniter\View\View->render('maps/main_maps', [], true)
 5 APPPATH\Controllers\Maps.php(12): view('maps/main_maps')
 6 SYSTEMPATH\CodeIgniter.php(927): App\Controllers\Maps->index()
 7 SYSTEMPATH\CodeIgniter.php(482): CodeIgniter\CodeIgniter->runController(Object(App\Controllers\Maps))
 8 SYSTEMPATH\CodeIgniter.php(351): CodeIgniter\CodeIgniter->handleRequest(null, Object(Config\Cache), false)
 9 FCPATH\index.php(67): CodeIgniter\CodeIgniter->run()
10 SYSTEMPATH\Commands\Server\rewrite.php(46): require_once('FCPATH\\index.php')
CRITICAL - 2022-12-04 12:10:40 --> Undefined variable: title
in APPPATH\Views\maps\main_maps.php on line 8.
 1 APPPATH\Views\maps\main_maps.php(8): CodeIgniter\Debug\Exceptions->errorHandler(8, 'Undefined variable: title', 'APPPATH\\Views\\maps\\main_maps.php', 8, [])
 2 SYSTEMPATH\View\View.php(213): include('APPPATH\\Views\\maps\\main_maps.php')
 3 SYSTEMPATH\View\View.php(216): CodeIgniter\View\View->CodeIgniter\View\{closure}()
 4 SYSTEMPATH\Common.php(1134): CodeIgniter\View\View->render('maps/main_maps', [], true)
 5 APPPATH\Controllers\Maps.php(12): view('maps/main_maps')
 6 SYSTEMPATH\CodeIgniter.php(927): App\Controllers\Maps->index()
 7 SYSTEMPATH\CodeIgniter.php(482): CodeIgniter\CodeIgniter->runController(Object(App\Controllers\Maps))
 8 SYSTEMPATH\CodeIgniter.php(351): CodeIgniter\CodeIgniter->handleRequest(null, Object(Config\Cache), false)
 9 FCPATH\index.php(67): CodeIgniter\CodeIgniter->run()
10 SYSTEMPATH\Commands\Server\rewrite.php(46): require_once('FCPATH\\index.php')
CRITICAL - 2022-12-04 12:10:41 --> Undefined variable: title
in APPPATH\Views\maps\main_maps.php on line 8.
 1 APPPATH\Views\maps\main_maps.php(8): CodeIgniter\Debug\Exceptions->errorHandler(8, 'Undefined variable: title', 'APPPATH\\Views\\maps\\main_maps.php', 8, [])
 2 SYSTEMPATH\View\View.php(213): include('APPPATH\\Views\\maps\\main_maps.php')
 3 SYSTEMPATH\View\View.php(216): CodeIgniter\View\View->CodeIgniter\View\{closure}()
 4 SYSTEMPATH\Common.php(1134): CodeIgniter\View\View->render('maps/main_maps', [], true)
 5 APPPATH\Controllers\Maps.php(12): view('maps/main_maps')
 6 SYSTEMPATH\CodeIgniter.php(927): App\Controllers\Maps->index()
 7 SYSTEMPATH\CodeIgniter.php(482): CodeIgniter\CodeIgniter->runController(Object(App\Controllers\Maps))
 8 SYSTEMPATH\CodeIgniter.php(351): CodeIgniter\CodeIgniter->handleRequest(null, Object(Config\Cache), false)
 9 FCPATH\index.php(67): CodeIgniter\CodeIgniter->run()
10 SYSTEMPATH\Commands\Server\rewrite.php(46): require_once('FCPATH\\index.php')
CRITICAL - 2022-12-04 12:10:42 --> Undefined variable: title
in APPPATH\Views\maps\main_maps.php on line 8.
 1 APPPATH\Views\maps\main_maps.php(8): CodeIgniter\Debug\Exceptions->errorHandler(8, 'Undefined variable: title', 'APPPATH\\Views\\maps\\main_maps.php', 8, [])
 2 SYSTEMPATH\View\View.php(213): include('APPPATH\\Views\\maps\\main_maps.php')
 3 SYSTEMPATH\View\View.php(216): CodeIgniter\View\View->CodeIgniter\View\{closure}()
 4 SYSTEMPATH\Common.php(1134): CodeIgniter\View\View->render('maps/main_maps', [], true)
 5 APPPATH\Controllers\Maps.php(12): view('maps/main_maps')
 6 SYSTEMPATH\CodeIgniter.php(927): App\Controllers\Maps->index()
 7 SYSTEMPATH\CodeIgniter.php(482): CodeIgniter\CodeIgniter->runController(Object(App\Controllers\Maps))
 8 SYSTEMPATH\CodeIgniter.php(351): CodeIgniter\CodeIgniter->handleRequest(null, Object(Config\Cache), false)
 9 FCPATH\index.php(67): CodeIgniter\CodeIgniter->run()
10 SYSTEMPATH\Commands\Server\rewrite.php(46): require_once('FCPATH\\index.php')
