CRITICAL - 2023-01-19 07:49:24 --> Trying to access array offset on value of type null
in APPPATH\Views\apps\maps_detail.php on line 683.
 1 APPPATH\Views\apps\maps_detail.php(683): CodeIgniter\Debug\Exceptions->errorHandler(8, 'Trying to access array offset on value of type null', 'APPPATH\\Views\\apps\\maps_detail.php', 683, [...])
 2 SYSTEMPATH\View\View.php(213): include('APPPATH\\Views\\apps\\maps_detail.php')
 3 SYSTEMPATH\View\View.php(216): CodeIgniter\View\View->CodeIgniter\View\{closure}()
 4 SYSTEMPATH\Common.php(1134): CodeIgniter\View\View->render('apps/maps_detail', [], true)
 5 APPPATH\Controllers\DetailMaps.php(89): view('apps/maps_detail', [...])
 6 SYSTEMPATH\CodeIgniter.php(927): App\Controllers\DetailMaps->index('62')
 7 SYSTEMPATH\CodeIgniter.php(482): CodeIgniter\CodeIgniter->runController(Object(App\Controllers\DetailMaps))
 8 SYSTEMPATH\CodeIgniter.php(351): CodeIgniter\CodeIgniter->handleRequest(null, Object(Config\Cache), false)
 9 FCPATH\index.php(67): CodeIgniter\CodeIgniter->run()
10 SYSTEMPATH\Commands\Server\rewrite.php(46): require_once('FCPATH\\index.php')
CRITICAL - 2023-01-19 07:50:51 --> Trying to access array offset on value of type null
in APPPATH\Views\apps\maps_detail.php on line 683.
 1 APPPATH\Views\apps\maps_detail.php(683): CodeIgniter\Debug\Exceptions->errorHandler(8, 'Trying to access array offset on value of type null', 'APPPATH\\Views\\apps\\maps_detail.php', 683, [...])
 2 SYSTEMPATH\View\View.php(213): include('APPPATH\\Views\\apps\\maps_detail.php')
 3 SYSTEMPATH\View\View.php(216): CodeIgniter\View\View->CodeIgniter\View\{closure}()
 4 SYSTEMPATH\Common.php(1134): CodeIgniter\View\View->render('apps/maps_detail', [], true)
 5 APPPATH\Controllers\DetailMaps.php(89): view('apps/maps_detail', [...])
 6 SYSTEMPATH\CodeIgniter.php(927): App\Controllers\DetailMaps->index('733')
 7 SYSTEMPATH\CodeIgniter.php(482): CodeIgniter\CodeIgniter->runController(Object(App\Controllers\DetailMaps))
 8 SYSTEMPATH\CodeIgniter.php(351): CodeIgniter\CodeIgniter->handleRequest(null, Object(Config\Cache), false)
 9 FCPATH\index.php(67): CodeIgniter\CodeIgniter->run()
10 SYSTEMPATH\Commands\Server\rewrite.php(46): require_once('FCPATH\\index.php')
CRITICAL - 2023-01-19 08:50:40 --> Undefined variable: baseurl
in APPPATH\Views\apps\dashboard.php on line 533.
 1 APPPATH\Views\apps\dashboard.php(533): CodeIgniter\Debug\Exceptions->errorHandler(8, 'Undefined variable: baseurl', 'APPPATH\\Views\\apps\\dashboard.php', 533, [...])
 2 SYSTEMPATH\View\View.php(213): include('APPPATH\\Views\\apps\\dashboard.php')
 3 SYSTEMPATH\View\View.php(216): CodeIgniter\View\View->CodeIgniter\View\{closure}()
 4 SYSTEMPATH\Common.php(1134): CodeIgniter\View\View->render('apps/dashboard', [], true)
 5 APPPATH\Controllers\Dashboard.php(14): view('apps/dashboard', [...])
 6 SYSTEMPATH\CodeIgniter.php(927): App\Controllers\Dashboard->index()
 7 SYSTEMPATH\CodeIgniter.php(482): CodeIgniter\CodeIgniter->runController(Object(App\Controllers\Dashboard))
 8 SYSTEMPATH\CodeIgniter.php(351): CodeIgniter\CodeIgniter->handleRequest(null, Object(Config\Cache), false)
 9 FCPATH\index.php(67): CodeIgniter\CodeIgniter->run()
10 SYSTEMPATH\Commands\Server\rewrite.php(46): require_once('FCPATH\\index.php')
CRITICAL - 2023-01-19 09:14:51 --> Undefined index: jagung
in APPPATH\Views\apps\dashboard.php on line 570.
 1 APPPATH\Views\apps\dashboard.php(570): CodeIgniter\Debug\Exceptions->errorHandler(8, 'Undefined index: jagung', 'APPPATH\\Views\\apps\\dashboard.php', 570, [...])
 2 SYSTEMPATH\View\View.php(213): include('APPPATH\\Views\\apps\\dashboard.php')
 3 SYSTEMPATH\View\View.php(216): CodeIgniter\View\View->CodeIgniter\View\{closure}()
 4 SYSTEMPATH\Common.php(1134): CodeIgniter\View\View->render('apps/dashboard', [], true)
 5 APPPATH\Controllers\Dashboard.php(31): view('apps/dashboard', [...])
 6 SYSTEMPATH\CodeIgniter.php(927): App\Controllers\Dashboard->index()
 7 SYSTEMPATH\CodeIgniter.php(482): CodeIgniter\CodeIgniter->runController(Object(App\Controllers\Dashboard))
 8 SYSTEMPATH\CodeIgniter.php(351): CodeIgniter\CodeIgniter->handleRequest(null, Object(Config\Cache), false)
 9 FCPATH\index.php(67): CodeIgniter\CodeIgniter->run()
10 SYSTEMPATH\Commands\Server\rewrite.php(46): require_once('FCPATH\\index.php')
CRITICAL - 2023-01-19 10:07:45 --> Trying to access array offset on value of type null
in APPPATH\Views\apps\maps_detail.php on line 683.
 1 APPPATH\Views\apps\maps_detail.php(683): CodeIgniter\Debug\Exceptions->errorHandler(8, 'Trying to access array offset on value of type null', 'APPPATH\\Views\\apps\\maps_detail.php', 683, [...])
 2 SYSTEMPATH\View\View.php(213): include('APPPATH\\Views\\apps\\maps_detail.php')
 3 SYSTEMPATH\View\View.php(216): CodeIgniter\View\View->CodeIgniter\View\{closure}()
 4 SYSTEMPATH\Common.php(1134): CodeIgniter\View\View->render('apps/maps_detail', [], true)
 5 APPPATH\Controllers\DetailMaps.php(89): view('apps/maps_detail', [...])
 6 SYSTEMPATH\CodeIgniter.php(927): App\Controllers\DetailMaps->index('686')
 7 SYSTEMPATH\CodeIgniter.php(482): CodeIgniter\CodeIgniter->runController(Object(App\Controllers\DetailMaps))
 8 SYSTEMPATH\CodeIgniter.php(351): CodeIgniter\CodeIgniter->handleRequest(null, Object(Config\Cache), false)
 9 FCPATH\index.php(67): CodeIgniter\CodeIgniter->run()
10 SYSTEMPATH\Commands\Server\rewrite.php(46): require_once('FCPATH\\index.php')
CRITICAL - 2023-01-19 11:05:42 --> Undefined variable: chart
in APPPATH\Views\template\dashboard.php on line 166.
 1 APPPATH\Views\template\dashboard.php(166): CodeIgniter\Debug\Exceptions->errorHandler(8, 'Undefined variable: chart', 'APPPATH\\Views\\template\\dashboard.php', 166, [...])
 2 SYSTEMPATH\View\View.php(213): include('APPPATH\\Views\\template\\dashboard.php')
 3 SYSTEMPATH\View\View.php(216): CodeIgniter\View\View->CodeIgniter\View\{closure}()
 4 SYSTEMPATH\View\View.php(229): CodeIgniter\View\View->render('template/dashboard', [], true)
 5 SYSTEMPATH\Common.php(1134): CodeIgniter\View\View->render('pages/changelog', [], true)
 6 APPPATH\Controllers\Dashboard.php(72): view('pages/changelog', [...])
 7 SYSTEMPATH\CodeIgniter.php(927): App\Controllers\Dashboard->changelog()
 8 SYSTEMPATH\CodeIgniter.php(482): CodeIgniter\CodeIgniter->runController(Object(App\Controllers\Dashboard))
 9 SYSTEMPATH\CodeIgniter.php(351): CodeIgniter\CodeIgniter->handleRequest(null, Object(Config\Cache), false)
10 FCPATH\index.php(67): CodeIgniter\CodeIgniter->run()
11 SYSTEMPATH\Commands\Server\rewrite.php(46): require_once('FCPATH\\index.php')
